CRITICAL - 2023-04-24 13:49:37 --> Undefined variable $received
in APPPATH\Views\request.php on line 149.
 1 APPPATH\Views\request.php(149): CodeIgniter\Debug\Exceptions->errorHandler(2, 'Undefined variable $received', 'APPPATH\\Views\\request.php', 149)
 2 SYSTEMPATH\View\View.php(213): include('APPPATH\\Views\\request.php')
 3 SYSTEMPATH\View\View.php(216): CodeIgniter\View\View->CodeIgniter\View\{closure}()
 4 SYSTEMPATH\Common.php(1134): CodeIgniter\View\View->render('request', [], true)
 5 APPPATH\Controllers\RequestController.php(12): view('request')
 6 SYSTEMPATH\CodeIgniter.php(927): App\Controllers\RequestController->index()
 7 SYSTEMPATH\CodeIgniter.php(482): CodeIgniter\CodeIgniter->runController(Object(App\Controllers\RequestController))
 8 SYSTEMPATH\CodeIgniter.php(351): CodeIgniter\CodeIgniter->handleRequest(null, Object(Config\Cache), false)
 9 FCPATH\index.php(67): CodeIgniter\CodeIgniter->run()
CRITICAL - 2023-04-24 13:51:08 --> Undefined variable $received
in APPPATH\Views\request.php on line 149.
 1 APPPATH\Views\request.php(149): CodeIgniter\Debug\Exceptions->errorHandler(2, 'Undefined variable $received', 'APPPATH\\Views\\request.php', 149)
 2 SYSTEMPATH\View\View.php(213): include('APPPATH\\Views\\request.php')
 3 SYSTEMPATH\View\View.php(216): CodeIgniter\View\View->CodeIgniter\View\{closure}()
 4 SYSTEMPATH\Common.php(1134): CodeIgniter\View\View->render('request', [], true)
 5 APPPATH\Controllers\RequestController.php(12): view('request')
 6 SYSTEMPATH\CodeIgniter.php(927): App\Controllers\RequestController->index()
 7 SYSTEMPATH\CodeIgniter.php(482): CodeIgniter\CodeIgniter->runController(Object(App\Controllers\RequestController))
 8 SYSTEMPATH\CodeIgniter.php(351): CodeIgniter\CodeIgniter->handleRequest(null, Object(Config\Cache), false)
 9 FCPATH\index.php(67): CodeIgniter\CodeIgniter->run()
CRITICAL - 2023-04-24 13:51:29 --> Undefined variable $received
in APPPATH\Views\request.php on line 149.
 1 APPPATH\Views\request.php(149): CodeIgniter\Debug\Exceptions->errorHandler(2, 'Undefined variable $received', 'APPPATH\\Views\\request.php', 149)
 2 SYSTEMPATH\View\View.php(213): include('APPPATH\\Views\\request.php')
 3 SYSTEMPATH\View\View.php(216): CodeIgniter\View\View->CodeIgniter\View\{closure}()
 4 SYSTEMPATH\Common.php(1134): CodeIgniter\View\View->render('request', [], true)
 5 APPPATH\Controllers\RequestController.php(12): view('request')
 6 SYSTEMPATH\CodeIgniter.php(927): App\Controllers\RequestController->index()
 7 SYSTEMPATH\CodeIgniter.php(482): CodeIgniter\CodeIgniter->runController(Object(App\Controllers\RequestController))
 8 SYSTEMPATH\CodeIgniter.php(351): CodeIgniter\CodeIgniter->handleRequest(null, Object(Config\Cache), false)
 9 FCPATH\index.php(67): CodeIgniter\CodeIgniter->run()
CRITICAL - 2023-04-24 13:51:30 --> Undefined variable $received
in APPPATH\Views\request.php on line 149.
 1 APPPATH\Views\request.php(149): CodeIgniter\Debug\Exceptions->errorHandler(2, 'Undefined variable $received', 'APPPATH\\Views\\request.php', 149)
 2 SYSTEMPATH\View\View.php(213): include('APPPATH\\Views\\request.php')
 3 SYSTEMPATH\View\View.php(216): CodeIgniter\View\View->CodeIgniter\View\{closure}()
 4 SYSTEMPATH\Common.php(1134): CodeIgniter\View\View->render('request', [], true)
 5 APPPATH\Controllers\RequestController.php(12): view('request')
 6 SYSTEMPATH\CodeIgniter.php(927): App\Controllers\RequestController->index()
 7 SYSTEMPATH\CodeIgniter.php(482): CodeIgniter\CodeIgniter->runController(Object(App\Controllers\RequestController))
 8 SYSTEMPATH\CodeIgniter.php(351): CodeIgniter\CodeIgniter->handleRequest(null, Object(Config\Cache), false)
 9 FCPATH\index.php(67): CodeIgniter\CodeIgniter->run()
CRITICAL - 2023-04-24 13:51:49 --> Undefined variable $received
in APPPATH\Views\request.php on line 149.
 1 APPPATH\Views\request.php(149): CodeIgniter\Debug\Exceptions->errorHandler(2, 'Undefined variable $received', 'APPPATH\\Views\\request.php', 149)
 2 SYSTEMPATH\View\View.php(213): include('APPPATH\\Views\\request.php')
 3 SYSTEMPATH\View\View.php(216): CodeIgniter\View\View->CodeIgniter\View\{closure}()
 4 SYSTEMPATH\Common.php(1134): CodeIgniter\View\View->render('request', [], true)
 5 APPPATH\Controllers\RequestController.php(12): view('request')
 6 SYSTEMPATH\CodeIgniter.php(927): App\Controllers\RequestController->index()
 7 SYSTEMPATH\CodeIgniter.php(482): CodeIgniter\CodeIgniter->runController(Object(App\Controllers\RequestController))
 8 SYSTEMPATH\CodeIgniter.php(351): CodeIgniter\CodeIgniter->handleRequest(null, Object(Config\Cache), false)
 9 FCPATH\index.php(67): CodeIgniter\CodeIgniter->run()
CRITICAL - 2023-04-24 13:51:52 --> Undefined variable $received
in APPPATH\Views\request.php on line 149.
 1 APPPATH\Views\request.php(149): CodeIgniter\Debug\Exceptions->errorHandler(2, 'Undefined variable $received', 'APPPATH\\Views\\request.php', 149)
 2 SYSTEMPATH\View\View.php(213): include('APPPATH\\Views\\request.php')
 3 SYSTEMPATH\View\View.php(216): CodeIgniter\View\View->CodeIgniter\View\{closure}()
 4 SYSTEMPATH\Common.php(1134): CodeIgniter\View\View->render('request', [], true)
 5 APPPATH\Controllers\RequestController.php(12): view('request')
 6 SYSTEMPATH\CodeIgniter.php(927): App\Controllers\RequestController->index()
 7 SYSTEMPATH\CodeIgniter.php(482): CodeIgniter\CodeIgniter->runController(Object(App\Controllers\RequestController))
 8 SYSTEMPATH\CodeIgniter.php(351): CodeIgniter\CodeIgniter->handleRequest(null, Object(Config\Cache), false)
 9 FCPATH\index.php(67): CodeIgniter\CodeIgniter->run()
CRITICAL - 2023-04-24 13:53:15 --> Undefined variable $received
in APPPATH\Views\request.php on line 149.
 1 APPPATH\Views\request.php(149): CodeIgniter\Debug\Exceptions->errorHandler(2, 'Undefined variable $received', 'APPPATH\\Views\\request.php', 149)
 2 SYSTEMPATH\View\View.php(213): include('APPPATH\\Views\\request.php')
 3 SYSTEMPATH\View\View.php(216): CodeIgniter\View\View->CodeIgniter\View\{closure}()
 4 SYSTEMPATH\Common.php(1134): CodeIgniter\View\View->render('request', [], true)
 5 APPPATH\Controllers\RequestController.php(12): view('request')
 6 SYSTEMPATH\CodeIgniter.php(927): App\Controllers\RequestController->index()
 7 SYSTEMPATH\CodeIgniter.php(482): CodeIgniter\CodeIgniter->runController(Object(App\Controllers\RequestController))
 8 SYSTEMPATH\CodeIgniter.php(351): CodeIgniter\CodeIgniter->handleRequest(null, Object(Config\Cache), false)
 9 FCPATH\index.php(67): CodeIgniter\CodeIgniter->run()
CRITICAL - 2023-04-24 13:53:18 --> Undefined variable $received
in APPPATH\Views\request.php on line 149.
 1 APPPATH\Views\request.php(149): CodeIgniter\Debug\Exceptions->errorHandler(2, 'Undefined variable $received', 'APPPATH\\Views\\request.php', 149)
 2 SYSTEMPATH\View\View.php(213): include('APPPATH\\Views\\request.php')
 3 SYSTEMPATH\View\View.php(216): CodeIgniter\View\View->CodeIgniter\View\{closure}()
 4 SYSTEMPATH\Common.php(1134): CodeIgniter\View\View->render('request', [], true)
 5 APPPATH\Controllers\RequestController.php(12): view('request')
 6 SYSTEMPATH\CodeIgniter.php(927): App\Controllers\RequestController->index()
 7 SYSTEMPATH\CodeIgniter.php(482): CodeIgniter\CodeIgniter->runController(Object(App\Controllers\RequestController))
 8 SYSTEMPATH\CodeIgniter.php(351): CodeIgniter\CodeIgniter->handleRequest(null, Object(Config\Cache), false)
 9 FCPATH\index.php(67): CodeIgniter\CodeIgniter->run()
CRITICAL - 2023-04-24 13:56:39 --> Undefined variable $received
in APPPATH\Views\request.php on line 149.
 1 APPPATH\Views\request.php(149): CodeIgniter\Debug\Exceptions->errorHandler(2, 'Undefined variable $received', 'APPPATH\\Views\\request.php', 149)
 2 SYSTEMPATH\View\View.php(213): include('APPPATH\\Views\\request.php')
 3 SYSTEMPATH\View\View.php(216): CodeIgniter\View\View->CodeIgniter\View\{closure}()
 4 SYSTEMPATH\Common.php(1134): CodeIgniter\View\View->render('request', [], true)
 5 APPPATH\Controllers\RequestController.php(12): view('request')
 6 SYSTEMPATH\CodeIgniter.php(927): App\Controllers\RequestController->index()
 7 SYSTEMPATH\CodeIgniter.php(482): CodeIgniter\CodeIgniter->runController(Object(App\Controllers\RequestController))
 8 SYSTEMPATH\CodeIgniter.php(351): CodeIgniter\CodeIgniter->handleRequest(null, Object(Config\Cache), false)
 9 FCPATH\index.php(67): CodeIgniter\CodeIgniter->run()
