CRITICAL - 2023-04-25 16:00:20 --> Call to undefined method CodeIgniter\Database\MySQLi\Result::get()
in APPPATH\Controllers\RequestController.php on line 49.
 1 SYSTEMPATH\CodeIgniter.php(927): App\Controllers\RequestController->getReceivedRequests()
 2 SYSTEMPATH\CodeIgniter.php(482): CodeIgniter\CodeIgniter->runController(Object(App\Controllers\RequestController))
 3 SYSTEMPATH\CodeIgniter.php(351): CodeIgniter\CodeIgniter->handleRequest(null, Object(Config\Cache), false)
 4 FCPATH\index.php(67): CodeIgniter\CodeIgniter->run()
CRITICAL - 2023-04-25 16:00:26 --> Call to undefined method CodeIgniter\Database\MySQLi\Result::get()
in APPPATH\Controllers\RequestController.php on line 49.
 1 SYSTEMPATH\CodeIgniter.php(927): App\Controllers\RequestController->getReceivedRequests()
 2 SYSTEMPATH\CodeIgniter.php(482): CodeIgniter\CodeIgniter->runController(Object(App\Controllers\RequestController))
 3 SYSTEMPATH\CodeIgniter.php(351): CodeIgniter\CodeIgniter->handleRequest(null, Object(Config\Cache), false)
 4 FCPATH\index.php(67): CodeIgniter\CodeIgniter->run()
CRITICAL - 2023-04-25 16:00:53 --> Call to undefined method CodeIgniter\Database\MySQLi\Result::get()
in APPPATH\Controllers\RequestController.php on line 49.
 1 SYSTEMPATH\CodeIgniter.php(927): App\Controllers\RequestController->getReceivedRequests()
 2 SYSTEMPATH\CodeIgniter.php(482): CodeIgniter\CodeIgniter->runController(Object(App\Controllers\RequestController))
 3 SYSTEMPATH\CodeIgniter.php(351): CodeIgniter\CodeIgniter->handleRequest(null, Object(Config\Cache), false)
 4 FCPATH\index.php(67): CodeIgniter\CodeIgniter->run()
CRITICAL - 2023-04-25 16:00:55 --> Call to undefined method CodeIgniter\Database\MySQLi\Result::get()
in APPPATH\Controllers\RequestController.php on line 49.
 1 SYSTEMPATH\CodeIgniter.php(927): App\Controllers\RequestController->getReceivedRequests()
 2 SYSTEMPATH\CodeIgniter.php(482): CodeIgniter\CodeIgniter->runController(Object(App\Controllers\RequestController))
 3 SYSTEMPATH\CodeIgniter.php(351): CodeIgniter\CodeIgniter->handleRequest(null, Object(Config\Cache), false)
 4 FCPATH\index.php(67): CodeIgniter\CodeIgniter->run()
CRITICAL - 2023-04-25 16:01:42 --> Call to undefined function set_value()
in APPPATH\Views\request.php on line 148.
 1 SYSTEMPATH\View\View.php(213): include()
 2 SYSTEMPATH\View\View.php(216): CodeIgniter\View\View->CodeIgniter\View\{closure}()
 3 SYSTEMPATH\Common.php(1134): CodeIgniter\View\View->render('/request', [], true)
 4 APPPATH\Controllers\RequestController.php(53): view('/request')
 5 SYSTEMPATH\CodeIgniter.php(927): App\Controllers\RequestController->getReceivedRequests()
 6 SYSTEMPATH\CodeIgniter.php(482): CodeIgniter\CodeIgniter->runController(Object(App\Controllers\RequestController))
 7 SYSTEMPATH\CodeIgniter.php(351): CodeIgniter\CodeIgniter->handleRequest(null, Object(Config\Cache), false)
 8 FCPATH\index.php(67): CodeIgniter\CodeIgniter->run()
CRITICAL - 2023-04-25 16:05:35 --> Call to undefined method CodeIgniter\Database\MySQLi\Result::get()
in APPPATH\Controllers\RequestController.php on line 17.
 1 SYSTEMPATH\CodeIgniter.php(927): App\Controllers\RequestController->index()
 2 SYSTEMPATH\CodeIgniter.php(482): CodeIgniter\CodeIgniter->runController(Object(App\Controllers\RequestController))
 3 SYSTEMPATH\CodeIgniter.php(351): CodeIgniter\CodeIgniter->handleRequest(null, Object(Config\Cache), false)
 4 FCPATH\index.php(67): CodeIgniter\CodeIgniter->run()
CRITICAL - 2023-04-25 16:06:57 --> Call to undefined method CodeIgniter\Database\MySQLi\Result::get()
in APPPATH\Controllers\RequestController.php on line 17.
 1 SYSTEMPATH\CodeIgniter.php(927): App\Controllers\RequestController->index()
 2 SYSTEMPATH\CodeIgniter.php(482): CodeIgniter\CodeIgniter->runController(Object(App\Controllers\RequestController))
 3 SYSTEMPATH\CodeIgniter.php(351): CodeIgniter\CodeIgniter->handleRequest(null, Object(Config\Cache), false)
 4 FCPATH\index.php(67): CodeIgniter\CodeIgniter->run()
CRITICAL - 2023-04-25 16:07:01 --> Call to undefined method CodeIgniter\Database\MySQLi\Result::get()
in APPPATH\Controllers\RequestController.php on line 17.
 1 SYSTEMPATH\CodeIgniter.php(927): App\Controllers\RequestController->index()
 2 SYSTEMPATH\CodeIgniter.php(482): CodeIgniter\CodeIgniter->runController(Object(App\Controllers\RequestController))
 3 SYSTEMPATH\CodeIgniter.php(351): CodeIgniter\CodeIgniter->handleRequest(null, Object(Config\Cache), false)
 4 FCPATH\index.php(67): CodeIgniter\CodeIgniter->run()
CRITICAL - 2023-04-25 16:07:26 --> view(): Argument #2 ($data) must be of type array, stdClass given, called in D:\Program Files\xampp\htdocs\workforce\app\Controllers\RequestController.php on line 21
in SYSTEMPATH\Common.php on line 1120.
 1 APPPATH\Controllers\RequestController.php(21): view('/request', Object(stdClass))
 2 SYSTEMPATH\CodeIgniter.php(927): App\Controllers\RequestController->index()
 3 SYSTEMPATH\CodeIgniter.php(482): CodeIgniter\CodeIgniter->runController(Object(App\Controllers\RequestController))
 4 SYSTEMPATH\CodeIgniter.php(351): CodeIgniter\CodeIgniter->handleRequest(null, Object(Config\Cache), false)
 5 FCPATH\index.php(67): CodeIgniter\CodeIgniter->run()
CRITICAL - 2023-04-25 16:19:32 --> Undefined variable $received
in APPPATH\Views\request.php on line 149.
 1 APPPATH\Views\request.php(149): CodeIgniter\Debug\Exceptions->errorHandler(2, 'Undefined variable $received', 'APPPATH\\Views\\request.php', 149)
 2 SYSTEMPATH\View\View.php(213): include('APPPATH\\Views\\request.php')
 3 SYSTEMPATH\View\View.php(216): CodeIgniter\View\View->CodeIgniter\View\{closure}()
 4 SYSTEMPATH\Common.php(1134): CodeIgniter\View\View->render('/request', [], true)
 5 APPPATH\Controllers\RequestController.php(22): view('/request', [...])
 6 SYSTEMPATH\CodeIgniter.php(927): App\Controllers\RequestController->index()
 7 SYSTEMPATH\CodeIgniter.php(482): CodeIgniter\CodeIgniter->runController(Object(App\Controllers\RequestController))
 8 SYSTEMPATH\CodeIgniter.php(351): CodeIgniter\CodeIgniter->handleRequest(null, Object(Config\Cache), false)
 9 FCPATH\index.php(67): CodeIgniter\CodeIgniter->run()
CRITICAL - 2023-04-25 16:20:21 --> Undefined variable $received
in APPPATH\Views\request.php on line 149.
 1 APPPATH\Views\request.php(149): CodeIgniter\Debug\Exceptions->errorHandler(2, 'Undefined variable $received', 'APPPATH\\Views\\request.php', 149)
 2 SYSTEMPATH\View\View.php(213): include('APPPATH\\Views\\request.php')
 3 SYSTEMPATH\View\View.php(216): CodeIgniter\View\View->CodeIgniter\View\{closure}()
 4 SYSTEMPATH\Common.php(1134): CodeIgniter\View\View->render('/request', [], true)
 5 APPPATH\Controllers\RequestController.php(22): view('/request', [...])
 6 SYSTEMPATH\CodeIgniter.php(927): App\Controllers\RequestController->index()
 7 SYSTEMPATH\CodeIgniter.php(482): CodeIgniter\CodeIgniter->runController(Object(App\Controllers\RequestController))
 8 SYSTEMPATH\CodeIgniter.php(351): CodeIgniter\CodeIgniter->handleRequest(null, Object(Config\Cache), false)
 9 FCPATH\index.php(67): CodeIgniter\CodeIgniter->run()
CRITICAL - 2023-04-25 16:21:03 --> Undefined variable $received
in APPPATH\Views\request.php on line 149.
 1 APPPATH\Views\request.php(149): CodeIgniter\Debug\Exceptions->errorHandler(2, 'Undefined variable $received', 'APPPATH\\Views\\request.php', 149)
 2 SYSTEMPATH\View\View.php(213): include('APPPATH\\Views\\request.php')
 3 SYSTEMPATH\View\View.php(216): CodeIgniter\View\View->CodeIgniter\View\{closure}()
 4 SYSTEMPATH\Common.php(1134): CodeIgniter\View\View->render('/request', [], true)
 5 APPPATH\Controllers\RequestController.php(22): view('/request', [...])
 6 SYSTEMPATH\CodeIgniter.php(927): App\Controllers\RequestController->index()
 7 SYSTEMPATH\CodeIgniter.php(482): CodeIgniter\CodeIgniter->runController(Object(App\Controllers\RequestController))
 8 SYSTEMPATH\CodeIgniter.php(351): CodeIgniter\CodeIgniter->handleRequest(null, Object(Config\Cache), false)
 9 FCPATH\index.php(67): CodeIgniter\CodeIgniter->run()
CRITICAL - 2023-04-25 16:22:03 --> Undefined variable $received
in APPPATH\Views\request.php on line 149.
 1 APPPATH\Views\request.php(149): CodeIgniter\Debug\Exceptions->errorHandler(2, 'Undefined variable $received', 'APPPATH\\Views\\request.php', 149)
 2 SYSTEMPATH\View\View.php(213): include('APPPATH\\Views\\request.php')
 3 SYSTEMPATH\View\View.php(216): CodeIgniter\View\View->CodeIgniter\View\{closure}()
 4 SYSTEMPATH\Common.php(1134): CodeIgniter\View\View->render('/request', [], true)
 5 APPPATH\Controllers\RequestController.php(22): view('/request', [...])
 6 SYSTEMPATH\CodeIgniter.php(927): App\Controllers\RequestController->index()
 7 SYSTEMPATH\CodeIgniter.php(482): CodeIgniter\CodeIgniter->runController(Object(App\Controllers\RequestController))
 8 SYSTEMPATH\CodeIgniter.php(351): CodeIgniter\CodeIgniter->handleRequest(null, Object(Config\Cache), false)
 9 FCPATH\index.php(67): CodeIgniter\CodeIgniter->run()
CRITICAL - 2023-04-25 16:22:14 --> Undefined variable $received
in APPPATH\Views\request.php on line 149.
 1 APPPATH\Views\request.php(149): CodeIgniter\Debug\Exceptions->errorHandler(2, 'Undefined variable $received', 'APPPATH\\Views\\request.php', 149)
 2 SYSTEMPATH\View\View.php(213): include('APPPATH\\Views\\request.php')
 3 SYSTEMPATH\View\View.php(216): CodeIgniter\View\View->CodeIgniter\View\{closure}()
 4 SYSTEMPATH\Common.php(1134): CodeIgniter\View\View->render('/request', [], true)
 5 APPPATH\Controllers\RequestController.php(22): view('/request', [...])
 6 SYSTEMPATH\CodeIgniter.php(927): App\Controllers\RequestController->index()
 7 SYSTEMPATH\CodeIgniter.php(482): CodeIgniter\CodeIgniter->runController(Object(App\Controllers\RequestController))
 8 SYSTEMPATH\CodeIgniter.php(351): CodeIgniter\CodeIgniter->handleRequest(null, Object(Config\Cache), false)
 9 FCPATH\index.php(67): CodeIgniter\CodeIgniter->run()
CRITICAL - 2023-04-25 16:23:02 --> Undefined variable $received
in APPPATH\Views\request.php on line 149.
 1 APPPATH\Views\request.php(149): CodeIgniter\Debug\Exceptions->errorHandler(2, 'Undefined variable $received', 'APPPATH\\Views\\request.php', 149)
 2 SYSTEMPATH\View\View.php(213): include('APPPATH\\Views\\request.php')
 3 SYSTEMPATH\View\View.php(216): CodeIgniter\View\View->CodeIgniter\View\{closure}()
 4 SYSTEMPATH\Common.php(1134): CodeIgniter\View\View->render('/request', [], true)
 5 APPPATH\Controllers\RequestController.php(22): view('/request', [...])
 6 SYSTEMPATH\CodeIgniter.php(927): App\Controllers\RequestController->index()
 7 SYSTEMPATH\CodeIgniter.php(482): CodeIgniter\CodeIgniter->runController(Object(App\Controllers\RequestController))
 8 SYSTEMPATH\CodeIgniter.php(351): CodeIgniter\CodeIgniter->handleRequest(null, Object(Config\Cache), false)
 9 FCPATH\index.php(67): CodeIgniter\CodeIgniter->run()
CRITICAL - 2023-04-25 16:24:26 --> Undefined variable $request
in APPPATH\Views\request.php on line 149.
 1 APPPATH\Views\request.php(149): CodeIgniter\Debug\Exceptions->errorHandler(2, 'Undefined variable $request', 'APPPATH\\Views\\request.php', 149)
 2 SYSTEMPATH\View\View.php(213): include('APPPATH\\Views\\request.php')
 3 SYSTEMPATH\View\View.php(216): CodeIgniter\View\View->CodeIgniter\View\{closure}()
 4 SYSTEMPATH\Common.php(1134): CodeIgniter\View\View->render('/request', [], true)
 5 APPPATH\Controllers\RequestController.php(22): view('/request', [...])
 6 SYSTEMPATH\CodeIgniter.php(927): App\Controllers\RequestController->index()
 7 SYSTEMPATH\CodeIgniter.php(482): CodeIgniter\CodeIgniter->runController(Object(App\Controllers\RequestController))
 8 SYSTEMPATH\CodeIgniter.php(351): CodeIgniter\CodeIgniter->handleRequest(null, Object(Config\Cache), false)
 9 FCPATH\index.php(67): CodeIgniter\CodeIgniter->run()
CRITICAL - 2023-04-25 16:25:42 --> syntax error, unexpected token "[", expecting identifier or variable or "{" or "$"
in APPPATH\Views\request.php on line 150.
 1 SYSTEMPATH\View\View.php(216): CodeIgniter\View\View->CodeIgniter\View\{closure}()
 2 SYSTEMPATH\Common.php(1134): CodeIgniter\View\View->render('/request', [], true)
 3 APPPATH\Controllers\RequestController.php(22): view('/request', [...])
 4 SYSTEMPATH\CodeIgniter.php(927): App\Controllers\RequestController->index()
 5 SYSTEMPATH\CodeIgniter.php(482): CodeIgniter\CodeIgniter->runController(Object(App\Controllers\RequestController))
 6 SYSTEMPATH\CodeIgniter.php(351): CodeIgniter\CodeIgniter->handleRequest(null, Object(Config\Cache), false)
 7 FCPATH\index.php(67): CodeIgniter\CodeIgniter->run()
CRITICAL - 2023-04-25 16:27:12 --> view(): Argument #2 ($data) must be of type array, CodeIgniter\Database\MySQLi\Result given, called in D:\Program Files\xampp\htdocs\workforce\app\Controllers\RequestController.php on line 22
in SYSTEMPATH\Common.php on line 1120.
 1 APPPATH\Controllers\RequestController.php(22): view('/request', Object(CodeIgniter\Database\MySQLi\Result))
 2 SYSTEMPATH\CodeIgniter.php(927): App\Controllers\RequestController->index()
 3 SYSTEMPATH\CodeIgniter.php(482): CodeIgniter\CodeIgniter->runController(Object(App\Controllers\RequestController))
 4 SYSTEMPATH\CodeIgniter.php(351): CodeIgniter\CodeIgniter->handleRequest(null, Object(Config\Cache), false)
 5 FCPATH\index.php(67): CodeIgniter\CodeIgniter->run()
CRITICAL - 2023-04-25 16:27:29 --> Undefined variable $request
in APPPATH\Views\request.php on line 149.
 1 APPPATH\Views\request.php(149): CodeIgniter\Debug\Exceptions->errorHandler(2, 'Undefined variable $request', 'APPPATH\\Views\\request.php', 149)
 2 SYSTEMPATH\View\View.php(213): include('APPPATH\\Views\\request.php')
 3 SYSTEMPATH\View\View.php(216): CodeIgniter\View\View->CodeIgniter\View\{closure}()
 4 SYSTEMPATH\Common.php(1134): CodeIgniter\View\View->render('/request', [], true)
 5 APPPATH\Controllers\RequestController.php(22): view('/request', [...])
 6 SYSTEMPATH\CodeIgniter.php(927): App\Controllers\RequestController->index()
 7 SYSTEMPATH\CodeIgniter.php(482): CodeIgniter\CodeIgniter->runController(Object(App\Controllers\RequestController))
 8 SYSTEMPATH\CodeIgniter.php(351): CodeIgniter\CodeIgniter->handleRequest(null, Object(Config\Cache), false)
 9 FCPATH\index.php(67): CodeIgniter\CodeIgniter->run()
CRITICAL - 2023-04-25 16:27:32 --> Undefined variable $request
in APPPATH\Views\request.php on line 149.
 1 APPPATH\Views\request.php(149): CodeIgniter\Debug\Exceptions->errorHandler(2, 'Undefined variable $request', 'APPPATH\\Views\\request.php', 149)
 2 SYSTEMPATH\View\View.php(213): include('APPPATH\\Views\\request.php')
 3 SYSTEMPATH\View\View.php(216): CodeIgniter\View\View->CodeIgniter\View\{closure}()
 4 SYSTEMPATH\Common.php(1134): CodeIgniter\View\View->render('/request', [], true)
 5 APPPATH\Controllers\RequestController.php(22): view('/request', [...])
 6 SYSTEMPATH\CodeIgniter.php(927): App\Controllers\RequestController->index()
 7 SYSTEMPATH\CodeIgniter.php(482): CodeIgniter\CodeIgniter->runController(Object(App\Controllers\RequestController))
 8 SYSTEMPATH\CodeIgniter.php(351): CodeIgniter\CodeIgniter->handleRequest(null, Object(Config\Cache), false)
 9 FCPATH\index.php(67): CodeIgniter\CodeIgniter->run()
CRITICAL - 2023-04-25 16:28:34 --> Undefined variable $request
in APPPATH\Views\request.php on line 149.
 1 APPPATH\Views\request.php(149): CodeIgniter\Debug\Exceptions->errorHandler(2, 'Undefined variable $request', 'APPPATH\\Views\\request.php', 149)
 2 SYSTEMPATH\View\View.php(213): include('APPPATH\\Views\\request.php')
 3 SYSTEMPATH\View\View.php(216): CodeIgniter\View\View->CodeIgniter\View\{closure}()
 4 SYSTEMPATH\Common.php(1134): CodeIgniter\View\View->render('/request', [], true)
 5 APPPATH\Controllers\RequestController.php(22): view('/request', [...])
 6 SYSTEMPATH\CodeIgniter.php(927): App\Controllers\RequestController->index()
 7 SYSTEMPATH\CodeIgniter.php(482): CodeIgniter\CodeIgniter->runController(Object(App\Controllers\RequestController))
 8 SYSTEMPATH\CodeIgniter.php(351): CodeIgniter\CodeIgniter->handleRequest(null, Object(Config\Cache), false)
 9 FCPATH\index.php(67): CodeIgniter\CodeIgniter->run()
CRITICAL - 2023-04-25 16:31:32 --> Undefined variable $request
in APPPATH\Views\request.php on line 152.
 1 APPPATH\Views\request.php(152): CodeIgniter\Debug\Exceptions->errorHandler(2, 'Undefined variable $request', 'APPPATH\\Views\\request.php', 152)
 2 SYSTEMPATH\View\View.php(213): include('APPPATH\\Views\\request.php')
 3 SYSTEMPATH\View\View.php(216): CodeIgniter\View\View->CodeIgniter\View\{closure}()
 4 SYSTEMPATH\Common.php(1134): CodeIgniter\View\View->render('/request', [], true)
 5 APPPATH\Controllers\RequestController.php(22): view('/request', [...])
 6 SYSTEMPATH\CodeIgniter.php(927): App\Controllers\RequestController->index()
 7 SYSTEMPATH\CodeIgniter.php(482): CodeIgniter\CodeIgniter->runController(Object(App\Controllers\RequestController))
 8 SYSTEMPATH\CodeIgniter.php(351): CodeIgniter\CodeIgniter->handleRequest(null, Object(Config\Cache), false)
 9 FCPATH\index.php(67): CodeIgniter\CodeIgniter->run()
CRITICAL - 2023-04-25 16:33:07 --> Undefined variable $request
in APPPATH\Views\request.php on line 143.
 1 APPPATH\Views\request.php(143): CodeIgniter\Debug\Exceptions->errorHandler(2, 'Undefined variable $request', 'APPPATH\\Views\\request.php', 143)
 2 SYSTEMPATH\View\View.php(213): include('APPPATH\\Views\\request.php')
 3 SYSTEMPATH\View\View.php(216): CodeIgniter\View\View->CodeIgniter\View\{closure}()
 4 SYSTEMPATH\Common.php(1134): CodeIgniter\View\View->render('/request', [], true)
 5 APPPATH\Controllers\RequestController.php(22): view('/request', [...])
 6 SYSTEMPATH\CodeIgniter.php(927): App\Controllers\RequestController->index()
 7 SYSTEMPATH\CodeIgniter.php(482): CodeIgniter\CodeIgniter->runController(Object(App\Controllers\RequestController))
 8 SYSTEMPATH\CodeIgniter.php(351): CodeIgniter\CodeIgniter->handleRequest(null, Object(Config\Cache), false)
 9 FCPATH\index.php(67): CodeIgniter\CodeIgniter->run()
CRITICAL - 2023-04-25 16:33:51 --> Undefined variable $row
in APPPATH\Views\request.php on line 143.
 1 APPPATH\Views\request.php(143): CodeIgniter\Debug\Exceptions->errorHandler(2, 'Undefined variable $row', 'APPPATH\\Views\\request.php', 143)
 2 SYSTEMPATH\View\View.php(213): include('APPPATH\\Views\\request.php')
 3 SYSTEMPATH\View\View.php(216): CodeIgniter\View\View->CodeIgniter\View\{closure}()
 4 SYSTEMPATH\Common.php(1134): CodeIgniter\View\View->render('/request', [], true)
 5 APPPATH\Controllers\RequestController.php(22): view('/request', [...])
 6 SYSTEMPATH\CodeIgniter.php(927): App\Controllers\RequestController->index()
 7 SYSTEMPATH\CodeIgniter.php(482): CodeIgniter\CodeIgniter->runController(Object(App\Controllers\RequestController))
 8 SYSTEMPATH\CodeIgniter.php(351): CodeIgniter\CodeIgniter->handleRequest(null, Object(Config\Cache), false)
 9 FCPATH\index.php(67): CodeIgniter\CodeIgniter->run()
CRITICAL - 2023-04-25 16:34:12 --> Undefined variable $request
in APPPATH\Views\request.php on line 143.
 1 APPPATH\Views\request.php(143): CodeIgniter\Debug\Exceptions->errorHandler(2, 'Undefined variable $request', 'APPPATH\\Views\\request.php', 143)
 2 SYSTEMPATH\View\View.php(213): include('APPPATH\\Views\\request.php')
 3 SYSTEMPATH\View\View.php(216): CodeIgniter\View\View->CodeIgniter\View\{closure}()
 4 SYSTEMPATH\Common.php(1134): CodeIgniter\View\View->render('/request', [], true)
 5 APPPATH\Controllers\RequestController.php(22): view('/request', [...])
 6 SYSTEMPATH\CodeIgniter.php(927): App\Controllers\RequestController->index()
 7 SYSTEMPATH\CodeIgniter.php(482): CodeIgniter\CodeIgniter->runController(Object(App\Controllers\RequestController))
 8 SYSTEMPATH\CodeIgniter.php(351): CodeIgniter\CodeIgniter->handleRequest(null, Object(Config\Cache), false)
 9 FCPATH\index.php(67): CodeIgniter\CodeIgniter->run()
CRITICAL - 2023-04-25 16:38:41 --> Call to undefined method CodeIgniter\Database\MySQLi\Result::result()
in APPPATH\Controllers\RequestController.php on line 19.
 1 SYSTEMPATH\CodeIgniter.php(927): App\Controllers\RequestController->index()
 2 SYSTEMPATH\CodeIgniter.php(482): CodeIgniter\CodeIgniter->runController(Object(App\Controllers\RequestController))
 3 SYSTEMPATH\CodeIgniter.php(351): CodeIgniter\CodeIgniter->handleRequest(null, Object(Config\Cache), false)
 4 FCPATH\index.php(67): CodeIgniter\CodeIgniter->run()
CRITICAL - 2023-04-25 16:39:31 --> Call to undefined method CodeIgniter\Database\MySQLi\Result::result_array()
in APPPATH\Controllers\RequestController.php on line 19.
 1 SYSTEMPATH\CodeIgniter.php(927): App\Controllers\RequestController->index()
 2 SYSTEMPATH\CodeIgniter.php(482): CodeIgniter\CodeIgniter->runController(Object(App\Controllers\RequestController))
 3 SYSTEMPATH\CodeIgniter.php(351): CodeIgniter\CodeIgniter->handleRequest(null, Object(Config\Cache), false)
 4 FCPATH\index.php(67): CodeIgniter\CodeIgniter->run()
CRITICAL - 2023-04-25 16:40:58 --> Call to undefined method CodeIgniter\Database\MySQLi\Result::result_array()
in APPPATH\Controllers\RequestController.php on line 19.
 1 SYSTEMPATH\CodeIgniter.php(927): App\Controllers\RequestController->index()
 2 SYSTEMPATH\CodeIgniter.php(482): CodeIgniter\CodeIgniter->runController(Object(App\Controllers\RequestController))
 3 SYSTEMPATH\CodeIgniter.php(351): CodeIgniter\CodeIgniter->handleRequest(null, Object(Config\Cache), false)
 4 FCPATH\index.php(67): CodeIgniter\CodeIgniter->run()
CRITICAL - 2023-04-25 16:42:23 --> view(): Argument #2 ($data) must be of type array, stdClass given, called in D:\Program Files\xampp\htdocs\workforce\app\Controllers\RequestController.php on line 22
in SYSTEMPATH\Common.php on line 1120.
 1 APPPATH\Controllers\RequestController.php(22): view('/request', Object(stdClass))
 2 SYSTEMPATH\CodeIgniter.php(927): App\Controllers\RequestController->index()
 3 SYSTEMPATH\CodeIgniter.php(482): CodeIgniter\CodeIgniter->runController(Object(App\Controllers\RequestController))
 4 SYSTEMPATH\CodeIgniter.php(351): CodeIgniter\CodeIgniter->handleRequest(null, Object(Config\Cache), false)
 5 FCPATH\index.php(67): CodeIgniter\CodeIgniter->run()
CRITICAL - 2023-04-25 16:42:34 --> Call to undefined method CodeIgniter\Database\MySQLi\Result::get()
in APPPATH\Controllers\RequestController.php on line 19.
 1 SYSTEMPATH\CodeIgniter.php(927): App\Controllers\RequestController->index()
 2 SYSTEMPATH\CodeIgniter.php(482): CodeIgniter\CodeIgniter->runController(Object(App\Controllers\RequestController))
 3 SYSTEMPATH\CodeIgniter.php(351): CodeIgniter\CodeIgniter->handleRequest(null, Object(Config\Cache), false)
 4 FCPATH\index.php(67): CodeIgniter\CodeIgniter->run()
CRITICAL - 2023-04-25 16:42:55 --> Call to undefined method CodeIgniter\Database\MySQLi\Result::get()
in APPPATH\Controllers\RequestController.php on line 19.
 1 SYSTEMPATH\CodeIgniter.php(927): App\Controllers\RequestController->index()
 2 SYSTEMPATH\CodeIgniter.php(482): CodeIgniter\CodeIgniter->runController(Object(App\Controllers\RequestController))
 3 SYSTEMPATH\CodeIgniter.php(351): CodeIgniter\CodeIgniter->handleRequest(null, Object(Config\Cache), false)
 4 FCPATH\index.php(67): CodeIgniter\CodeIgniter->run()
CRITICAL - 2023-04-25 16:43:34 --> Undefined variable $request
in APPPATH\Views\request.php on line 149.
 1 APPPATH\Views\request.php(149): CodeIgniter\Debug\Exceptions->errorHandler(2, 'Undefined variable $request', 'APPPATH\\Views\\request.php', 149)
 2 SYSTEMPATH\View\View.php(213): include('APPPATH\\Views\\request.php')
 3 SYSTEMPATH\View\View.php(216): CodeIgniter\View\View->CodeIgniter\View\{closure}()
 4 SYSTEMPATH\Common.php(1134): CodeIgniter\View\View->render('/request', [], true)
 5 APPPATH\Controllers\RequestController.php(22): view('/request', [...])
 6 SYSTEMPATH\CodeIgniter.php(927): App\Controllers\RequestController->index()
 7 SYSTEMPATH\CodeIgniter.php(482): CodeIgniter\CodeIgniter->runController(Object(App\Controllers\RequestController))
 8 SYSTEMPATH\CodeIgniter.php(351): CodeIgniter\CodeIgniter->handleRequest(null, Object(Config\Cache), false)
 9 FCPATH\index.php(67): CodeIgniter\CodeIgniter->run()
CRITICAL - 2023-04-25 16:43:36 --> Undefined variable $request
in APPPATH\Views\request.php on line 149.
 1 APPPATH\Views\request.php(149): CodeIgniter\Debug\Exceptions->errorHandler(2, 'Undefined variable $request', 'APPPATH\\Views\\request.php', 149)
 2 SYSTEMPATH\View\View.php(213): include('APPPATH\\Views\\request.php')
 3 SYSTEMPATH\View\View.php(216): CodeIgniter\View\View->CodeIgniter\View\{closure}()
 4 SYSTEMPATH\Common.php(1134): CodeIgniter\View\View->render('/request', [], true)
 5 APPPATH\Controllers\RequestController.php(22): view('/request', [...])
 6 SYSTEMPATH\CodeIgniter.php(927): App\Controllers\RequestController->index()
 7 SYSTEMPATH\CodeIgniter.php(482): CodeIgniter\CodeIgniter->runController(Object(App\Controllers\RequestController))
 8 SYSTEMPATH\CodeIgniter.php(351): CodeIgniter\CodeIgniter->handleRequest(null, Object(Config\Cache), false)
 9 FCPATH\index.php(67): CodeIgniter\CodeIgniter->run()
CRITICAL - 2023-04-25 16:43:40 --> Undefined variable $request
in APPPATH\Views\request.php on line 149.
 1 APPPATH\Views\request.php(149): CodeIgniter\Debug\Exceptions->errorHandler(2, 'Undefined variable $request', 'APPPATH\\Views\\request.php', 149)
 2 SYSTEMPATH\View\View.php(213): include('APPPATH\\Views\\request.php')
 3 SYSTEMPATH\View\View.php(216): CodeIgniter\View\View->CodeIgniter\View\{closure}()
 4 SYSTEMPATH\Common.php(1134): CodeIgniter\View\View->render('/request', [], true)
 5 APPPATH\Controllers\RequestController.php(22): view('/request', [...])
 6 SYSTEMPATH\CodeIgniter.php(927): App\Controllers\RequestController->index()
 7 SYSTEMPATH\CodeIgniter.php(482): CodeIgniter\CodeIgniter->runController(Object(App\Controllers\RequestController))
 8 SYSTEMPATH\CodeIgniter.php(351): CodeIgniter\CodeIgniter->handleRequest(null, Object(Config\Cache), false)
 9 FCPATH\index.php(67): CodeIgniter\CodeIgniter->run()
CRITICAL - 2023-04-25 16:44:22 --> Call to undefined method CodeIgniter\Database\MySQLi\Result::result()
in APPPATH\Controllers\RequestController.php on line 19.
 1 SYSTEMPATH\CodeIgniter.php(927): App\Controllers\RequestController->index()
 2 SYSTEMPATH\CodeIgniter.php(482): CodeIgniter\CodeIgniter->runController(Object(App\Controllers\RequestController))
 3 SYSTEMPATH\CodeIgniter.php(351): CodeIgniter\CodeIgniter->handleRequest(null, Object(Config\Cache), false)
 4 FCPATH\index.php(67): CodeIgniter\CodeIgniter->run()
CRITICAL - 2023-04-25 16:45:16 --> Call to undefined method CodeIgniter\Database\MySQLi\Result::result()
in APPPATH\Controllers\RequestController.php on line 19.
 1 SYSTEMPATH\CodeIgniter.php(927): App\Controllers\RequestController->index()
 2 SYSTEMPATH\CodeIgniter.php(482): CodeIgniter\CodeIgniter->runController(Object(App\Controllers\RequestController))
 3 SYSTEMPATH\CodeIgniter.php(351): CodeIgniter\CodeIgniter->handleRequest(null, Object(Config\Cache), false)
 4 FCPATH\index.php(67): CodeIgniter\CodeIgniter->run()
CRITICAL - 2023-04-25 16:45:34 --> Call to undefined method CodeIgniter\Database\MySQLi\Result::result()
in APPPATH\Controllers\RequestController.php on line 19.
 1 SYSTEMPATH\CodeIgniter.php(927): App\Controllers\RequestController->index()
 2 SYSTEMPATH\CodeIgniter.php(482): CodeIgniter\CodeIgniter->runController(Object(App\Controllers\RequestController))
 3 SYSTEMPATH\CodeIgniter.php(351): CodeIgniter\CodeIgniter->handleRequest(null, Object(Config\Cache), false)
 4 FCPATH\index.php(67): CodeIgniter\CodeIgniter->run()
CRITICAL - 2023-04-25 16:47:18 --> Call to undefined method CodeIgniter\Database\MySQLi\Result::result()
in APPPATH\Controllers\RequestController.php on line 19.
 1 SYSTEMPATH\CodeIgniter.php(927): App\Controllers\RequestController->index()
 2 SYSTEMPATH\CodeIgniter.php(482): CodeIgniter\CodeIgniter->runController(Object(App\Controllers\RequestController))
 3 SYSTEMPATH\CodeIgniter.php(351): CodeIgniter\CodeIgniter->handleRequest(null, Object(Config\Cache), false)
 4 FCPATH\index.php(67): CodeIgniter\CodeIgniter->run()
CRITICAL - 2023-04-25 16:47:31 --> Call to undefined method CodeIgniter\Database\MySQLi\Result::result()
in APPPATH\Controllers\RequestController.php on line 19.
 1 SYSTEMPATH\CodeIgniter.php(927): App\Controllers\RequestController->index()
 2 SYSTEMPATH\CodeIgniter.php(482): CodeIgniter\CodeIgniter->runController(Object(App\Controllers\RequestController))
 3 SYSTEMPATH\CodeIgniter.php(351): CodeIgniter\CodeIgniter->handleRequest(null, Object(Config\Cache), false)
 4 FCPATH\index.php(67): CodeIgniter\CodeIgniter->run()
CRITICAL - 2023-04-25 16:49:21 --> Call to undefined method CodeIgniter\Database\MySQLi\Result::result()
in APPPATH\Controllers\RequestController.php on line 19.
 1 SYSTEMPATH\CodeIgniter.php(927): App\Controllers\RequestController->index()
 2 SYSTEMPATH\CodeIgniter.php(482): CodeIgniter\CodeIgniter->runController(Object(App\Controllers\RequestController))
 3 SYSTEMPATH\CodeIgniter.php(351): CodeIgniter\CodeIgniter->handleRequest(null, Object(Config\Cache), false)
 4 FCPATH\index.php(67): CodeIgniter\CodeIgniter->run()
CRITICAL - 2023-04-25 16:51:23 --> Call to undefined method CodeIgniter\Database\MySQLi\Result::result()
in APPPATH\Controllers\RequestController.php on line 18.
 1 SYSTEMPATH\CodeIgniter.php(927): App\Controllers\RequestController->index()
 2 SYSTEMPATH\CodeIgniter.php(482): CodeIgniter\CodeIgniter->runController(Object(App\Controllers\RequestController))
 3 SYSTEMPATH\CodeIgniter.php(351): CodeIgniter\CodeIgniter->handleRequest(null, Object(Config\Cache), false)
 4 FCPATH\index.php(67): CodeIgniter\CodeIgniter->run()
CRITICAL - 2023-04-25 16:52:44 --> Call to undefined method CodeIgniter\Database\MySQLi\Result::result()
in APPPATH\Controllers\RequestController.php on line 18.
 1 SYSTEMPATH\CodeIgniter.php(927): App\Controllers\RequestController->index()
 2 SYSTEMPATH\CodeIgniter.php(482): CodeIgniter\CodeIgniter->runController(Object(App\Controllers\RequestController))
 3 SYSTEMPATH\CodeIgniter.php(351): CodeIgniter\CodeIgniter->handleRequest(null, Object(Config\Cache), false)
 4 FCPATH\index.php(67): CodeIgniter\CodeIgniter->run()
CRITICAL - 2023-04-25 16:53:30 --> Call to undefined method CodeIgniter\Database\MySQLi\Result::result()
in APPPATH\Controllers\RequestController.php on line 18.
 1 SYSTEMPATH\CodeIgniter.php(927): App\Controllers\RequestController->index()
 2 SYSTEMPATH\CodeIgniter.php(482): CodeIgniter\CodeIgniter->runController(Object(App\Controllers\RequestController))
 3 SYSTEMPATH\CodeIgniter.php(351): CodeIgniter\CodeIgniter->handleRequest(null, Object(Config\Cache), false)
 4 FCPATH\index.php(67): CodeIgniter\CodeIgniter->run()
CRITICAL - 2023-04-25 16:55:53 --> Call to undefined method CodeIgniter\Database\MySQLi\Result::row()
in APPPATH\Controllers\RequestController.php on line 22.
 1 SYSTEMPATH\CodeIgniter.php(927): App\Controllers\RequestController->index()
 2 SYSTEMPATH\CodeIgniter.php(482): CodeIgniter\CodeIgniter->runController(Object(App\Controllers\RequestController))
 3 SYSTEMPATH\CodeIgniter.php(351): CodeIgniter\CodeIgniter->handleRequest(null, Object(Config\Cache), false)
 4 FCPATH\index.php(67): CodeIgniter\CodeIgniter->run()
CRITICAL - 2023-04-25 16:57:15 --> Call to undefined method CodeIgniter\Database\MySQLi\Result::row()
in APPPATH\Controllers\RequestController.php on line 22.
 1 SYSTEMPATH\CodeIgniter.php(927): App\Controllers\RequestController->index()
 2 SYSTEMPATH\CodeIgniter.php(482): CodeIgniter\CodeIgniter->runController(Object(App\Controllers\RequestController))
 3 SYSTEMPATH\CodeIgniter.php(351): CodeIgniter\CodeIgniter->handleRequest(null, Object(Config\Cache), false)
 4 FCPATH\index.php(67): CodeIgniter\CodeIgniter->run()
CRITICAL - 2023-04-25 16:57:34 --> Call to undefined method CodeIgniter\Database\MySQLi\Result::row()
in APPPATH\Controllers\RequestController.php on line 22.
 1 SYSTEMPATH\CodeIgniter.php(927): App\Controllers\RequestController->index()
 2 SYSTEMPATH\CodeIgniter.php(482): CodeIgniter\CodeIgniter->runController(Object(App\Controllers\RequestController))
 3 SYSTEMPATH\CodeIgniter.php(351): CodeIgniter\CodeIgniter->handleRequest(null, Object(Config\Cache), false)
 4 FCPATH\index.php(67): CodeIgniter\CodeIgniter->run()
CRITICAL - 2023-04-25 17:01:23 --> view(): Argument #2 ($data) must be of type array, stdClass given, called in D:\Program Files\xampp\htdocs\workforce\app\Controllers\RequestController.php on line 23
in SYSTEMPATH\Common.php on line 1120.
 1 APPPATH\Controllers\RequestController.php(23): view('/request', Object(stdClass))
 2 SYSTEMPATH\CodeIgniter.php(927): App\Controllers\RequestController->index()
 3 SYSTEMPATH\CodeIgniter.php(482): CodeIgniter\CodeIgniter->runController(Object(App\Controllers\RequestController))
 4 SYSTEMPATH\CodeIgniter.php(351): CodeIgniter\CodeIgniter->handleRequest(null, Object(Config\Cache), false)
 5 FCPATH\index.php(67): CodeIgniter\CodeIgniter->run()
CRITICAL - 2023-04-25 17:05:25 --> view(): Argument #2 ($data) must be of type array, stdClass given, called in D:\Program Files\xampp\htdocs\workforce\app\Controllers\RequestController.php on line 20
in SYSTEMPATH\Common.php on line 1120.
 1 APPPATH\Controllers\RequestController.php(20): view('/request', Object(stdClass))
 2 SYSTEMPATH\CodeIgniter.php(927): App\Controllers\RequestController->index()
 3 SYSTEMPATH\CodeIgniter.php(482): CodeIgniter\CodeIgniter->runController(Object(App\Controllers\RequestController))
 4 SYSTEMPATH\CodeIgniter.php(351): CodeIgniter\CodeIgniter->handleRequest(null, Object(Config\Cache), false)
 5 FCPATH\index.php(67): CodeIgniter\CodeIgniter->run()
CRITICAL - 2023-04-25 17:05:30 --> view(): Argument #2 ($data) must be of type array, stdClass given, called in D:\Program Files\xampp\htdocs\workforce\app\Controllers\RequestController.php on line 20
in SYSTEMPATH\Common.php on line 1120.
 1 APPPATH\Controllers\RequestController.php(20): view('/request', Object(stdClass))
 2 SYSTEMPATH\CodeIgniter.php(927): App\Controllers\RequestController->index()
 3 SYSTEMPATH\CodeIgniter.php(482): CodeIgniter\CodeIgniter->runController(Object(App\Controllers\RequestController))
 4 SYSTEMPATH\CodeIgniter.php(351): CodeIgniter\CodeIgniter->handleRequest(null, Object(Config\Cache), false)
 5 FCPATH\index.php(67): CodeIgniter\CodeIgniter->run()
CRITICAL - 2023-04-25 17:05:49 --> Undefined variable $row
in APPPATH\Views\request.php on line 152.
 1 APPPATH\Views\request.php(152): CodeIgniter\Debug\Exceptions->errorHandler(2, 'Undefined variable $row', 'APPPATH\\Views\\request.php', 152)
 2 SYSTEMPATH\View\View.php(213): include('APPPATH\\Views\\request.php')
 3 SYSTEMPATH\View\View.php(216): CodeIgniter\View\View->CodeIgniter\View\{closure}()
 4 SYSTEMPATH\Common.php(1134): CodeIgniter\View\View->render('/request', [], true)
 5 APPPATH\Controllers\RequestController.php(20): view('/request', [...])
 6 SYSTEMPATH\CodeIgniter.php(927): App\Controllers\RequestController->index()
 7 SYSTEMPATH\CodeIgniter.php(482): CodeIgniter\CodeIgniter->runController(Object(App\Controllers\RequestController))
 8 SYSTEMPATH\CodeIgniter.php(351): CodeIgniter\CodeIgniter->handleRequest(null, Object(Config\Cache), false)
 9 FCPATH\index.php(67): CodeIgniter\CodeIgniter->run()
CRITICAL - 2023-04-25 17:07:38 --> Call to undefined method CodeIgniter\Database\MySQLi\Result::result()
in APPPATH\Controllers\RequestController.php on line 17.
 1 SYSTEMPATH\CodeIgniter.php(927): App\Controllers\RequestController->index()
 2 SYSTEMPATH\CodeIgniter.php(482): CodeIgniter\CodeIgniter->runController(Object(App\Controllers\RequestController))
 3 SYSTEMPATH\CodeIgniter.php(351): CodeIgniter\CodeIgniter->handleRequest(null, Object(Config\Cache), false)
 4 FCPATH\index.php(67): CodeIgniter\CodeIgniter->run()
