ERROR - 2023-04-06 13:03:04 --> mysqli_sql_exception: Duplicate entry '0' for key 'PRIMARY' in D:\Program Files\xampp\htdocs\workforce\system\Database\MySQLi\Connection.php:292
Stack trace:
#0 D:\Program Files\xampp\htdocs\workforce\system\Database\MySQLi\Connection.php(292): mysqli->query('INSERT INTO `re...', 0)
#1 D:\Program Files\xampp\htdocs\workforce\system\Database\BaseConnection.php(666): CodeIgniter\Database\MySQLi\Connection->execute('INSERT INTO `re...')
#2 D:\Program Files\xampp\htdocs\workforce\system\Database\BaseConnection.php(593): CodeIgniter\Database\BaseConnection->simpleQuery('INSERT INTO `re...')
#3 D:\Program Files\xampp\htdocs\workforce\system\Database\BaseBuilder.php(1916): CodeIgniter\Database\BaseConnection->query('INSERT INTO `re...', Array, false)
#4 D:\Program Files\xampp\htdocs\workforce\system\Model.php(279): CodeIgniter\Database\BaseBuilder->insert()
#5 D:\Program Files\xampp\htdocs\workforce\system\BaseModel.php(749): CodeIgniter\Model->doInsert(Array)
#6 D:\Program Files\xampp\htdocs\workforce\system\Model.php(667): CodeIgniter\BaseModel->insert(Array, true)
#7 D:\Program Files\xampp\htdocs\workforce\app\Controllers\RequestController.php(35): CodeIgniter\Model->insert(Array)
#8 D:\Program Files\xampp\htdocs\workforce\system\CodeIgniter.php(927): App\Controllers\RequestController->request()
#9 D:\Program Files\xampp\htdocs\workforce\system\CodeIgniter.php(482): CodeIgniter\CodeIgniter->runController(Object(App\Controllers\RequestController))
#10 D:\Program Files\xampp\htdocs\workforce\system\CodeIgniter.php(351): CodeIgniter\CodeIgniter->handleRequest(NULL, Object(Config\Cache), false)
#11 D:\Program Files\xampp\htdocs\workforce\public\index.php(67): CodeIgniter\CodeIgniter->run()
#12 {main}
CRITICAL - 2023-04-06 13:03:04 --> Duplicate entry '0' for key 'PRIMARY'
in SYSTEMPATH\Database\MySQLi\Connection.php on line 292.
 1 SYSTEMPATH\Database\MySQLi\Connection.php(292): mysqli->query('INSERT INTO `requests` (`user_id`, `employee_email`, `title`, `description`) VALUES (\'5\', \'rok.pozar@workforce.com\', \'loh\', \'lohovoz\')', 0)
 2 SYSTEMPATH\Database\BaseConnection.php(666): CodeIgniter\Database\MySQLi\Connection->execute('INSERT INTO `requests` (`user_id`, `employee_email`, `title`, `description`) VALUES (\'5\', \'rok.pozar@workforce.com\', \'loh\', \'lohovoz\')')
 3 SYSTEMPATH\Database\BaseConnection.php(593): CodeIgniter\Database\BaseConnection->simpleQuery('INSERT INTO `requests` (`user_id`, `employee_email`, `title`, `description`) VALUES (\'5\', \'rok.pozar@workforce.com\', \'loh\', \'lohovoz\')')
 4 SYSTEMPATH\Database\BaseBuilder.php(1916): CodeIgniter\Database\BaseConnection->query('INSERT INTO `requests` (`user_id`, `employee_email`, `title`, `description`) VALUES (:user_id:, :employee_email:, :title:, :description:)', [...], false)
 5 SYSTEMPATH\Model.php(279): CodeIgniter\Database\BaseBuilder->insert()
 6 SYSTEMPATH\BaseModel.php(749): CodeIgniter\Model->doInsert([...])
 7 SYSTEMPATH\Model.php(667): CodeIgniter\BaseModel->insert([...], true)
 8 APPPATH\Controllers\RequestController.php(35): CodeIgniter\Model->insert([...])
 9 SYSTEMPATH\CodeIgniter.php(927): App\Controllers\RequestController->request()
10 SYSTEMPATH\CodeIgniter.php(482): CodeIgniter\CodeIgniter->runController(Object(App\Controllers\RequestController))
11 SYSTEMPATH\CodeIgniter.php(351): CodeIgniter\CodeIgniter->handleRequest(null, Object(Config\Cache), false)
12 FCPATH\index.php(67): CodeIgniter\CodeIgniter->run()
ERROR - 2023-04-06 13:04:56 --> mysqli_sql_exception: Duplicate entry '0' for key 'PRIMARY' in D:\Program Files\xampp\htdocs\workforce\system\Database\MySQLi\Connection.php:292
Stack trace:
#0 D:\Program Files\xampp\htdocs\workforce\system\Database\MySQLi\Connection.php(292): mysqli->query('INSERT INTO `re...', 0)
#1 D:\Program Files\xampp\htdocs\workforce\system\Database\BaseConnection.php(666): CodeIgniter\Database\MySQLi\Connection->execute('INSERT INTO `re...')
#2 D:\Program Files\xampp\htdocs\workforce\system\Database\BaseConnection.php(593): CodeIgniter\Database\BaseConnection->simpleQuery('INSERT INTO `re...')
#3 D:\Program Files\xampp\htdocs\workforce\system\Database\BaseBuilder.php(1916): CodeIgniter\Database\BaseConnection->query('INSERT INTO `re...', Array, false)
#4 D:\Program Files\xampp\htdocs\workforce\system\Model.php(279): CodeIgniter\Database\BaseBuilder->insert()
#5 D:\Program Files\xampp\htdocs\workforce\system\BaseModel.php(749): CodeIgniter\Model->doInsert(Array)
#6 D:\Program Files\xampp\htdocs\workforce\system\Model.php(667): CodeIgniter\BaseModel->insert(Array, true)
#7 D:\Program Files\xampp\htdocs\workforce\app\Controllers\RequestController.php(35): CodeIgniter\Model->insert(Array)
#8 D:\Program Files\xampp\htdocs\workforce\system\CodeIgniter.php(927): App\Controllers\RequestController->request()
#9 D:\Program Files\xampp\htdocs\workforce\system\CodeIgniter.php(482): CodeIgniter\CodeIgniter->runController(Object(App\Controllers\RequestController))
#10 D:\Program Files\xampp\htdocs\workforce\system\CodeIgniter.php(351): CodeIgniter\CodeIgniter->handleRequest(NULL, Object(Config\Cache), false)
#11 D:\Program Files\xampp\htdocs\workforce\public\index.php(67): CodeIgniter\CodeIgniter->run()
#12 {main}
CRITICAL - 2023-04-06 13:04:56 --> Duplicate entry '0' for key 'PRIMARY'
in SYSTEMPATH\Database\MySQLi\Connection.php on line 292.
 1 SYSTEMPATH\Database\MySQLi\Connection.php(292): mysqli->query('INSERT INTO `requests` (`user_id`, `employee_email`, `title`, `description`) VALUES (\'5\', \'rok.pozar@workforce.com\', \'sdfsdrfs\', \' rew r wer wer \')', 0)
 2 SYSTEMPATH\Database\BaseConnection.php(666): CodeIgniter\Database\MySQLi\Connection->execute('INSERT INTO `requests` (`user_id`, `employee_email`, `title`, `description`) VALUES (\'5\', \'rok.pozar@workforce.com\', \'sdfsdrfs\', \' rew r wer wer \')')
 3 SYSTEMPATH\Database\BaseConnection.php(593): CodeIgniter\Database\BaseConnection->simpleQuery('INSERT INTO `requests` (`user_id`, `employee_email`, `title`, `description`) VALUES (\'5\', \'rok.pozar@workforce.com\', \'sdfsdrfs\', \' rew r wer wer \')')
 4 SYSTEMPATH\Database\BaseBuilder.php(1916): CodeIgniter\Database\BaseConnection->query('INSERT INTO `requests` (`user_id`, `employee_email`, `title`, `description`) VALUES (:user_id:, :employee_email:, :title:, :description:)', [...], false)
 5 SYSTEMPATH\Model.php(279): CodeIgniter\Database\BaseBuilder->insert()
 6 SYSTEMPATH\BaseModel.php(749): CodeIgniter\Model->doInsert([...])
 7 SYSTEMPATH\Model.php(667): CodeIgniter\BaseModel->insert([...], true)
 8 APPPATH\Controllers\RequestController.php(35): CodeIgniter\Model->insert([...])
 9 SYSTEMPATH\CodeIgniter.php(927): App\Controllers\RequestController->request()
10 SYSTEMPATH\CodeIgniter.php(482): CodeIgniter\CodeIgniter->runController(Object(App\Controllers\RequestController))
11 SYSTEMPATH\CodeIgniter.php(351): CodeIgniter\CodeIgniter->handleRequest(null, Object(Config\Cache), false)
12 FCPATH\index.php(67): CodeIgniter\CodeIgniter->run()
ERROR - 2023-04-06 13:06:37 --> mysqli_sql_exception: Duplicate entry '0' for key 'PRIMARY' in D:\Program Files\xampp\htdocs\workforce\system\Database\MySQLi\Connection.php:292
Stack trace:
#0 D:\Program Files\xampp\htdocs\workforce\system\Database\MySQLi\Connection.php(292): mysqli->query('INSERT INTO `re...', 0)
#1 D:\Program Files\xampp\htdocs\workforce\system\Database\BaseConnection.php(666): CodeIgniter\Database\MySQLi\Connection->execute('INSERT INTO `re...')
#2 D:\Program Files\xampp\htdocs\workforce\system\Database\BaseConnection.php(593): CodeIgniter\Database\BaseConnection->simpleQuery('INSERT INTO `re...')
#3 D:\Program Files\xampp\htdocs\workforce\system\Database\BaseBuilder.php(1916): CodeIgniter\Database\BaseConnection->query('INSERT INTO `re...', Array, false)
#4 D:\Program Files\xampp\htdocs\workforce\system\Model.php(279): CodeIgniter\Database\BaseBuilder->insert()
#5 D:\Program Files\xampp\htdocs\workforce\system\BaseModel.php(749): CodeIgniter\Model->doInsert(Array)
#6 D:\Program Files\xampp\htdocs\workforce\system\Model.php(667): CodeIgniter\BaseModel->insert(Array, true)
#7 D:\Program Files\xampp\htdocs\workforce\app\Controllers\RequestController.php(35): CodeIgniter\Model->insert(Array)
#8 D:\Program Files\xampp\htdocs\workforce\system\CodeIgniter.php(927): App\Controllers\RequestController->request()
#9 D:\Program Files\xampp\htdocs\workforce\system\CodeIgniter.php(482): CodeIgniter\CodeIgniter->runController(Object(App\Controllers\RequestController))
#10 D:\Program Files\xampp\htdocs\workforce\system\CodeIgniter.php(351): CodeIgniter\CodeIgniter->handleRequest(NULL, Object(Config\Cache), false)
#11 D:\Program Files\xampp\htdocs\workforce\public\index.php(67): CodeIgniter\CodeIgniter->run()
#12 {main}
CRITICAL - 2023-04-06 13:06:37 --> Duplicate entry '0' for key 'PRIMARY'
in SYSTEMPATH\Database\MySQLi\Connection.php on line 292.
 1 SYSTEMPATH\Database\MySQLi\Connection.php(292): mysqli->query('INSERT INTO `requests` (`user_id`, `employee_email`, `title`, `description`) VALUES (\'6\', \'rok.pozar@workforce.com\', \'loh\', \'lohovozovich \')', 0)
 2 SYSTEMPATH\Database\BaseConnection.php(666): CodeIgniter\Database\MySQLi\Connection->execute('INSERT INTO `requests` (`user_id`, `employee_email`, `title`, `description`) VALUES (\'6\', \'rok.pozar@workforce.com\', \'loh\', \'lohovozovich \')')
 3 SYSTEMPATH\Database\BaseConnection.php(593): CodeIgniter\Database\BaseConnection->simpleQuery('INSERT INTO `requests` (`user_id`, `employee_email`, `title`, `description`) VALUES (\'6\', \'rok.pozar@workforce.com\', \'loh\', \'lohovozovich \')')
 4 SYSTEMPATH\Database\BaseBuilder.php(1916): CodeIgniter\Database\BaseConnection->query('INSERT INTO `requests` (`user_id`, `employee_email`, `title`, `description`) VALUES (:user_id:, :employee_email:, :title:, :description:)', [...], false)
 5 SYSTEMPATH\Model.php(279): CodeIgniter\Database\BaseBuilder->insert()
 6 SYSTEMPATH\BaseModel.php(749): CodeIgniter\Model->doInsert([...])
 7 SYSTEMPATH\Model.php(667): CodeIgniter\BaseModel->insert([...], true)
 8 APPPATH\Controllers\RequestController.php(35): CodeIgniter\Model->insert([...])
 9 SYSTEMPATH\CodeIgniter.php(927): App\Controllers\RequestController->request()
10 SYSTEMPATH\CodeIgniter.php(482): CodeIgniter\CodeIgniter->runController(Object(App\Controllers\RequestController))
11 SYSTEMPATH\CodeIgniter.php(351): CodeIgniter\CodeIgniter->handleRequest(null, Object(Config\Cache), false)
12 FCPATH\index.php(67): CodeIgniter\CodeIgniter->run()
ERROR - 2023-04-06 13:16:55 --> mysqli_sql_exception: Duplicate entry '0' for key 'PRIMARY' in D:\Program Files\xampp\htdocs\workforce\system\Database\MySQLi\Connection.php:292
Stack trace:
#0 D:\Program Files\xampp\htdocs\workforce\system\Database\MySQLi\Connection.php(292): mysqli->query('INSERT INTO `re...', 0)
#1 D:\Program Files\xampp\htdocs\workforce\system\Database\BaseConnection.php(666): CodeIgniter\Database\MySQLi\Connection->execute('INSERT INTO `re...')
#2 D:\Program Files\xampp\htdocs\workforce\system\Database\BaseConnection.php(593): CodeIgniter\Database\BaseConnection->simpleQuery('INSERT INTO `re...')
#3 D:\Program Files\xampp\htdocs\workforce\system\Database\BaseBuilder.php(1916): CodeIgniter\Database\BaseConnection->query('INSERT INTO `re...', Array, false)
#4 D:\Program Files\xampp\htdocs\workforce\system\Model.php(279): CodeIgniter\Database\BaseBuilder->insert()
#5 D:\Program Files\xampp\htdocs\workforce\system\BaseModel.php(749): CodeIgniter\Model->doInsert(Array)
#6 D:\Program Files\xampp\htdocs\workforce\system\Model.php(667): CodeIgniter\BaseModel->insert(Array, true)
#7 D:\Program Files\xampp\htdocs\workforce\app\Controllers\RequestController.php(33): CodeIgniter\Model->insert(Array)
#8 D:\Program Files\xampp\htdocs\workforce\system\CodeIgniter.php(927): App\Controllers\RequestController->request()
#9 D:\Program Files\xampp\htdocs\workforce\system\CodeIgniter.php(482): CodeIgniter\CodeIgniter->runController(Object(App\Controllers\RequestController))
#10 D:\Program Files\xampp\htdocs\workforce\system\CodeIgniter.php(351): CodeIgniter\CodeIgniter->handleRequest(NULL, Object(Config\Cache), false)
#11 D:\Program Files\xampp\htdocs\workforce\public\index.php(67): CodeIgniter\CodeIgniter->run()
#12 {main}
CRITICAL - 2023-04-06 13:16:55 --> Duplicate entry '0' for key 'PRIMARY'
in SYSTEMPATH\Database\MySQLi\Connection.php on line 292.
 1 SYSTEMPATH\Database\MySQLi\Connection.php(292): mysqli->query('INSERT INTO `requests` (`user_id`, `employee_email`, `title`, `description`) VALUES (\'6\', \'rok.pozar@workforce.com\', \'loh\', \'lohovozov x\')', 0)
 2 SYSTEMPATH\Database\BaseConnection.php(666): CodeIgniter\Database\MySQLi\Connection->execute('INSERT INTO `requests` (`user_id`, `employee_email`, `title`, `description`) VALUES (\'6\', \'rok.pozar@workforce.com\', \'loh\', \'lohovozov x\')')
 3 SYSTEMPATH\Database\BaseConnection.php(593): CodeIgniter\Database\BaseConnection->simpleQuery('INSERT INTO `requests` (`user_id`, `employee_email`, `title`, `description`) VALUES (\'6\', \'rok.pozar@workforce.com\', \'loh\', \'lohovozov x\')')
 4 SYSTEMPATH\Database\BaseBuilder.php(1916): CodeIgniter\Database\BaseConnection->query('INSERT INTO `requests` (`user_id`, `employee_email`, `title`, `description`) VALUES (:user_id:, :employee_email:, :title:, :description:)', [...], false)
 5 SYSTEMPATH\Model.php(279): CodeIgniter\Database\BaseBuilder->insert()
 6 SYSTEMPATH\BaseModel.php(749): CodeIgniter\Model->doInsert([...])
 7 SYSTEMPATH\Model.php(667): CodeIgniter\BaseModel->insert([...], true)
 8 APPPATH\Controllers\RequestController.php(33): CodeIgniter\Model->insert([...])
 9 SYSTEMPATH\CodeIgniter.php(927): App\Controllers\RequestController->request()
10 SYSTEMPATH\CodeIgniter.php(482): CodeIgniter\CodeIgniter->runController(Object(App\Controllers\RequestController))
11 SYSTEMPATH\CodeIgniter.php(351): CodeIgniter\CodeIgniter->handleRequest(null, Object(Config\Cache), false)
12 FCPATH\index.php(67): CodeIgniter\CodeIgniter->run()
ERROR - 2023-04-06 13:18:50 --> mysqli_sql_exception: Duplicate entry '0' for key 'PRIMARY' in D:\Program Files\xampp\htdocs\workforce\system\Database\MySQLi\Connection.php:292
Stack trace:
#0 D:\Program Files\xampp\htdocs\workforce\system\Database\MySQLi\Connection.php(292): mysqli->query('INSERT INTO `re...', 0)
#1 D:\Program Files\xampp\htdocs\workforce\system\Database\BaseConnection.php(666): CodeIgniter\Database\MySQLi\Connection->execute('INSERT INTO `re...')
#2 D:\Program Files\xampp\htdocs\workforce\system\Database\BaseConnection.php(593): CodeIgniter\Database\BaseConnection->simpleQuery('INSERT INTO `re...')
#3 D:\Program Files\xampp\htdocs\workforce\system\Database\BaseBuilder.php(1916): CodeIgniter\Database\BaseConnection->query('INSERT INTO `re...', Array, false)
#4 D:\Program Files\xampp\htdocs\workforce\system\Model.php(279): CodeIgniter\Database\BaseBuilder->insert()
#5 D:\Program Files\xampp\htdocs\workforce\system\BaseModel.php(749): CodeIgniter\Model->doInsert(Array)
#6 D:\Program Files\xampp\htdocs\workforce\system\Model.php(667): CodeIgniter\BaseModel->insert(Array, true)
#7 D:\Program Files\xampp\htdocs\workforce\app\Controllers\RequestController.php(33): CodeIgniter\Model->insert(Array)
#8 D:\Program Files\xampp\htdocs\workforce\system\CodeIgniter.php(927): App\Controllers\RequestController->request()
#9 D:\Program Files\xampp\htdocs\workforce\system\CodeIgniter.php(482): CodeIgniter\CodeIgniter->runController(Object(App\Controllers\RequestController))
#10 D:\Program Files\xampp\htdocs\workforce\system\CodeIgniter.php(351): CodeIgniter\CodeIgniter->handleRequest(NULL, Object(Config\Cache), false)
#11 D:\Program Files\xampp\htdocs\workforce\public\index.php(67): CodeIgniter\CodeIgniter->run()
#12 {main}
CRITICAL - 2023-04-06 13:18:50 --> Duplicate entry '0' for key 'PRIMARY'
in SYSTEMPATH\Database\MySQLi\Connection.php on line 292.
 1 SYSTEMPATH\Database\MySQLi\Connection.php(292): mysqli->query('INSERT INTO `requests` (`user_id`, `employee_email`, `title`, `description`) VALUES (\'6\', \'rok.pozar@workforce.com\', \'lkfl\', \'dfsd df sd\')', 0)
 2 SYSTEMPATH\Database\BaseConnection.php(666): CodeIgniter\Database\MySQLi\Connection->execute('INSERT INTO `requests` (`user_id`, `employee_email`, `title`, `description`) VALUES (\'6\', \'rok.pozar@workforce.com\', \'lkfl\', \'dfsd df sd\')')
 3 SYSTEMPATH\Database\BaseConnection.php(593): CodeIgniter\Database\BaseConnection->simpleQuery('INSERT INTO `requests` (`user_id`, `employee_email`, `title`, `description`) VALUES (\'6\', \'rok.pozar@workforce.com\', \'lkfl\', \'dfsd df sd\')')
 4 SYSTEMPATH\Database\BaseBuilder.php(1916): CodeIgniter\Database\BaseConnection->query('INSERT INTO `requests` (`user_id`, `employee_email`, `title`, `description`) VALUES (:user_id:, :employee_email:, :title:, :description:)', [...], false)
 5 SYSTEMPATH\Model.php(279): CodeIgniter\Database\BaseBuilder->insert()
 6 SYSTEMPATH\BaseModel.php(749): CodeIgniter\Model->doInsert([...])
 7 SYSTEMPATH\Model.php(667): CodeIgniter\BaseModel->insert([...], true)
 8 APPPATH\Controllers\RequestController.php(33): CodeIgniter\Model->insert([...])
 9 SYSTEMPATH\CodeIgniter.php(927): App\Controllers\RequestController->request()
10 SYSTEMPATH\CodeIgniter.php(482): CodeIgniter\CodeIgniter->runController(Object(App\Controllers\RequestController))
11 SYSTEMPATH\CodeIgniter.php(351): CodeIgniter\CodeIgniter->handleRequest(null, Object(Config\Cache), false)
12 FCPATH\index.php(67): CodeIgniter\CodeIgniter->run()
ERROR - 2023-04-06 13:19:00 --> mysqli_sql_exception: Duplicate entry '0' for key 'PRIMARY' in D:\Program Files\xampp\htdocs\workforce\system\Database\MySQLi\Connection.php:292
Stack trace:
#0 D:\Program Files\xampp\htdocs\workforce\system\Database\MySQLi\Connection.php(292): mysqli->query('INSERT INTO `re...', 0)
#1 D:\Program Files\xampp\htdocs\workforce\system\Database\BaseConnection.php(666): CodeIgniter\Database\MySQLi\Connection->execute('INSERT INTO `re...')
#2 D:\Program Files\xampp\htdocs\workforce\system\Database\BaseConnection.php(593): CodeIgniter\Database\BaseConnection->simpleQuery('INSERT INTO `re...')
#3 D:\Program Files\xampp\htdocs\workforce\system\Database\BaseBuilder.php(1916): CodeIgniter\Database\BaseConnection->query('INSERT INTO `re...', Array, false)
#4 D:\Program Files\xampp\htdocs\workforce\system\Model.php(279): CodeIgniter\Database\BaseBuilder->insert()
#5 D:\Program Files\xampp\htdocs\workforce\system\BaseModel.php(749): CodeIgniter\Model->doInsert(Array)
#6 D:\Program Files\xampp\htdocs\workforce\system\Model.php(667): CodeIgniter\BaseModel->insert(Array, true)
#7 D:\Program Files\xampp\htdocs\workforce\app\Controllers\RequestController.php(33): CodeIgniter\Model->insert(Array)
#8 D:\Program Files\xampp\htdocs\workforce\system\CodeIgniter.php(927): App\Controllers\RequestController->request()
#9 D:\Program Files\xampp\htdocs\workforce\system\CodeIgniter.php(482): CodeIgniter\CodeIgniter->runController(Object(App\Controllers\RequestController))
#10 D:\Program Files\xampp\htdocs\workforce\system\CodeIgniter.php(351): CodeIgniter\CodeIgniter->handleRequest(NULL, Object(Config\Cache), false)
#11 D:\Program Files\xampp\htdocs\workforce\public\index.php(67): CodeIgniter\CodeIgniter->run()
#12 {main}
CRITICAL - 2023-04-06 13:19:00 --> Duplicate entry '0' for key 'PRIMARY'
in SYSTEMPATH\Database\MySQLi\Connection.php on line 292.
 1 SYSTEMPATH\Database\MySQLi\Connection.php(292): mysqli->query('INSERT INTO `requests` (`user_id`, `employee_email`, `title`, `description`) VALUES (\'6\', \'rok.pozar@workforce.com\', \'lkfl\', \'dfgfdgdfg\')', 0)
 2 SYSTEMPATH\Database\BaseConnection.php(666): CodeIgniter\Database\MySQLi\Connection->execute('INSERT INTO `requests` (`user_id`, `employee_email`, `title`, `description`) VALUES (\'6\', \'rok.pozar@workforce.com\', \'lkfl\', \'dfgfdgdfg\')')
 3 SYSTEMPATH\Database\BaseConnection.php(593): CodeIgniter\Database\BaseConnection->simpleQuery('INSERT INTO `requests` (`user_id`, `employee_email`, `title`, `description`) VALUES (\'6\', \'rok.pozar@workforce.com\', \'lkfl\', \'dfgfdgdfg\')')
 4 SYSTEMPATH\Database\BaseBuilder.php(1916): CodeIgniter\Database\BaseConnection->query('INSERT INTO `requests` (`user_id`, `employee_email`, `title`, `description`) VALUES (:user_id:, :employee_email:, :title:, :description:)', [...], false)
 5 SYSTEMPATH\Model.php(279): CodeIgniter\Database\BaseBuilder->insert()
 6 SYSTEMPATH\BaseModel.php(749): CodeIgniter\Model->doInsert([...])
 7 SYSTEMPATH\Model.php(667): CodeIgniter\BaseModel->insert([...], true)
 8 APPPATH\Controllers\RequestController.php(33): CodeIgniter\Model->insert([...])
 9 SYSTEMPATH\CodeIgniter.php(927): App\Controllers\RequestController->request()
10 SYSTEMPATH\CodeIgniter.php(482): CodeIgniter\CodeIgniter->runController(Object(App\Controllers\RequestController))
11 SYSTEMPATH\CodeIgniter.php(351): CodeIgniter\CodeIgniter->handleRequest(null, Object(Config\Cache), false)
12 FCPATH\index.php(67): CodeIgniter\CodeIgniter->run()
CRITICAL - 2023-04-06 13:23:16 --> Array to string conversion
in APPPATH\Controllers\RequestController.php on line 32.
 1 APPPATH\Controllers\RequestController.php(32): CodeIgniter\Debug\Exceptions->errorHandler(2, 'Array to string conversion', 'APPPATH\\Controllers\\RequestController.php', 32)
 2 SYSTEMPATH\CodeIgniter.php(927): App\Controllers\RequestController->request()
 3 SYSTEMPATH\CodeIgniter.php(482): CodeIgniter\CodeIgniter->runController(Object(App\Controllers\RequestController))
 4 SYSTEMPATH\CodeIgniter.php(351): CodeIgniter\CodeIgniter->handleRequest(null, Object(Config\Cache), false)
 5 FCPATH\index.php(67): CodeIgniter\CodeIgniter->run()
ERROR - 2023-04-06 13:35:10 --> mysqli_sql_exception: Duplicate entry '0' for key 'PRIMARY' in D:\Program Files\xampp\htdocs\workforce\system\Database\MySQLi\Connection.php:292
Stack trace:
#0 D:\Program Files\xampp\htdocs\workforce\system\Database\MySQLi\Connection.php(292): mysqli->query('INSERT INTO `re...', 0)
#1 D:\Program Files\xampp\htdocs\workforce\system\Database\BaseConnection.php(666): CodeIgniter\Database\MySQLi\Connection->execute('INSERT INTO `re...')
#2 D:\Program Files\xampp\htdocs\workforce\system\Database\BaseConnection.php(593): CodeIgniter\Database\BaseConnection->simpleQuery('INSERT INTO `re...')
#3 D:\Program Files\xampp\htdocs\workforce\system\Database\BaseBuilder.php(1916): CodeIgniter\Database\BaseConnection->query('INSERT INTO `re...', Array, false)
#4 D:\Program Files\xampp\htdocs\workforce\system\Model.php(279): CodeIgniter\Database\BaseBuilder->insert()
#5 D:\Program Files\xampp\htdocs\workforce\system\BaseModel.php(749): CodeIgniter\Model->doInsert(Array)
#6 D:\Program Files\xampp\htdocs\workforce\system\Model.php(667): CodeIgniter\BaseModel->insert(Array, false)
#7 D:\Program Files\xampp\htdocs\workforce\system\BaseModel.php(659): CodeIgniter\Model->insert(Array, false)
#8 D:\Program Files\xampp\htdocs\workforce\app\Controllers\RequestController.php(37): CodeIgniter\BaseModel->save(Array)
#9 D:\Program Files\xampp\htdocs\workforce\system\CodeIgniter.php(927): App\Controllers\RequestController->request()
#10 D:\Program Files\xampp\htdocs\workforce\system\CodeIgniter.php(482): CodeIgniter\CodeIgniter->runController(Object(App\Controllers\RequestController))
#11 D:\Program Files\xampp\htdocs\workforce\system\CodeIgniter.php(351): CodeIgniter\CodeIgniter->handleRequest(NULL, Object(Config\Cache), false)
#12 D:\Program Files\xampp\htdocs\workforce\public\index.php(67): CodeIgniter\CodeIgniter->run()
#13 {main}
CRITICAL - 2023-04-06 13:35:10 --> Duplicate entry '0' for key 'PRIMARY'
in SYSTEMPATH\Database\MySQLi\Connection.php on line 292.
 1 SYSTEMPATH\Database\MySQLi\Connection.php(292): mysqli->query('INSERT INTO `requests` (`user_id`, `employee_email`, `title`, `description`) VALUES (\'6\', \'rok.pozar@workforce.com\', \'sds\', \' dsa asda \')', 0)
 2 SYSTEMPATH\Database\BaseConnection.php(666): CodeIgniter\Database\MySQLi\Connection->execute('INSERT INTO `requests` (`user_id`, `employee_email`, `title`, `description`) VALUES (\'6\', \'rok.pozar@workforce.com\', \'sds\', \' dsa asda \')')
 3 SYSTEMPATH\Database\BaseConnection.php(593): CodeIgniter\Database\BaseConnection->simpleQuery('INSERT INTO `requests` (`user_id`, `employee_email`, `title`, `description`) VALUES (\'6\', \'rok.pozar@workforce.com\', \'sds\', \' dsa asda \')')
 4 SYSTEMPATH\Database\BaseBuilder.php(1916): CodeIgniter\Database\BaseConnection->query('INSERT INTO `requests` (`user_id`, `employee_email`, `title`, `description`) VALUES (:user_id:, :employee_email:, :title:, :description:)', [...], false)
 5 SYSTEMPATH\Model.php(279): CodeIgniter\Database\BaseBuilder->insert()
 6 SYSTEMPATH\BaseModel.php(749): CodeIgniter\Model->doInsert([...])
 7 SYSTEMPATH\Model.php(667): CodeIgniter\BaseModel->insert([...], false)
 8 SYSTEMPATH\BaseModel.php(659): CodeIgniter\Model->insert([...], false)
 9 APPPATH\Controllers\RequestController.php(37): CodeIgniter\BaseModel->save([...])
10 SYSTEMPATH\CodeIgniter.php(927): App\Controllers\RequestController->request()
11 SYSTEMPATH\CodeIgniter.php(482): CodeIgniter\CodeIgniter->runController(Object(App\Controllers\RequestController))
12 SYSTEMPATH\CodeIgniter.php(351): CodeIgniter\CodeIgniter->handleRequest(null, Object(Config\Cache), false)
13 FCPATH\index.php(67): CodeIgniter\CodeIgniter->run()
ERROR - 2023-04-06 13:38:59 --> mysqli_sql_exception: Duplicate entry '0' for key 'PRIMARY' in D:\Program Files\xampp\htdocs\workforce\system\Database\MySQLi\Connection.php:292
Stack trace:
#0 D:\Program Files\xampp\htdocs\workforce\system\Database\MySQLi\Connection.php(292): mysqli->query('INSERT INTO `re...', 0)
#1 D:\Program Files\xampp\htdocs\workforce\system\Database\BaseConnection.php(666): CodeIgniter\Database\MySQLi\Connection->execute('INSERT INTO `re...')
#2 D:\Program Files\xampp\htdocs\workforce\system\Database\BaseConnection.php(593): CodeIgniter\Database\BaseConnection->simpleQuery('INSERT INTO `re...')
#3 D:\Program Files\xampp\htdocs\workforce\system\Database\BaseBuilder.php(1916): CodeIgniter\Database\BaseConnection->query('INSERT INTO `re...', Array, false)
#4 D:\Program Files\xampp\htdocs\workforce\system\Model.php(279): CodeIgniter\Database\BaseBuilder->insert()
#5 D:\Program Files\xampp\htdocs\workforce\system\BaseModel.php(749): CodeIgniter\Model->doInsert(Array)
#6 D:\Program Files\xampp\htdocs\workforce\system\Model.php(667): CodeIgniter\BaseModel->insert(Array, false)
#7 D:\Program Files\xampp\htdocs\workforce\system\BaseModel.php(659): CodeIgniter\Model->insert(Array, false)
#8 D:\Program Files\xampp\htdocs\workforce\app\Controllers\RequestController.php(37): CodeIgniter\BaseModel->save(Array)
#9 D:\Program Files\xampp\htdocs\workforce\system\CodeIgniter.php(927): App\Controllers\RequestController->request()
#10 D:\Program Files\xampp\htdocs\workforce\system\CodeIgniter.php(482): CodeIgniter\CodeIgniter->runController(Object(App\Controllers\RequestController))
#11 D:\Program Files\xampp\htdocs\workforce\system\CodeIgniter.php(351): CodeIgniter\CodeIgniter->handleRequest(NULL, Object(Config\Cache), false)
#12 D:\Program Files\xampp\htdocs\workforce\public\index.php(67): CodeIgniter\CodeIgniter->run()
#13 {main}
CRITICAL - 2023-04-06 13:38:59 --> Duplicate entry '0' for key 'PRIMARY'
in SYSTEMPATH\Database\MySQLi\Connection.php on line 292.
 1 SYSTEMPATH\Database\MySQLi\Connection.php(292): mysqli->query('INSERT INTO `requests` (`user_id`, `employee_email`, `title`, `description`) VALUES (\'6\', \'rok.pozar@workforce.com\', \'sds\', \' dsa asda \')', 0)
 2 SYSTEMPATH\Database\BaseConnection.php(666): CodeIgniter\Database\MySQLi\Connection->execute('INSERT INTO `requests` (`user_id`, `employee_email`, `title`, `description`) VALUES (\'6\', \'rok.pozar@workforce.com\', \'sds\', \' dsa asda \')')
 3 SYSTEMPATH\Database\BaseConnection.php(593): CodeIgniter\Database\BaseConnection->simpleQuery('INSERT INTO `requests` (`user_id`, `employee_email`, `title`, `description`) VALUES (\'6\', \'rok.pozar@workforce.com\', \'sds\', \' dsa asda \')')
 4 SYSTEMPATH\Database\BaseBuilder.php(1916): CodeIgniter\Database\BaseConnection->query('INSERT INTO `requests` (`user_id`, `employee_email`, `title`, `description`) VALUES (:user_id:, :employee_email:, :title:, :description:)', [...], false)
 5 SYSTEMPATH\Model.php(279): CodeIgniter\Database\BaseBuilder->insert()
 6 SYSTEMPATH\BaseModel.php(749): CodeIgniter\Model->doInsert([...])
 7 SYSTEMPATH\Model.php(667): CodeIgniter\BaseModel->insert([...], false)
 8 SYSTEMPATH\BaseModel.php(659): CodeIgniter\Model->insert([...], false)
 9 APPPATH\Controllers\RequestController.php(37): CodeIgniter\BaseModel->save([...])
10 SYSTEMPATH\CodeIgniter.php(927): App\Controllers\RequestController->request()
11 SYSTEMPATH\CodeIgniter.php(482): CodeIgniter\CodeIgniter->runController(Object(App\Controllers\RequestController))
12 SYSTEMPATH\CodeIgniter.php(351): CodeIgniter\CodeIgniter->handleRequest(null, Object(Config\Cache), false)
13 FCPATH\index.php(67): CodeIgniter\CodeIgniter->run()
ERROR - 2023-04-06 13:39:09 --> mysqli_sql_exception: Duplicate entry '0' for key 'PRIMARY' in D:\Program Files\xampp\htdocs\workforce\system\Database\MySQLi\Connection.php:292
Stack trace:
#0 D:\Program Files\xampp\htdocs\workforce\system\Database\MySQLi\Connection.php(292): mysqli->query('INSERT INTO `re...', 0)
#1 D:\Program Files\xampp\htdocs\workforce\system\Database\BaseConnection.php(666): CodeIgniter\Database\MySQLi\Connection->execute('INSERT INTO `re...')
#2 D:\Program Files\xampp\htdocs\workforce\system\Database\BaseConnection.php(593): CodeIgniter\Database\BaseConnection->simpleQuery('INSERT INTO `re...')
#3 D:\Program Files\xampp\htdocs\workforce\system\Database\BaseBuilder.php(1916): CodeIgniter\Database\BaseConnection->query('INSERT INTO `re...', Array, false)
#4 D:\Program Files\xampp\htdocs\workforce\system\Model.php(279): CodeIgniter\Database\BaseBuilder->insert()
#5 D:\Program Files\xampp\htdocs\workforce\system\BaseModel.php(749): CodeIgniter\Model->doInsert(Array)
#6 D:\Program Files\xampp\htdocs\workforce\system\Model.php(667): CodeIgniter\BaseModel->insert(Array, false)
#7 D:\Program Files\xampp\htdocs\workforce\system\BaseModel.php(659): CodeIgniter\Model->insert(Array, false)
#8 D:\Program Files\xampp\htdocs\workforce\app\Controllers\RequestController.php(37): CodeIgniter\BaseModel->save(Array)
#9 D:\Program Files\xampp\htdocs\workforce\system\CodeIgniter.php(927): App\Controllers\RequestController->request()
#10 D:\Program Files\xampp\htdocs\workforce\system\CodeIgniter.php(482): CodeIgniter\CodeIgniter->runController(Object(App\Controllers\RequestController))
#11 D:\Program Files\xampp\htdocs\workforce\system\CodeIgniter.php(351): CodeIgniter\CodeIgniter->handleRequest(NULL, Object(Config\Cache), false)
#12 D:\Program Files\xampp\htdocs\workforce\public\index.php(67): CodeIgniter\CodeIgniter->run()
#13 {main}
CRITICAL - 2023-04-06 13:39:09 --> Duplicate entry '0' for key 'PRIMARY'
in SYSTEMPATH\Database\MySQLi\Connection.php on line 292.
 1 SYSTEMPATH\Database\MySQLi\Connection.php(292): mysqli->query('INSERT INTO `requests` (`user_id`, `employee_email`, `title`, `description`) VALUES (\'6\', \'rok.pozar@workforce.com\', \'sds\', \'dsaasda \')', 0)
 2 SYSTEMPATH\Database\BaseConnection.php(666): CodeIgniter\Database\MySQLi\Connection->execute('INSERT INTO `requests` (`user_id`, `employee_email`, `title`, `description`) VALUES (\'6\', \'rok.pozar@workforce.com\', \'sds\', \'dsaasda \')')
 3 SYSTEMPATH\Database\BaseConnection.php(593): CodeIgniter\Database\BaseConnection->simpleQuery('INSERT INTO `requests` (`user_id`, `employee_email`, `title`, `description`) VALUES (\'6\', \'rok.pozar@workforce.com\', \'sds\', \'dsaasda \')')
 4 SYSTEMPATH\Database\BaseBuilder.php(1916): CodeIgniter\Database\BaseConnection->query('INSERT INTO `requests` (`user_id`, `employee_email`, `title`, `description`) VALUES (:user_id:, :employee_email:, :title:, :description:)', [...], false)
 5 SYSTEMPATH\Model.php(279): CodeIgniter\Database\BaseBuilder->insert()
 6 SYSTEMPATH\BaseModel.php(749): CodeIgniter\Model->doInsert([...])
 7 SYSTEMPATH\Model.php(667): CodeIgniter\BaseModel->insert([...], false)
 8 SYSTEMPATH\BaseModel.php(659): CodeIgniter\Model->insert([...], false)
 9 APPPATH\Controllers\RequestController.php(37): CodeIgniter\BaseModel->save([...])
10 SYSTEMPATH\CodeIgniter.php(927): App\Controllers\RequestController->request()
11 SYSTEMPATH\CodeIgniter.php(482): CodeIgniter\CodeIgniter->runController(Object(App\Controllers\RequestController))
12 SYSTEMPATH\CodeIgniter.php(351): CodeIgniter\CodeIgniter->handleRequest(null, Object(Config\Cache), false)
13 FCPATH\index.php(67): CodeIgniter\CodeIgniter->run()
ERROR - 2023-04-06 13:42:18 --> mysqli_sql_exception: Duplicate entry '0' for key 'PRIMARY' in D:\Program Files\xampp\htdocs\workforce\system\Database\MySQLi\Connection.php:292
Stack trace:
#0 D:\Program Files\xampp\htdocs\workforce\system\Database\MySQLi\Connection.php(292): mysqli->query('INSERT INTO `re...', 0)
#1 D:\Program Files\xampp\htdocs\workforce\system\Database\BaseConnection.php(666): CodeIgniter\Database\MySQLi\Connection->execute('INSERT INTO `re...')
#2 D:\Program Files\xampp\htdocs\workforce\system\Database\BaseConnection.php(593): CodeIgniter\Database\BaseConnection->simpleQuery('INSERT INTO `re...')
#3 D:\Program Files\xampp\htdocs\workforce\system\Database\BaseBuilder.php(1916): CodeIgniter\Database\BaseConnection->query('INSERT INTO `re...', Array, false)
#4 D:\Program Files\xampp\htdocs\workforce\system\Model.php(279): CodeIgniter\Database\BaseBuilder->insert()
#5 D:\Program Files\xampp\htdocs\workforce\system\BaseModel.php(749): CodeIgniter\Model->doInsert(Array)
#6 D:\Program Files\xampp\htdocs\workforce\system\Model.php(667): CodeIgniter\BaseModel->insert(Array, false)
#7 D:\Program Files\xampp\htdocs\workforce\system\BaseModel.php(659): CodeIgniter\Model->insert(Array, false)
#8 D:\Program Files\xampp\htdocs\workforce\app\Controllers\RequestController.php(37): CodeIgniter\BaseModel->save(Array)
#9 D:\Program Files\xampp\htdocs\workforce\system\CodeIgniter.php(927): App\Controllers\RequestController->request()
#10 D:\Program Files\xampp\htdocs\workforce\system\CodeIgniter.php(482): CodeIgniter\CodeIgniter->runController(Object(App\Controllers\RequestController))
#11 D:\Program Files\xampp\htdocs\workforce\system\CodeIgniter.php(351): CodeIgniter\CodeIgniter->handleRequest(NULL, Object(Config\Cache), false)
#12 D:\Program Files\xampp\htdocs\workforce\public\index.php(67): CodeIgniter\CodeIgniter->run()
#13 {main}
CRITICAL - 2023-04-06 13:42:18 --> Duplicate entry '0' for key 'PRIMARY'
in SYSTEMPATH\Database\MySQLi\Connection.php on line 292.
 1 SYSTEMPATH\Database\MySQLi\Connection.php(292): mysqli->query('INSERT INTO `requests` (`user_id`, `employee_email`, `title`, `description`) VALUES (\'6\', \'rok.pozar@workforce.com\', \'df\', \'dsad \')', 0)
 2 SYSTEMPATH\Database\BaseConnection.php(666): CodeIgniter\Database\MySQLi\Connection->execute('INSERT INTO `requests` (`user_id`, `employee_email`, `title`, `description`) VALUES (\'6\', \'rok.pozar@workforce.com\', \'df\', \'dsad \')')
 3 SYSTEMPATH\Database\BaseConnection.php(593): CodeIgniter\Database\BaseConnection->simpleQuery('INSERT INTO `requests` (`user_id`, `employee_email`, `title`, `description`) VALUES (\'6\', \'rok.pozar@workforce.com\', \'df\', \'dsad \')')
 4 SYSTEMPATH\Database\BaseBuilder.php(1916): CodeIgniter\Database\BaseConnection->query('INSERT INTO `requests` (`user_id`, `employee_email`, `title`, `description`) VALUES (:user_id:, :employee_email:, :title:, :description:)', [...], false)
 5 SYSTEMPATH\Model.php(279): CodeIgniter\Database\BaseBuilder->insert()
 6 SYSTEMPATH\BaseModel.php(749): CodeIgniter\Model->doInsert([...])
 7 SYSTEMPATH\Model.php(667): CodeIgniter\BaseModel->insert([...], false)
 8 SYSTEMPATH\BaseModel.php(659): CodeIgniter\Model->insert([...], false)
 9 APPPATH\Controllers\RequestController.php(37): CodeIgniter\BaseModel->save([...])
10 SYSTEMPATH\CodeIgniter.php(927): App\Controllers\RequestController->request()
11 SYSTEMPATH\CodeIgniter.php(482): CodeIgniter\CodeIgniter->runController(Object(App\Controllers\RequestController))
12 SYSTEMPATH\CodeIgniter.php(351): CodeIgniter\CodeIgniter->handleRequest(null, Object(Config\Cache), false)
13 FCPATH\index.php(67): CodeIgniter\CodeIgniter->run()
ERROR - 2023-04-06 13:44:25 --> mysqli_sql_exception: Duplicate entry '0' for key 'PRIMARY' in D:\Program Files\xampp\htdocs\workforce\system\Database\MySQLi\Connection.php:292
Stack trace:
#0 D:\Program Files\xampp\htdocs\workforce\system\Database\MySQLi\Connection.php(292): mysqli->query('INSERT INTO `re...', 0)
#1 D:\Program Files\xampp\htdocs\workforce\system\Database\BaseConnection.php(666): CodeIgniter\Database\MySQLi\Connection->execute('INSERT INTO `re...')
#2 D:\Program Files\xampp\htdocs\workforce\system\Database\BaseConnection.php(593): CodeIgniter\Database\BaseConnection->simpleQuery('INSERT INTO `re...')
#3 D:\Program Files\xampp\htdocs\workforce\system\Database\BaseBuilder.php(1916): CodeIgniter\Database\BaseConnection->query('INSERT INTO `re...', Array, false)
#4 D:\Program Files\xampp\htdocs\workforce\system\Model.php(279): CodeIgniter\Database\BaseBuilder->insert()
#5 D:\Program Files\xampp\htdocs\workforce\system\BaseModel.php(749): CodeIgniter\Model->doInsert(Array)
#6 D:\Program Files\xampp\htdocs\workforce\system\Model.php(667): CodeIgniter\BaseModel->insert(Array, false)
#7 D:\Program Files\xampp\htdocs\workforce\system\BaseModel.php(659): CodeIgniter\Model->insert(Array, false)
#8 D:\Program Files\xampp\htdocs\workforce\app\Controllers\RequestController.php(37): CodeIgniter\BaseModel->save(Array)
#9 D:\Program Files\xampp\htdocs\workforce\system\CodeIgniter.php(927): App\Controllers\RequestController->request()
#10 D:\Program Files\xampp\htdocs\workforce\system\CodeIgniter.php(482): CodeIgniter\CodeIgniter->runController(Object(App\Controllers\RequestController))
#11 D:\Program Files\xampp\htdocs\workforce\system\CodeIgniter.php(351): CodeIgniter\CodeIgniter->handleRequest(NULL, Object(Config\Cache), false)
#12 D:\Program Files\xampp\htdocs\workforce\public\index.php(67): CodeIgniter\CodeIgniter->run()
#13 {main}
CRITICAL - 2023-04-06 13:44:25 --> Duplicate entry '0' for key 'PRIMARY'
in SYSTEMPATH\Database\MySQLi\Connection.php on line 292.
 1 SYSTEMPATH\Database\MySQLi\Connection.php(292): mysqli->query('INSERT INTO `requests` (`user_id`, `employee_email`, `title`, `description`) VALUES (\'6\', \'rok.pozar@workforce.com\', \'df\', \'dsad \')', 0)
 2 SYSTEMPATH\Database\BaseConnection.php(666): CodeIgniter\Database\MySQLi\Connection->execute('INSERT INTO `requests` (`user_id`, `employee_email`, `title`, `description`) VALUES (\'6\', \'rok.pozar@workforce.com\', \'df\', \'dsad \')')
 3 SYSTEMPATH\Database\BaseConnection.php(593): CodeIgniter\Database\BaseConnection->simpleQuery('INSERT INTO `requests` (`user_id`, `employee_email`, `title`, `description`) VALUES (\'6\', \'rok.pozar@workforce.com\', \'df\', \'dsad \')')
 4 SYSTEMPATH\Database\BaseBuilder.php(1916): CodeIgniter\Database\BaseConnection->query('INSERT INTO `requests` (`user_id`, `employee_email`, `title`, `description`) VALUES (:user_id:, :employee_email:, :title:, :description:)', [...], false)
 5 SYSTEMPATH\Model.php(279): CodeIgniter\Database\BaseBuilder->insert()
 6 SYSTEMPATH\BaseModel.php(749): CodeIgniter\Model->doInsert([...])
 7 SYSTEMPATH\Model.php(667): CodeIgniter\BaseModel->insert([...], false)
 8 SYSTEMPATH\BaseModel.php(659): CodeIgniter\Model->insert([...], false)
 9 APPPATH\Controllers\RequestController.php(37): CodeIgniter\BaseModel->save([...])
10 SYSTEMPATH\CodeIgniter.php(927): App\Controllers\RequestController->request()
11 SYSTEMPATH\CodeIgniter.php(482): CodeIgniter\CodeIgniter->runController(Object(App\Controllers\RequestController))
12 SYSTEMPATH\CodeIgniter.php(351): CodeIgniter\CodeIgniter->handleRequest(null, Object(Config\Cache), false)
13 FCPATH\index.php(67): CodeIgniter\CodeIgniter->run()
ERROR - 2023-04-06 13:44:44 --> mysqli_sql_exception: Duplicate entry '0' for key 'PRIMARY' in D:\Program Files\xampp\htdocs\workforce\system\Database\MySQLi\Connection.php:292
Stack trace:
#0 D:\Program Files\xampp\htdocs\workforce\system\Database\MySQLi\Connection.php(292): mysqli->query('INSERT INTO `re...', 0)
#1 D:\Program Files\xampp\htdocs\workforce\system\Database\BaseConnection.php(666): CodeIgniter\Database\MySQLi\Connection->execute('INSERT INTO `re...')
#2 D:\Program Files\xampp\htdocs\workforce\system\Database\BaseConnection.php(593): CodeIgniter\Database\BaseConnection->simpleQuery('INSERT INTO `re...')
#3 D:\Program Files\xampp\htdocs\workforce\system\Database\BaseBuilder.php(1916): CodeIgniter\Database\BaseConnection->query('INSERT INTO `re...', Array, false)
#4 D:\Program Files\xampp\htdocs\workforce\system\Model.php(279): CodeIgniter\Database\BaseBuilder->insert()
#5 D:\Program Files\xampp\htdocs\workforce\system\BaseModel.php(749): CodeIgniter\Model->doInsert(Array)
#6 D:\Program Files\xampp\htdocs\workforce\system\Model.php(667): CodeIgniter\BaseModel->insert(Array, false)
#7 D:\Program Files\xampp\htdocs\workforce\system\BaseModel.php(659): CodeIgniter\Model->insert(Array, false)
#8 D:\Program Files\xampp\htdocs\workforce\app\Controllers\RequestController.php(37): CodeIgniter\BaseModel->save(Array)
#9 D:\Program Files\xampp\htdocs\workforce\system\CodeIgniter.php(927): App\Controllers\RequestController->request()
#10 D:\Program Files\xampp\htdocs\workforce\system\CodeIgniter.php(482): CodeIgniter\CodeIgniter->runController(Object(App\Controllers\RequestController))
#11 D:\Program Files\xampp\htdocs\workforce\system\CodeIgniter.php(351): CodeIgniter\CodeIgniter->handleRequest(NULL, Object(Config\Cache), false)
#12 D:\Program Files\xampp\htdocs\workforce\public\index.php(67): CodeIgniter\CodeIgniter->run()
#13 {main}
CRITICAL - 2023-04-06 13:44:44 --> Duplicate entry '0' for key 'PRIMARY'
in SYSTEMPATH\Database\MySQLi\Connection.php on line 292.
 1 SYSTEMPATH\Database\MySQLi\Connection.php(292): mysqli->query('INSERT INTO `requests` (`user_id`, `employee_email`, `title`, `description`) VALUES (\'6\', \'rok.pozar@workforce.com\', \'Rg\', \'EDFSF\')', 0)
 2 SYSTEMPATH\Database\BaseConnection.php(666): CodeIgniter\Database\MySQLi\Connection->execute('INSERT INTO `requests` (`user_id`, `employee_email`, `title`, `description`) VALUES (\'6\', \'rok.pozar@workforce.com\', \'Rg\', \'EDFSF\')')
 3 SYSTEMPATH\Database\BaseConnection.php(593): CodeIgniter\Database\BaseConnection->simpleQuery('INSERT INTO `requests` (`user_id`, `employee_email`, `title`, `description`) VALUES (\'6\', \'rok.pozar@workforce.com\', \'Rg\', \'EDFSF\')')
 4 SYSTEMPATH\Database\BaseBuilder.php(1916): CodeIgniter\Database\BaseConnection->query('INSERT INTO `requests` (`user_id`, `employee_email`, `title`, `description`) VALUES (:user_id:, :employee_email:, :title:, :description:)', [...], false)
 5 SYSTEMPATH\Model.php(279): CodeIgniter\Database\BaseBuilder->insert()
 6 SYSTEMPATH\BaseModel.php(749): CodeIgniter\Model->doInsert([...])
 7 SYSTEMPATH\Model.php(667): CodeIgniter\BaseModel->insert([...], false)
 8 SYSTEMPATH\BaseModel.php(659): CodeIgniter\Model->insert([...], false)
 9 APPPATH\Controllers\RequestController.php(37): CodeIgniter\BaseModel->save([...])
10 SYSTEMPATH\CodeIgniter.php(927): App\Controllers\RequestController->request()
11 SYSTEMPATH\CodeIgniter.php(482): CodeIgniter\CodeIgniter->runController(Object(App\Controllers\RequestController))
12 SYSTEMPATH\CodeIgniter.php(351): CodeIgniter\CodeIgniter->handleRequest(null, Object(Config\Cache), false)
13 FCPATH\index.php(67): CodeIgniter\CodeIgniter->run()
ERROR - 2023-04-06 13:45:43 --> mysqli_sql_exception: Duplicate entry '0' for key 'PRIMARY' in D:\Program Files\xampp\htdocs\workforce\system\Database\MySQLi\Connection.php:292
Stack trace:
#0 D:\Program Files\xampp\htdocs\workforce\system\Database\MySQLi\Connection.php(292): mysqli->query('INSERT INTO `re...', 0)
#1 D:\Program Files\xampp\htdocs\workforce\system\Database\BaseConnection.php(666): CodeIgniter\Database\MySQLi\Connection->execute('INSERT INTO `re...')
#2 D:\Program Files\xampp\htdocs\workforce\system\Database\BaseConnection.php(593): CodeIgniter\Database\BaseConnection->simpleQuery('INSERT INTO `re...')
#3 D:\Program Files\xampp\htdocs\workforce\system\Database\BaseBuilder.php(1916): CodeIgniter\Database\BaseConnection->query('INSERT INTO `re...', Array, false)
#4 D:\Program Files\xampp\htdocs\workforce\system\Model.php(279): CodeIgniter\Database\BaseBuilder->insert()
#5 D:\Program Files\xampp\htdocs\workforce\system\BaseModel.php(749): CodeIgniter\Model->doInsert(Array)
#6 D:\Program Files\xampp\htdocs\workforce\system\Model.php(667): CodeIgniter\BaseModel->insert(Array, false)
#7 D:\Program Files\xampp\htdocs\workforce\system\BaseModel.php(659): CodeIgniter\Model->insert(Array, false)
#8 D:\Program Files\xampp\htdocs\workforce\app\Controllers\RequestController.php(36): CodeIgniter\BaseModel->save(Array)
#9 D:\Program Files\xampp\htdocs\workforce\system\CodeIgniter.php(927): App\Controllers\RequestController->request()
#10 D:\Program Files\xampp\htdocs\workforce\system\CodeIgniter.php(482): CodeIgniter\CodeIgniter->runController(Object(App\Controllers\RequestController))
#11 D:\Program Files\xampp\htdocs\workforce\system\CodeIgniter.php(351): CodeIgniter\CodeIgniter->handleRequest(NULL, Object(Config\Cache), false)
#12 D:\Program Files\xampp\htdocs\workforce\public\index.php(67): CodeIgniter\CodeIgniter->run()
#13 {main}
CRITICAL - 2023-04-06 13:45:43 --> Duplicate entry '0' for key 'PRIMARY'
in SYSTEMPATH\Database\MySQLi\Connection.php on line 292.
 1 SYSTEMPATH\Database\MySQLi\Connection.php(292): mysqli->query('INSERT INTO `requests` (`user_id`, `employee_email`, `title`, `description`) VALUES (\'6\', \'rok.pozar@workforce.com\', \'Rg\', \'EDFSF\')', 0)
 2 SYSTEMPATH\Database\BaseConnection.php(666): CodeIgniter\Database\MySQLi\Connection->execute('INSERT INTO `requests` (`user_id`, `employee_email`, `title`, `description`) VALUES (\'6\', \'rok.pozar@workforce.com\', \'Rg\', \'EDFSF\')')
 3 SYSTEMPATH\Database\BaseConnection.php(593): CodeIgniter\Database\BaseConnection->simpleQuery('INSERT INTO `requests` (`user_id`, `employee_email`, `title`, `description`) VALUES (\'6\', \'rok.pozar@workforce.com\', \'Rg\', \'EDFSF\')')
 4 SYSTEMPATH\Database\BaseBuilder.php(1916): CodeIgniter\Database\BaseConnection->query('INSERT INTO `requests` (`user_id`, `employee_email`, `title`, `description`) VALUES (:user_id:, :employee_email:, :title:, :description:)', [...], false)
 5 SYSTEMPATH\Model.php(279): CodeIgniter\Database\BaseBuilder->insert()
 6 SYSTEMPATH\BaseModel.php(749): CodeIgniter\Model->doInsert([...])
 7 SYSTEMPATH\Model.php(667): CodeIgniter\BaseModel->insert([...], false)
 8 SYSTEMPATH\BaseModel.php(659): CodeIgniter\Model->insert([...], false)
 9 APPPATH\Controllers\RequestController.php(36): CodeIgniter\BaseModel->save([...])
10 SYSTEMPATH\CodeIgniter.php(927): App\Controllers\RequestController->request()
11 SYSTEMPATH\CodeIgniter.php(482): CodeIgniter\CodeIgniter->runController(Object(App\Controllers\RequestController))
12 SYSTEMPATH\CodeIgniter.php(351): CodeIgniter\CodeIgniter->handleRequest(null, Object(Config\Cache), false)
13 FCPATH\index.php(67): CodeIgniter\CodeIgniter->run()
CRITICAL - 2023-04-06 13:52:56 --> Class "App\Controllers\Controller" not found
in APPPATH\Controllers\RequestController.php on line 5.
 1 SYSTEMPATH\Autoloader\Autoloader.php(282): include_once()
 2 SYSTEMPATH\Autoloader\Autoloader.php(259): CodeIgniter\Autoloader\Autoloader->includeFile('APPPATH\\Controllers\\RequestController.php')
 3 SYSTEMPATH\Autoloader\Autoloader.php(237): CodeIgniter\Autoloader\Autoloader->loadInNamespace('App\\Controllers\\RequestController')
 4 [internal function]: CodeIgniter\Autoloader\Autoloader->loadClass('App\\Controllers\\RequestController')
 5 SYSTEMPATH\CodeIgniter.php(877): class_exists('\\App\\Controllers\\RequestController', true)
 6 SYSTEMPATH\CodeIgniter.php(469): CodeIgniter\CodeIgniter->startController()
 7 SYSTEMPATH\CodeIgniter.php(351): CodeIgniter\CodeIgniter->handleRequest(null, Object(Config\Cache), false)
 8 FCPATH\index.php(67): CodeIgniter\CodeIgniter->run()
CRITICAL - 2023-04-06 13:53:07 --> Class "App\Controllers\Controller" not found
in APPPATH\Controllers\RequestController.php on line 5.
 1 SYSTEMPATH\Autoloader\Autoloader.php(282): include_once()
 2 SYSTEMPATH\Autoloader\Autoloader.php(259): CodeIgniter\Autoloader\Autoloader->includeFile('APPPATH\\Controllers\\RequestController.php')
 3 SYSTEMPATH\Autoloader\Autoloader.php(237): CodeIgniter\Autoloader\Autoloader->loadInNamespace('App\\Controllers\\RequestController')
 4 [internal function]: CodeIgniter\Autoloader\Autoloader->loadClass('App\\Controllers\\RequestController')
 5 SYSTEMPATH\CodeIgniter.php(877): class_exists('\\App\\Controllers\\RequestController', true)
 6 SYSTEMPATH\CodeIgniter.php(469): CodeIgniter\CodeIgniter->startController()
 7 SYSTEMPATH\CodeIgniter.php(351): CodeIgniter\CodeIgniter->handleRequest(null, Object(Config\Cache), false)
 8 FCPATH\index.php(67): CodeIgniter\CodeIgniter->run()
CRITICAL - 2023-04-06 13:53:15 --> Class "App\Controllers\Controller" not found
in APPPATH\Controllers\RequestController.php on line 5.
 1 SYSTEMPATH\Autoloader\Autoloader.php(282): include_once()
 2 SYSTEMPATH\Autoloader\Autoloader.php(259): CodeIgniter\Autoloader\Autoloader->includeFile('APPPATH\\Controllers\\RequestController.php')
 3 SYSTEMPATH\Autoloader\Autoloader.php(237): CodeIgniter\Autoloader\Autoloader->loadInNamespace('App\\Controllers\\RequestController')
 4 [internal function]: CodeIgniter\Autoloader\Autoloader->loadClass('App\\Controllers\\RequestController')
 5 SYSTEMPATH\CodeIgniter.php(877): class_exists('\\App\\Controllers\\RequestController', true)
 6 SYSTEMPATH\CodeIgniter.php(469): CodeIgniter\CodeIgniter->startController()
 7 SYSTEMPATH\CodeIgniter.php(351): CodeIgniter\CodeIgniter->handleRequest(null, Object(Config\Cache), false)
 8 FCPATH\index.php(67): CodeIgniter\CodeIgniter->run()
