ERROR - 2023-02-14 14:06:54 --> mysqli_sql_exception: Duplicate entry '0' for key 'PRIMARY' in D:\Program Files\xampp\htdocs\workforce\system\Database\MySQLi\Connection.php:292
Stack trace:
#0 D:\Program Files\xampp\htdocs\workforce\system\Database\MySQLi\Connection.php(292): mysqli->query('INSERT INTO `re...', 0)
#1 D:\Program Files\xampp\htdocs\workforce\system\Database\BaseConnection.php(666): CodeIgniter\Database\MySQLi\Connection->execute('INSERT INTO `re...')
#2 D:\Program Files\xampp\htdocs\workforce\system\Database\BaseConnection.php(593): CodeIgniter\Database\BaseConnection->simpleQuery('INSERT INTO `re...')
#3 D:\Program Files\xampp\htdocs\workforce\system\Database\BaseBuilder.php(1916): CodeIgniter\Database\BaseConnection->query('INSERT INTO `re...', Array, false)
#4 D:\Program Files\xampp\htdocs\workforce\system\Model.php(279): CodeIgniter\Database\BaseBuilder->insert()
#5 D:\Program Files\xampp\htdocs\workforce\system\BaseModel.php(749): CodeIgniter\Model->doInsert(Array)
#6 D:\Program Files\xampp\htdocs\workforce\system\Model.php(667): CodeIgniter\BaseModel->insert(Array, false)
#7 D:\Program Files\xampp\htdocs\workforce\system\BaseModel.php(659): CodeIgniter\Model->insert(Array, false)
#8 D:\Program Files\xampp\htdocs\workforce\app\Controllers\RequestController.php(38): CodeIgniter\BaseModel->save(Array)
#9 D:\Program Files\xampp\htdocs\workforce\system\CodeIgniter.php(927): App\Controllers\RequestController->request()
#10 D:\Program Files\xampp\htdocs\workforce\system\CodeIgniter.php(482): CodeIgniter\CodeIgniter->runController(Object(App\Controllers\RequestController))
#11 D:\Program Files\xampp\htdocs\workforce\system\CodeIgniter.php(351): CodeIgniter\CodeIgniter->handleRequest(NULL, Object(Config\Cache), false)
#12 D:\Program Files\xampp\htdocs\workforce\public\index.php(67): CodeIgniter\CodeIgniter->run()
#13 {main}
CRITICAL - 2023-02-14 14:06:55 --> Duplicate entry '0' for key 'PRIMARY'
in SYSTEMPATH\Database\MySQLi\Connection.php on line 292.
 1 SYSTEMPATH\Database\MySQLi\Connection.php(292): mysqli->query('INSERT INTO `requests` (`user_id`, `employee_email`, `title`, `description`) VALUES (\'5\', \'rok.pozar@workforce.com\', \'LOL\', \'jgfjkhdfjk jgndjk \')', 0)
 2 SYSTEMPATH\Database\BaseConnection.php(666): CodeIgniter\Database\MySQLi\Connection->execute('INSERT INTO `requests` (`user_id`, `employee_email`, `title`, `description`) VALUES (\'5\', \'rok.pozar@workforce.com\', \'LOL\', \'jgfjkhdfjk jgndjk \')')
 3 SYSTEMPATH\Database\BaseConnection.php(593): CodeIgniter\Database\BaseConnection->simpleQuery('INSERT INTO `requests` (`user_id`, `employee_email`, `title`, `description`) VALUES (\'5\', \'rok.pozar@workforce.com\', \'LOL\', \'jgfjkhdfjk jgndjk \')')
 4 SYSTEMPATH\Database\BaseBuilder.php(1916): CodeIgniter\Database\BaseConnection->query('INSERT INTO `requests` (`user_id`, `employee_email`, `title`, `description`) VALUES (:user_id:, :employee_email:, :title:, :description:)', [...], false)
 5 SYSTEMPATH\Model.php(279): CodeIgniter\Database\BaseBuilder->insert()
 6 SYSTEMPATH\BaseModel.php(749): CodeIgniter\Model->doInsert([...])
 7 SYSTEMPATH\Model.php(667): CodeIgniter\BaseModel->insert([...], false)
 8 SYSTEMPATH\BaseModel.php(659): CodeIgniter\Model->insert([...], false)
 9 APPPATH\Controllers\RequestController.php(38): CodeIgniter\BaseModel->save([...])
10 SYSTEMPATH\CodeIgniter.php(927): App\Controllers\RequestController->request()
11 SYSTEMPATH\CodeIgniter.php(482): CodeIgniter\CodeIgniter->runController(Object(App\Controllers\RequestController))
12 SYSTEMPATH\CodeIgniter.php(351): CodeIgniter\CodeIgniter->handleRequest(null, Object(Config\Cache), false)
13 FCPATH\index.php(67): CodeIgniter\CodeIgniter->run()
ERROR - 2023-02-14 14:08:00 --> mysqli_sql_exception: Duplicate entry '0' for key 'PRIMARY' in D:\Program Files\xampp\htdocs\workforce\system\Database\MySQLi\Connection.php:292
Stack trace:
#0 D:\Program Files\xampp\htdocs\workforce\system\Database\MySQLi\Connection.php(292): mysqli->query('INSERT INTO `re...', 0)
#1 D:\Program Files\xampp\htdocs\workforce\system\Database\BaseConnection.php(666): CodeIgniter\Database\MySQLi\Connection->execute('INSERT INTO `re...')
#2 D:\Program Files\xampp\htdocs\workforce\system\Database\BaseConnection.php(593): CodeIgniter\Database\BaseConnection->simpleQuery('INSERT INTO `re...')
#3 D:\Program Files\xampp\htdocs\workforce\system\Database\BaseBuilder.php(1916): CodeIgniter\Database\BaseConnection->query('INSERT INTO `re...', Array, false)
#4 D:\Program Files\xampp\htdocs\workforce\system\Model.php(279): CodeIgniter\Database\BaseBuilder->insert()
#5 D:\Program Files\xampp\htdocs\workforce\system\BaseModel.php(749): CodeIgniter\Model->doInsert(Array)
#6 D:\Program Files\xampp\htdocs\workforce\system\Model.php(667): CodeIgniter\BaseModel->insert(Array, false)
#7 D:\Program Files\xampp\htdocs\workforce\system\BaseModel.php(659): CodeIgniter\Model->insert(Array, false)
#8 D:\Program Files\xampp\htdocs\workforce\app\Controllers\RequestController.php(38): CodeIgniter\BaseModel->save(Array)
#9 D:\Program Files\xampp\htdocs\workforce\system\CodeIgniter.php(927): App\Controllers\RequestController->request()
#10 D:\Program Files\xampp\htdocs\workforce\system\CodeIgniter.php(482): CodeIgniter\CodeIgniter->runController(Object(App\Controllers\RequestController))
#11 D:\Program Files\xampp\htdocs\workforce\system\CodeIgniter.php(351): CodeIgniter\CodeIgniter->handleRequest(NULL, Object(Config\Cache), false)
#12 D:\Program Files\xampp\htdocs\workforce\public\index.php(67): CodeIgniter\CodeIgniter->run()
#13 {main}
CRITICAL - 2023-02-14 14:08:00 --> Duplicate entry '0' for key 'PRIMARY'
in SYSTEMPATH\Database\MySQLi\Connection.php on line 292.
 1 SYSTEMPATH\Database\MySQLi\Connection.php(292): mysqli->query('INSERT INTO `requests` (`user_id`, `employee_email`, `title`, `description`) VALUES (\'5\', \'rok.pozar@workforce.com\', \'fgfg\', \'jgfjkhdfjk jgndjk \')', 0)
 2 SYSTEMPATH\Database\BaseConnection.php(666): CodeIgniter\Database\MySQLi\Connection->execute('INSERT INTO `requests` (`user_id`, `employee_email`, `title`, `description`) VALUES (\'5\', \'rok.pozar@workforce.com\', \'fgfg\', \'jgfjkhdfjk jgndjk \')')
 3 SYSTEMPATH\Database\BaseConnection.php(593): CodeIgniter\Database\BaseConnection->simpleQuery('INSERT INTO `requests` (`user_id`, `employee_email`, `title`, `description`) VALUES (\'5\', \'rok.pozar@workforce.com\', \'fgfg\', \'jgfjkhdfjk jgndjk \')')
 4 SYSTEMPATH\Database\BaseBuilder.php(1916): CodeIgniter\Database\BaseConnection->query('INSERT INTO `requests` (`user_id`, `employee_email`, `title`, `description`) VALUES (:user_id:, :employee_email:, :title:, :description:)', [...], false)
 5 SYSTEMPATH\Model.php(279): CodeIgniter\Database\BaseBuilder->insert()
 6 SYSTEMPATH\BaseModel.php(749): CodeIgniter\Model->doInsert([...])
 7 SYSTEMPATH\Model.php(667): CodeIgniter\BaseModel->insert([...], false)
 8 SYSTEMPATH\BaseModel.php(659): CodeIgniter\Model->insert([...], false)
 9 APPPATH\Controllers\RequestController.php(38): CodeIgniter\BaseModel->save([...])
10 SYSTEMPATH\CodeIgniter.php(927): App\Controllers\RequestController->request()
11 SYSTEMPATH\CodeIgniter.php(482): CodeIgniter\CodeIgniter->runController(Object(App\Controllers\RequestController))
12 SYSTEMPATH\CodeIgniter.php(351): CodeIgniter\CodeIgniter->handleRequest(null, Object(Config\Cache), false)
13 FCPATH\index.php(67): CodeIgniter\CodeIgniter->run()
ERROR - 2023-02-14 14:08:16 --> mysqli_sql_exception: Duplicate entry '0' for key 'PRIMARY' in D:\Program Files\xampp\htdocs\workforce\system\Database\MySQLi\Connection.php:292
Stack trace:
#0 D:\Program Files\xampp\htdocs\workforce\system\Database\MySQLi\Connection.php(292): mysqli->query('INSERT INTO `re...', 0)
#1 D:\Program Files\xampp\htdocs\workforce\system\Database\BaseConnection.php(666): CodeIgniter\Database\MySQLi\Connection->execute('INSERT INTO `re...')
#2 D:\Program Files\xampp\htdocs\workforce\system\Database\BaseConnection.php(593): CodeIgniter\Database\BaseConnection->simpleQuery('INSERT INTO `re...')
#3 D:\Program Files\xampp\htdocs\workforce\system\Database\BaseBuilder.php(1916): CodeIgniter\Database\BaseConnection->query('INSERT INTO `re...', Array, false)
#4 D:\Program Files\xampp\htdocs\workforce\system\Model.php(279): CodeIgniter\Database\BaseBuilder->insert()
#5 D:\Program Files\xampp\htdocs\workforce\system\BaseModel.php(749): CodeIgniter\Model->doInsert(Array)
#6 D:\Program Files\xampp\htdocs\workforce\system\Model.php(667): CodeIgniter\BaseModel->insert(Array, false)
#7 D:\Program Files\xampp\htdocs\workforce\system\BaseModel.php(659): CodeIgniter\Model->insert(Array, false)
#8 D:\Program Files\xampp\htdocs\workforce\app\Controllers\RequestController.php(38): CodeIgniter\BaseModel->save(Array)
#9 D:\Program Files\xampp\htdocs\workforce\system\CodeIgniter.php(927): App\Controllers\RequestController->request()
#10 D:\Program Files\xampp\htdocs\workforce\system\CodeIgniter.php(482): CodeIgniter\CodeIgniter->runController(Object(App\Controllers\RequestController))
#11 D:\Program Files\xampp\htdocs\workforce\system\CodeIgniter.php(351): CodeIgniter\CodeIgniter->handleRequest(NULL, Object(Config\Cache), false)
#12 D:\Program Files\xampp\htdocs\workforce\public\index.php(67): CodeIgniter\CodeIgniter->run()
#13 {main}
CRITICAL - 2023-02-14 14:08:16 --> Duplicate entry '0' for key 'PRIMARY'
in SYSTEMPATH\Database\MySQLi\Connection.php on line 292.
 1 SYSTEMPATH\Database\MySQLi\Connection.php(292): mysqli->query('INSERT INTO `requests` (`user_id`, `employee_email`, `title`, `description`) VALUES (\'5\', \'rok.pozar@workforce.com\', \'fgfg\', \'jgfjkhdfjk jgndjk \')', 0)
 2 SYSTEMPATH\Database\BaseConnection.php(666): CodeIgniter\Database\MySQLi\Connection->execute('INSERT INTO `requests` (`user_id`, `employee_email`, `title`, `description`) VALUES (\'5\', \'rok.pozar@workforce.com\', \'fgfg\', \'jgfjkhdfjk jgndjk \')')
 3 SYSTEMPATH\Database\BaseConnection.php(593): CodeIgniter\Database\BaseConnection->simpleQuery('INSERT INTO `requests` (`user_id`, `employee_email`, `title`, `description`) VALUES (\'5\', \'rok.pozar@workforce.com\', \'fgfg\', \'jgfjkhdfjk jgndjk \')')
 4 SYSTEMPATH\Database\BaseBuilder.php(1916): CodeIgniter\Database\BaseConnection->query('INSERT INTO `requests` (`user_id`, `employee_email`, `title`, `description`) VALUES (:user_id:, :employee_email:, :title:, :description:)', [...], false)
 5 SYSTEMPATH\Model.php(279): CodeIgniter\Database\BaseBuilder->insert()
 6 SYSTEMPATH\BaseModel.php(749): CodeIgniter\Model->doInsert([...])
 7 SYSTEMPATH\Model.php(667): CodeIgniter\BaseModel->insert([...], false)
 8 SYSTEMPATH\BaseModel.php(659): CodeIgniter\Model->insert([...], false)
 9 APPPATH\Controllers\RequestController.php(38): CodeIgniter\BaseModel->save([...])
10 SYSTEMPATH\CodeIgniter.php(927): App\Controllers\RequestController->request()
11 SYSTEMPATH\CodeIgniter.php(482): CodeIgniter\CodeIgniter->runController(Object(App\Controllers\RequestController))
12 SYSTEMPATH\CodeIgniter.php(351): CodeIgniter\CodeIgniter->handleRequest(null, Object(Config\Cache), false)
13 FCPATH\index.php(67): CodeIgniter\CodeIgniter->run()
ERROR - 2023-02-14 14:08:50 --> mysqli_sql_exception: Duplicate entry '0' for key 'PRIMARY' in D:\Program Files\xampp\htdocs\workforce\system\Database\MySQLi\Connection.php:292
Stack trace:
#0 D:\Program Files\xampp\htdocs\workforce\system\Database\MySQLi\Connection.php(292): mysqli->query('INSERT INTO `re...', 0)
#1 D:\Program Files\xampp\htdocs\workforce\system\Database\BaseConnection.php(666): CodeIgniter\Database\MySQLi\Connection->execute('INSERT INTO `re...')
#2 D:\Program Files\xampp\htdocs\workforce\system\Database\BaseConnection.php(593): CodeIgniter\Database\BaseConnection->simpleQuery('INSERT INTO `re...')
#3 D:\Program Files\xampp\htdocs\workforce\system\Database\BaseBuilder.php(1916): CodeIgniter\Database\BaseConnection->query('INSERT INTO `re...', Array, false)
#4 D:\Program Files\xampp\htdocs\workforce\system\Model.php(279): CodeIgniter\Database\BaseBuilder->insert()
#5 D:\Program Files\xampp\htdocs\workforce\system\BaseModel.php(749): CodeIgniter\Model->doInsert(Array)
#6 D:\Program Files\xampp\htdocs\workforce\system\Model.php(667): CodeIgniter\BaseModel->insert(Array, false)
#7 D:\Program Files\xampp\htdocs\workforce\system\BaseModel.php(659): CodeIgniter\Model->insert(Array, false)
#8 D:\Program Files\xampp\htdocs\workforce\app\Controllers\RequestController.php(38): CodeIgniter\BaseModel->save(Array)
#9 D:\Program Files\xampp\htdocs\workforce\system\CodeIgniter.php(927): App\Controllers\RequestController->request()
#10 D:\Program Files\xampp\htdocs\workforce\system\CodeIgniter.php(482): CodeIgniter\CodeIgniter->runController(Object(App\Controllers\RequestController))
#11 D:\Program Files\xampp\htdocs\workforce\system\CodeIgniter.php(351): CodeIgniter\CodeIgniter->handleRequest(NULL, Object(Config\Cache), false)
#12 D:\Program Files\xampp\htdocs\workforce\public\index.php(67): CodeIgniter\CodeIgniter->run()
#13 {main}
CRITICAL - 2023-02-14 14:08:50 --> Duplicate entry '0' for key 'PRIMARY'
in SYSTEMPATH\Database\MySQLi\Connection.php on line 292.
 1 SYSTEMPATH\Database\MySQLi\Connection.php(292): mysqli->query('INSERT INTO `requests` (`user_id`, `employee_email`, `title`, `description`) VALUES (\'5\', \'rok.pozar@workforce.com\', \'dfhgfd\', \'edrftgdfg\')', 0)
 2 SYSTEMPATH\Database\BaseConnection.php(666): CodeIgniter\Database\MySQLi\Connection->execute('INSERT INTO `requests` (`user_id`, `employee_email`, `title`, `description`) VALUES (\'5\', \'rok.pozar@workforce.com\', \'dfhgfd\', \'edrftgdfg\')')
 3 SYSTEMPATH\Database\BaseConnection.php(593): CodeIgniter\Database\BaseConnection->simpleQuery('INSERT INTO `requests` (`user_id`, `employee_email`, `title`, `description`) VALUES (\'5\', \'rok.pozar@workforce.com\', \'dfhgfd\', \'edrftgdfg\')')
 4 SYSTEMPATH\Database\BaseBuilder.php(1916): CodeIgniter\Database\BaseConnection->query('INSERT INTO `requests` (`user_id`, `employee_email`, `title`, `description`) VALUES (:user_id:, :employee_email:, :title:, :description:)', [...], false)
 5 SYSTEMPATH\Model.php(279): CodeIgniter\Database\BaseBuilder->insert()
 6 SYSTEMPATH\BaseModel.php(749): CodeIgniter\Model->doInsert([...])
 7 SYSTEMPATH\Model.php(667): CodeIgniter\BaseModel->insert([...], false)
 8 SYSTEMPATH\BaseModel.php(659): CodeIgniter\Model->insert([...], false)
 9 APPPATH\Controllers\RequestController.php(38): CodeIgniter\BaseModel->save([...])
10 SYSTEMPATH\CodeIgniter.php(927): App\Controllers\RequestController->request()
11 SYSTEMPATH\CodeIgniter.php(482): CodeIgniter\CodeIgniter->runController(Object(App\Controllers\RequestController))
12 SYSTEMPATH\CodeIgniter.php(351): CodeIgniter\CodeIgniter->handleRequest(null, Object(Config\Cache), false)
13 FCPATH\index.php(67): CodeIgniter\CodeIgniter->run()
ERROR - 2023-02-14 14:09:11 --> mysqli_sql_exception: Duplicate entry '0' for key 'PRIMARY' in D:\Program Files\xampp\htdocs\workforce\system\Database\MySQLi\Connection.php:292
Stack trace:
#0 D:\Program Files\xampp\htdocs\workforce\system\Database\MySQLi\Connection.php(292): mysqli->query('INSERT INTO `re...', 0)
#1 D:\Program Files\xampp\htdocs\workforce\system\Database\BaseConnection.php(666): CodeIgniter\Database\MySQLi\Connection->execute('INSERT INTO `re...')
#2 D:\Program Files\xampp\htdocs\workforce\system\Database\BaseConnection.php(593): CodeIgniter\Database\BaseConnection->simpleQuery('INSERT INTO `re...')
#3 D:\Program Files\xampp\htdocs\workforce\system\Database\BaseBuilder.php(1916): CodeIgniter\Database\BaseConnection->query('INSERT INTO `re...', Array, false)
#4 D:\Program Files\xampp\htdocs\workforce\system\Model.php(279): CodeIgniter\Database\BaseBuilder->insert()
#5 D:\Program Files\xampp\htdocs\workforce\system\BaseModel.php(749): CodeIgniter\Model->doInsert(Array)
#6 D:\Program Files\xampp\htdocs\workforce\system\Model.php(667): CodeIgniter\BaseModel->insert(Array, false)
#7 D:\Program Files\xampp\htdocs\workforce\system\BaseModel.php(659): CodeIgniter\Model->insert(Array, false)
#8 D:\Program Files\xampp\htdocs\workforce\app\Controllers\RequestController.php(38): CodeIgniter\BaseModel->save(Array)
#9 D:\Program Files\xampp\htdocs\workforce\system\CodeIgniter.php(927): App\Controllers\RequestController->request()
#10 D:\Program Files\xampp\htdocs\workforce\system\CodeIgniter.php(482): CodeIgniter\CodeIgniter->runController(Object(App\Controllers\RequestController))
#11 D:\Program Files\xampp\htdocs\workforce\system\CodeIgniter.php(351): CodeIgniter\CodeIgniter->handleRequest(NULL, Object(Config\Cache), false)
#12 D:\Program Files\xampp\htdocs\workforce\public\index.php(67): CodeIgniter\CodeIgniter->run()
#13 {main}
CRITICAL - 2023-02-14 14:09:11 --> Duplicate entry '0' for key 'PRIMARY'
in SYSTEMPATH\Database\MySQLi\Connection.php on line 292.
 1 SYSTEMPATH\Database\MySQLi\Connection.php(292): mysqli->query('INSERT INTO `requests` (`user_id`, `employee_email`, `title`, `description`) VALUES (\'5\', \'test@workforce.com\', \'dfhgfd\', \'edrftgdfg\')', 0)
 2 SYSTEMPATH\Database\BaseConnection.php(666): CodeIgniter\Database\MySQLi\Connection->execute('INSERT INTO `requests` (`user_id`, `employee_email`, `title`, `description`) VALUES (\'5\', \'test@workforce.com\', \'dfhgfd\', \'edrftgdfg\')')
 3 SYSTEMPATH\Database\BaseConnection.php(593): CodeIgniter\Database\BaseConnection->simpleQuery('INSERT INTO `requests` (`user_id`, `employee_email`, `title`, `description`) VALUES (\'5\', \'test@workforce.com\', \'dfhgfd\', \'edrftgdfg\')')
 4 SYSTEMPATH\Database\BaseBuilder.php(1916): CodeIgniter\Database\BaseConnection->query('INSERT INTO `requests` (`user_id`, `employee_email`, `title`, `description`) VALUES (:user_id:, :employee_email:, :title:, :description:)', [...], false)
 5 SYSTEMPATH\Model.php(279): CodeIgniter\Database\BaseBuilder->insert()
 6 SYSTEMPATH\BaseModel.php(749): CodeIgniter\Model->doInsert([...])
 7 SYSTEMPATH\Model.php(667): CodeIgniter\BaseModel->insert([...], false)
 8 SYSTEMPATH\BaseModel.php(659): CodeIgniter\Model->insert([...], false)
 9 APPPATH\Controllers\RequestController.php(38): CodeIgniter\BaseModel->save([...])
10 SYSTEMPATH\CodeIgniter.php(927): App\Controllers\RequestController->request()
11 SYSTEMPATH\CodeIgniter.php(482): CodeIgniter\CodeIgniter->runController(Object(App\Controllers\RequestController))
12 SYSTEMPATH\CodeIgniter.php(351): CodeIgniter\CodeIgniter->handleRequest(null, Object(Config\Cache), false)
13 FCPATH\index.php(67): CodeIgniter\CodeIgniter->run()
ERROR - 2023-02-14 14:10:34 --> mysqli_sql_exception: Duplicate entry '0' for key 'PRIMARY' in D:\Program Files\xampp\htdocs\workforce\system\Database\MySQLi\Connection.php:292
Stack trace:
#0 D:\Program Files\xampp\htdocs\workforce\system\Database\MySQLi\Connection.php(292): mysqli->query('INSERT INTO `re...', 0)
#1 D:\Program Files\xampp\htdocs\workforce\system\Database\BaseConnection.php(666): CodeIgniter\Database\MySQLi\Connection->execute('INSERT INTO `re...')
#2 D:\Program Files\xampp\htdocs\workforce\system\Database\BaseConnection.php(593): CodeIgniter\Database\BaseConnection->simpleQuery('INSERT INTO `re...')
#3 D:\Program Files\xampp\htdocs\workforce\system\Database\BaseBuilder.php(1916): CodeIgniter\Database\BaseConnection->query('INSERT INTO `re...', Array, false)
#4 D:\Program Files\xampp\htdocs\workforce\system\Model.php(279): CodeIgniter\Database\BaseBuilder->insert()
#5 D:\Program Files\xampp\htdocs\workforce\system\BaseModel.php(749): CodeIgniter\Model->doInsert(Array)
#6 D:\Program Files\xampp\htdocs\workforce\system\Model.php(667): CodeIgniter\BaseModel->insert(Array, false)
#7 D:\Program Files\xampp\htdocs\workforce\system\BaseModel.php(659): CodeIgniter\Model->insert(Array, false)
#8 D:\Program Files\xampp\htdocs\workforce\app\Controllers\RequestController.php(38): CodeIgniter\BaseModel->save(Array)
#9 D:\Program Files\xampp\htdocs\workforce\system\CodeIgniter.php(927): App\Controllers\RequestController->request()
#10 D:\Program Files\xampp\htdocs\workforce\system\CodeIgniter.php(482): CodeIgniter\CodeIgniter->runController(Object(App\Controllers\RequestController))
#11 D:\Program Files\xampp\htdocs\workforce\system\CodeIgniter.php(351): CodeIgniter\CodeIgniter->handleRequest(NULL, Object(Config\Cache), false)
#12 D:\Program Files\xampp\htdocs\workforce\public\index.php(67): CodeIgniter\CodeIgniter->run()
#13 {main}
CRITICAL - 2023-02-14 14:10:34 --> Duplicate entry '0' for key 'PRIMARY'
in SYSTEMPATH\Database\MySQLi\Connection.php on line 292.
 1 SYSTEMPATH\Database\MySQLi\Connection.php(292): mysqli->query('INSERT INTO `requests` (`user_id`, `employee_email`, `title`, `description`) VALUES (\'6\', \'rok.pozar@workforce.com\', \'rdfs\', \'rse r tert teyey \')', 0)
 2 SYSTEMPATH\Database\BaseConnection.php(666): CodeIgniter\Database\MySQLi\Connection->execute('INSERT INTO `requests` (`user_id`, `employee_email`, `title`, `description`) VALUES (\'6\', \'rok.pozar@workforce.com\', \'rdfs\', \'rse r tert teyey \')')
 3 SYSTEMPATH\Database\BaseConnection.php(593): CodeIgniter\Database\BaseConnection->simpleQuery('INSERT INTO `requests` (`user_id`, `employee_email`, `title`, `description`) VALUES (\'6\', \'rok.pozar@workforce.com\', \'rdfs\', \'rse r tert teyey \')')
 4 SYSTEMPATH\Database\BaseBuilder.php(1916): CodeIgniter\Database\BaseConnection->query('INSERT INTO `requests` (`user_id`, `employee_email`, `title`, `description`) VALUES (:user_id:, :employee_email:, :title:, :description:)', [...], false)
 5 SYSTEMPATH\Model.php(279): CodeIgniter\Database\BaseBuilder->insert()
 6 SYSTEMPATH\BaseModel.php(749): CodeIgniter\Model->doInsert([...])
 7 SYSTEMPATH\Model.php(667): CodeIgniter\BaseModel->insert([...], false)
 8 SYSTEMPATH\BaseModel.php(659): CodeIgniter\Model->insert([...], false)
 9 APPPATH\Controllers\RequestController.php(38): CodeIgniter\BaseModel->save([...])
10 SYSTEMPATH\CodeIgniter.php(927): App\Controllers\RequestController->request()
11 SYSTEMPATH\CodeIgniter.php(482): CodeIgniter\CodeIgniter->runController(Object(App\Controllers\RequestController))
12 SYSTEMPATH\CodeIgniter.php(351): CodeIgniter\CodeIgniter->handleRequest(null, Object(Config\Cache), false)
13 FCPATH\index.php(67): CodeIgniter\CodeIgniter->run()
ERROR - 2023-02-14 14:17:02 --> mysqli_sql_exception: Duplicate entry '0' for key 'PRIMARY' in D:\Program Files\xampp\htdocs\workforce\system\Database\MySQLi\Connection.php:292
Stack trace:
#0 D:\Program Files\xampp\htdocs\workforce\system\Database\MySQLi\Connection.php(292): mysqli->query('INSERT INTO `re...', 0)
#1 D:\Program Files\xampp\htdocs\workforce\system\Database\BaseConnection.php(666): CodeIgniter\Database\MySQLi\Connection->execute('INSERT INTO `re...')
#2 D:\Program Files\xampp\htdocs\workforce\system\Database\BaseConnection.php(593): CodeIgniter\Database\BaseConnection->simpleQuery('INSERT INTO `re...')
#3 D:\Program Files\xampp\htdocs\workforce\system\Database\BaseBuilder.php(1916): CodeIgniter\Database\BaseConnection->query('INSERT INTO `re...', Array, false)
#4 D:\Program Files\xampp\htdocs\workforce\system\Model.php(279): CodeIgniter\Database\BaseBuilder->insert()
#5 D:\Program Files\xampp\htdocs\workforce\system\BaseModel.php(749): CodeIgniter\Model->doInsert(Array)
#6 D:\Program Files\xampp\htdocs\workforce\system\Model.php(667): CodeIgniter\BaseModel->insert(Array, false)
#7 D:\Program Files\xampp\htdocs\workforce\system\BaseModel.php(659): CodeIgniter\Model->insert(Array, false)
#8 D:\Program Files\xampp\htdocs\workforce\app\Controllers\RequestController.php(38): CodeIgniter\BaseModel->save(Array)
#9 D:\Program Files\xampp\htdocs\workforce\system\CodeIgniter.php(927): App\Controllers\RequestController->request()
#10 D:\Program Files\xampp\htdocs\workforce\system\CodeIgniter.php(482): CodeIgniter\CodeIgniter->runController(Object(App\Controllers\RequestController))
#11 D:\Program Files\xampp\htdocs\workforce\system\CodeIgniter.php(351): CodeIgniter\CodeIgniter->handleRequest(NULL, Object(Config\Cache), false)
#12 D:\Program Files\xampp\htdocs\workforce\public\index.php(67): CodeIgniter\CodeIgniter->run()
#13 {main}
CRITICAL - 2023-02-14 14:17:02 --> Duplicate entry '0' for key 'PRIMARY'
in SYSTEMPATH\Database\MySQLi\Connection.php on line 292.
 1 SYSTEMPATH\Database\MySQLi\Connection.php(292): mysqli->query('INSERT INTO `requests` (`user_id`, `employee_email`, `title`, `description`) VALUES (\'6\', \'rok.pozar@workforce.com\', \'rdfsdfd\', \'rsegfghfghr tert teyey \')', 0)
 2 SYSTEMPATH\Database\BaseConnection.php(666): CodeIgniter\Database\MySQLi\Connection->execute('INSERT INTO `requests` (`user_id`, `employee_email`, `title`, `description`) VALUES (\'6\', \'rok.pozar@workforce.com\', \'rdfsdfd\', \'rsegfghfghr tert teyey \')')
 3 SYSTEMPATH\Database\BaseConnection.php(593): CodeIgniter\Database\BaseConnection->simpleQuery('INSERT INTO `requests` (`user_id`, `employee_email`, `title`, `description`) VALUES (\'6\', \'rok.pozar@workforce.com\', \'rdfsdfd\', \'rsegfghfghr tert teyey \')')
 4 SYSTEMPATH\Database\BaseBuilder.php(1916): CodeIgniter\Database\BaseConnection->query('INSERT INTO `requests` (`user_id`, `employee_email`, `title`, `description`) VALUES (:user_id:, :employee_email:, :title:, :description:)', [...], false)
 5 SYSTEMPATH\Model.php(279): CodeIgniter\Database\BaseBuilder->insert()
 6 SYSTEMPATH\BaseModel.php(749): CodeIgniter\Model->doInsert([...])
 7 SYSTEMPATH\Model.php(667): CodeIgniter\BaseModel->insert([...], false)
 8 SYSTEMPATH\BaseModel.php(659): CodeIgniter\Model->insert([...], false)
 9 APPPATH\Controllers\RequestController.php(38): CodeIgniter\BaseModel->save([...])
10 SYSTEMPATH\CodeIgniter.php(927): App\Controllers\RequestController->request()
11 SYSTEMPATH\CodeIgniter.php(482): CodeIgniter\CodeIgniter->runController(Object(App\Controllers\RequestController))
12 SYSTEMPATH\CodeIgniter.php(351): CodeIgniter\CodeIgniter->handleRequest(null, Object(Config\Cache), false)
13 FCPATH\index.php(67): CodeIgniter\CodeIgniter->run()
ERROR - 2023-02-14 14:17:44 --> mysqli_sql_exception: Duplicate entry '0' for key 'PRIMARY' in D:\Program Files\xampp\htdocs\workforce\system\Database\MySQLi\Connection.php:292
Stack trace:
#0 D:\Program Files\xampp\htdocs\workforce\system\Database\MySQLi\Connection.php(292): mysqli->query('INSERT INTO `re...', 0)
#1 D:\Program Files\xampp\htdocs\workforce\system\Database\BaseConnection.php(666): CodeIgniter\Database\MySQLi\Connection->execute('INSERT INTO `re...')
#2 D:\Program Files\xampp\htdocs\workforce\system\Database\BaseConnection.php(593): CodeIgniter\Database\BaseConnection->simpleQuery('INSERT INTO `re...')
#3 D:\Program Files\xampp\htdocs\workforce\system\Database\BaseBuilder.php(1916): CodeIgniter\Database\BaseConnection->query('INSERT INTO `re...', Array, false)
#4 D:\Program Files\xampp\htdocs\workforce\system\Model.php(279): CodeIgniter\Database\BaseBuilder->insert()
#5 D:\Program Files\xampp\htdocs\workforce\system\BaseModel.php(749): CodeIgniter\Model->doInsert(Array)
#6 D:\Program Files\xampp\htdocs\workforce\system\Model.php(667): CodeIgniter\BaseModel->insert(Array, false)
#7 D:\Program Files\xampp\htdocs\workforce\system\BaseModel.php(659): CodeIgniter\Model->insert(Array, false)
#8 D:\Program Files\xampp\htdocs\workforce\app\Controllers\RequestController.php(38): CodeIgniter\BaseModel->save(Array)
#9 D:\Program Files\xampp\htdocs\workforce\system\CodeIgniter.php(927): App\Controllers\RequestController->request()
#10 D:\Program Files\xampp\htdocs\workforce\system\CodeIgniter.php(482): CodeIgniter\CodeIgniter->runController(Object(App\Controllers\RequestController))
#11 D:\Program Files\xampp\htdocs\workforce\system\CodeIgniter.php(351): CodeIgniter\CodeIgniter->handleRequest(NULL, Object(Config\Cache), false)
#12 D:\Program Files\xampp\htdocs\workforce\public\index.php(67): CodeIgniter\CodeIgniter->run()
#13 {main}
CRITICAL - 2023-02-14 14:17:44 --> Duplicate entry '0' for key 'PRIMARY'
in SYSTEMPATH\Database\MySQLi\Connection.php on line 292.
 1 SYSTEMPATH\Database\MySQLi\Connection.php(292): mysqli->query('INSERT INTO `requests` (`user_id`, `employee_email`, `title`, `description`) VALUES (\'6\', \'rok.pozar@workforce.com\', \'dfsdfdsrt rt\', \'erew retertretr yr\')', 0)
 2 SYSTEMPATH\Database\BaseConnection.php(666): CodeIgniter\Database\MySQLi\Connection->execute('INSERT INTO `requests` (`user_id`, `employee_email`, `title`, `description`) VALUES (\'6\', \'rok.pozar@workforce.com\', \'dfsdfdsrt rt\', \'erew retertretr yr\')')
 3 SYSTEMPATH\Database\BaseConnection.php(593): CodeIgniter\Database\BaseConnection->simpleQuery('INSERT INTO `requests` (`user_id`, `employee_email`, `title`, `description`) VALUES (\'6\', \'rok.pozar@workforce.com\', \'dfsdfdsrt rt\', \'erew retertretr yr\')')
 4 SYSTEMPATH\Database\BaseBuilder.php(1916): CodeIgniter\Database\BaseConnection->query('INSERT INTO `requests` (`user_id`, `employee_email`, `title`, `description`) VALUES (:user_id:, :employee_email:, :title:, :description:)', [...], false)
 5 SYSTEMPATH\Model.php(279): CodeIgniter\Database\BaseBuilder->insert()
 6 SYSTEMPATH\BaseModel.php(749): CodeIgniter\Model->doInsert([...])
 7 SYSTEMPATH\Model.php(667): CodeIgniter\BaseModel->insert([...], false)
 8 SYSTEMPATH\BaseModel.php(659): CodeIgniter\Model->insert([...], false)
 9 APPPATH\Controllers\RequestController.php(38): CodeIgniter\BaseModel->save([...])
10 SYSTEMPATH\CodeIgniter.php(927): App\Controllers\RequestController->request()
11 SYSTEMPATH\CodeIgniter.php(482): CodeIgniter\CodeIgniter->runController(Object(App\Controllers\RequestController))
12 SYSTEMPATH\CodeIgniter.php(351): CodeIgniter\CodeIgniter->handleRequest(null, Object(Config\Cache), false)
13 FCPATH\index.php(67): CodeIgniter\CodeIgniter->run()
ERROR - 2023-02-14 14:18:46 --> mysqli_sql_exception: Duplicate entry '0' for key 'PRIMARY' in D:\Program Files\xampp\htdocs\workforce\system\Database\MySQLi\Connection.php:292
Stack trace:
#0 D:\Program Files\xampp\htdocs\workforce\system\Database\MySQLi\Connection.php(292): mysqli->query('INSERT INTO `re...', 0)
#1 D:\Program Files\xampp\htdocs\workforce\system\Database\BaseConnection.php(666): CodeIgniter\Database\MySQLi\Connection->execute('INSERT INTO `re...')
#2 D:\Program Files\xampp\htdocs\workforce\system\Database\BaseConnection.php(593): CodeIgniter\Database\BaseConnection->simpleQuery('INSERT INTO `re...')
#3 D:\Program Files\xampp\htdocs\workforce\system\Database\BaseBuilder.php(1916): CodeIgniter\Database\BaseConnection->query('INSERT INTO `re...', Array, false)
#4 D:\Program Files\xampp\htdocs\workforce\system\Model.php(279): CodeIgniter\Database\BaseBuilder->insert()
#5 D:\Program Files\xampp\htdocs\workforce\system\BaseModel.php(749): CodeIgniter\Model->doInsert(Array)
#6 D:\Program Files\xampp\htdocs\workforce\system\Model.php(667): CodeIgniter\BaseModel->insert(Array, false)
#7 D:\Program Files\xampp\htdocs\workforce\system\BaseModel.php(659): CodeIgniter\Model->insert(Array, false)
#8 D:\Program Files\xampp\htdocs\workforce\app\Controllers\RequestController.php(38): CodeIgniter\BaseModel->save(Array)
#9 D:\Program Files\xampp\htdocs\workforce\system\CodeIgniter.php(927): App\Controllers\RequestController->request()
#10 D:\Program Files\xampp\htdocs\workforce\system\CodeIgniter.php(482): CodeIgniter\CodeIgniter->runController(Object(App\Controllers\RequestController))
#11 D:\Program Files\xampp\htdocs\workforce\system\CodeIgniter.php(351): CodeIgniter\CodeIgniter->handleRequest(NULL, Object(Config\Cache), false)
#12 D:\Program Files\xampp\htdocs\workforce\public\index.php(67): CodeIgniter\CodeIgniter->run()
#13 {main}
CRITICAL - 2023-02-14 14:18:46 --> Duplicate entry '0' for key 'PRIMARY'
in SYSTEMPATH\Database\MySQLi\Connection.php on line 292.
 1 SYSTEMPATH\Database\MySQLi\Connection.php(292): mysqli->query('INSERT INTO `requests` (`user_id`, `employee_email`, `title`, `description`) VALUES (\'6\', \'rok.pozar@workforce.com\', \'dfdfretfr\', \'ewrw4e wetr etertret\')', 0)
 2 SYSTEMPATH\Database\BaseConnection.php(666): CodeIgniter\Database\MySQLi\Connection->execute('INSERT INTO `requests` (`user_id`, `employee_email`, `title`, `description`) VALUES (\'6\', \'rok.pozar@workforce.com\', \'dfdfretfr\', \'ewrw4e wetr etertret\')')
 3 SYSTEMPATH\Database\BaseConnection.php(593): CodeIgniter\Database\BaseConnection->simpleQuery('INSERT INTO `requests` (`user_id`, `employee_email`, `title`, `description`) VALUES (\'6\', \'rok.pozar@workforce.com\', \'dfdfretfr\', \'ewrw4e wetr etertret\')')
 4 SYSTEMPATH\Database\BaseBuilder.php(1916): CodeIgniter\Database\BaseConnection->query('INSERT INTO `requests` (`user_id`, `employee_email`, `title`, `description`) VALUES (:user_id:, :employee_email:, :title:, :description:)', [...], false)
 5 SYSTEMPATH\Model.php(279): CodeIgniter\Database\BaseBuilder->insert()
 6 SYSTEMPATH\BaseModel.php(749): CodeIgniter\Model->doInsert([...])
 7 SYSTEMPATH\Model.php(667): CodeIgniter\BaseModel->insert([...], false)
 8 SYSTEMPATH\BaseModel.php(659): CodeIgniter\Model->insert([...], false)
 9 APPPATH\Controllers\RequestController.php(38): CodeIgniter\BaseModel->save([...])
10 SYSTEMPATH\CodeIgniter.php(927): App\Controllers\RequestController->request()
11 SYSTEMPATH\CodeIgniter.php(482): CodeIgniter\CodeIgniter->runController(Object(App\Controllers\RequestController))
12 SYSTEMPATH\CodeIgniter.php(351): CodeIgniter\CodeIgniter->handleRequest(null, Object(Config\Cache), false)
13 FCPATH\index.php(67): CodeIgniter\CodeIgniter->run()
ERROR - 2023-02-14 14:18:58 --> mysqli_sql_exception: Duplicate entry '0' for key 'PRIMARY' in D:\Program Files\xampp\htdocs\workforce\system\Database\MySQLi\Connection.php:292
Stack trace:
#0 D:\Program Files\xampp\htdocs\workforce\system\Database\MySQLi\Connection.php(292): mysqli->query('INSERT INTO `re...', 0)
#1 D:\Program Files\xampp\htdocs\workforce\system\Database\BaseConnection.php(666): CodeIgniter\Database\MySQLi\Connection->execute('INSERT INTO `re...')
#2 D:\Program Files\xampp\htdocs\workforce\system\Database\BaseConnection.php(593): CodeIgniter\Database\BaseConnection->simpleQuery('INSERT INTO `re...')
#3 D:\Program Files\xampp\htdocs\workforce\system\Database\BaseBuilder.php(1916): CodeIgniter\Database\BaseConnection->query('INSERT INTO `re...', Array, false)
#4 D:\Program Files\xampp\htdocs\workforce\system\Model.php(279): CodeIgniter\Database\BaseBuilder->insert()
#5 D:\Program Files\xampp\htdocs\workforce\system\BaseModel.php(749): CodeIgniter\Model->doInsert(Array)
#6 D:\Program Files\xampp\htdocs\workforce\system\Model.php(667): CodeIgniter\BaseModel->insert(Array, false)
#7 D:\Program Files\xampp\htdocs\workforce\system\BaseModel.php(659): CodeIgniter\Model->insert(Array, false)
#8 D:\Program Files\xampp\htdocs\workforce\app\Controllers\RequestController.php(38): CodeIgniter\BaseModel->save(Array)
#9 D:\Program Files\xampp\htdocs\workforce\system\CodeIgniter.php(927): App\Controllers\RequestController->request()
#10 D:\Program Files\xampp\htdocs\workforce\system\CodeIgniter.php(482): CodeIgniter\CodeIgniter->runController(Object(App\Controllers\RequestController))
#11 D:\Program Files\xampp\htdocs\workforce\system\CodeIgniter.php(351): CodeIgniter\CodeIgniter->handleRequest(NULL, Object(Config\Cache), false)
#12 D:\Program Files\xampp\htdocs\workforce\public\index.php(67): CodeIgniter\CodeIgniter->run()
#13 {main}
CRITICAL - 2023-02-14 14:18:58 --> Duplicate entry '0' for key 'PRIMARY'
in SYSTEMPATH\Database\MySQLi\Connection.php on line 292.
 1 SYSTEMPATH\Database\MySQLi\Connection.php(292): mysqli->query('INSERT INTO `requests` (`user_id`, `employee_email`, `title`, `description`) VALUES (\'6\', \'rok.pozar@workforce.com\', \'sredsdsd\', \'werererbeter\')', 0)
 2 SYSTEMPATH\Database\BaseConnection.php(666): CodeIgniter\Database\MySQLi\Connection->execute('INSERT INTO `requests` (`user_id`, `employee_email`, `title`, `description`) VALUES (\'6\', \'rok.pozar@workforce.com\', \'sredsdsd\', \'werererbeter\')')
 3 SYSTEMPATH\Database\BaseConnection.php(593): CodeIgniter\Database\BaseConnection->simpleQuery('INSERT INTO `requests` (`user_id`, `employee_email`, `title`, `description`) VALUES (\'6\', \'rok.pozar@workforce.com\', \'sredsdsd\', \'werererbeter\')')
 4 SYSTEMPATH\Database\BaseBuilder.php(1916): CodeIgniter\Database\BaseConnection->query('INSERT INTO `requests` (`user_id`, `employee_email`, `title`, `description`) VALUES (:user_id:, :employee_email:, :title:, :description:)', [...], false)
 5 SYSTEMPATH\Model.php(279): CodeIgniter\Database\BaseBuilder->insert()
 6 SYSTEMPATH\BaseModel.php(749): CodeIgniter\Model->doInsert([...])
 7 SYSTEMPATH\Model.php(667): CodeIgniter\BaseModel->insert([...], false)
 8 SYSTEMPATH\BaseModel.php(659): CodeIgniter\Model->insert([...], false)
 9 APPPATH\Controllers\RequestController.php(38): CodeIgniter\BaseModel->save([...])
10 SYSTEMPATH\CodeIgniter.php(927): App\Controllers\RequestController->request()
11 SYSTEMPATH\CodeIgniter.php(482): CodeIgniter\CodeIgniter->runController(Object(App\Controllers\RequestController))
12 SYSTEMPATH\CodeIgniter.php(351): CodeIgniter\CodeIgniter->handleRequest(null, Object(Config\Cache), false)
13 FCPATH\index.php(67): CodeIgniter\CodeIgniter->run()
ERROR - 2023-02-14 14:29:17 --> mysqli_sql_exception: Duplicate entry '0' for key 'PRIMARY' in D:\Program Files\xampp\htdocs\workforce\system\Database\MySQLi\Connection.php:292
Stack trace:
#0 D:\Program Files\xampp\htdocs\workforce\system\Database\MySQLi\Connection.php(292): mysqli->query('INSERT INTO `re...', 0)
#1 D:\Program Files\xampp\htdocs\workforce\system\Database\BaseConnection.php(666): CodeIgniter\Database\MySQLi\Connection->execute('INSERT INTO `re...')
#2 D:\Program Files\xampp\htdocs\workforce\system\Database\BaseConnection.php(593): CodeIgniter\Database\BaseConnection->simpleQuery('INSERT INTO `re...')
#3 D:\Program Files\xampp\htdocs\workforce\system\Database\BaseBuilder.php(1916): CodeIgniter\Database\BaseConnection->query('INSERT INTO `re...', Array, false)
#4 D:\Program Files\xampp\htdocs\workforce\system\Model.php(279): CodeIgniter\Database\BaseBuilder->insert()
#5 D:\Program Files\xampp\htdocs\workforce\system\BaseModel.php(749): CodeIgniter\Model->doInsert(Array)
#6 D:\Program Files\xampp\htdocs\workforce\system\Model.php(667): CodeIgniter\BaseModel->insert(Array, false)
#7 D:\Program Files\xampp\htdocs\workforce\system\BaseModel.php(659): CodeIgniter\Model->insert(Array, false)
#8 D:\Program Files\xampp\htdocs\workforce\app\Controllers\RequestController.php(38): CodeIgniter\BaseModel->save(Array)
#9 D:\Program Files\xampp\htdocs\workforce\system\CodeIgniter.php(927): App\Controllers\RequestController->request()
#10 D:\Program Files\xampp\htdocs\workforce\system\CodeIgniter.php(482): CodeIgniter\CodeIgniter->runController(Object(App\Controllers\RequestController))
#11 D:\Program Files\xampp\htdocs\workforce\system\CodeIgniter.php(351): CodeIgniter\CodeIgniter->handleRequest(NULL, Object(Config\Cache), false)
#12 D:\Program Files\xampp\htdocs\workforce\public\index.php(67): CodeIgniter\CodeIgniter->run()
#13 {main}
CRITICAL - 2023-02-14 14:29:17 --> Duplicate entry '0' for key 'PRIMARY'
in SYSTEMPATH\Database\MySQLi\Connection.php on line 292.
 1 SYSTEMPATH\Database\MySQLi\Connection.php(292): mysqli->query('INSERT INTO `requests` (`user_id`, `employee_email`, `title`, `description`) VALUES (\'6\', \'rok.pozar@workforce.com\', \'rokrokrok\', \'rokrokrok rokrokrok\')', 0)
 2 SYSTEMPATH\Database\BaseConnection.php(666): CodeIgniter\Database\MySQLi\Connection->execute('INSERT INTO `requests` (`user_id`, `employee_email`, `title`, `description`) VALUES (\'6\', \'rok.pozar@workforce.com\', \'rokrokrok\', \'rokrokrok rokrokrok\')')
 3 SYSTEMPATH\Database\BaseConnection.php(593): CodeIgniter\Database\BaseConnection->simpleQuery('INSERT INTO `requests` (`user_id`, `employee_email`, `title`, `description`) VALUES (\'6\', \'rok.pozar@workforce.com\', \'rokrokrok\', \'rokrokrok rokrokrok\')')
 4 SYSTEMPATH\Database\BaseBuilder.php(1916): CodeIgniter\Database\BaseConnection->query('INSERT INTO `requests` (`user_id`, `employee_email`, `title`, `description`) VALUES (:user_id:, :employee_email:, :title:, :description:)', [...], false)
 5 SYSTEMPATH\Model.php(279): CodeIgniter\Database\BaseBuilder->insert()
 6 SYSTEMPATH\BaseModel.php(749): CodeIgniter\Model->doInsert([...])
 7 SYSTEMPATH\Model.php(667): CodeIgniter\BaseModel->insert([...], false)
 8 SYSTEMPATH\BaseModel.php(659): CodeIgniter\Model->insert([...], false)
 9 APPPATH\Controllers\RequestController.php(38): CodeIgniter\BaseModel->save([...])
10 SYSTEMPATH\CodeIgniter.php(927): App\Controllers\RequestController->request()
11 SYSTEMPATH\CodeIgniter.php(482): CodeIgniter\CodeIgniter->runController(Object(App\Controllers\RequestController))
12 SYSTEMPATH\CodeIgniter.php(351): CodeIgniter\CodeIgniter->handleRequest(null, Object(Config\Cache), false)
13 FCPATH\index.php(67): CodeIgniter\CodeIgniter->run()
ERROR - 2023-02-14 14:33:54 --> mysqli_sql_exception: Duplicate entry '0' for key 'PRIMARY' in D:\Program Files\xampp\htdocs\workforce\system\Database\MySQLi\Connection.php:292
Stack trace:
#0 D:\Program Files\xampp\htdocs\workforce\system\Database\MySQLi\Connection.php(292): mysqli->query('INSERT INTO `re...', 0)
#1 D:\Program Files\xampp\htdocs\workforce\system\Database\BaseConnection.php(666): CodeIgniter\Database\MySQLi\Connection->execute('INSERT INTO `re...')
#2 D:\Program Files\xampp\htdocs\workforce\system\Database\BaseConnection.php(593): CodeIgniter\Database\BaseConnection->simpleQuery('INSERT INTO `re...')
#3 D:\Program Files\xampp\htdocs\workforce\system\Database\BaseBuilder.php(1916): CodeIgniter\Database\BaseConnection->query('INSERT INTO `re...', Array, false)
#4 D:\Program Files\xampp\htdocs\workforce\system\Model.php(279): CodeIgniter\Database\BaseBuilder->insert()
#5 D:\Program Files\xampp\htdocs\workforce\system\BaseModel.php(749): CodeIgniter\Model->doInsert(Array)
#6 D:\Program Files\xampp\htdocs\workforce\system\Model.php(667): CodeIgniter\BaseModel->insert(Array, false)
#7 D:\Program Files\xampp\htdocs\workforce\system\BaseModel.php(659): CodeIgniter\Model->insert(Array, false)
#8 D:\Program Files\xampp\htdocs\workforce\app\Controllers\RequestController.php(38): CodeIgniter\BaseModel->save(Array)
#9 D:\Program Files\xampp\htdocs\workforce\system\CodeIgniter.php(927): App\Controllers\RequestController->request()
#10 D:\Program Files\xampp\htdocs\workforce\system\CodeIgniter.php(482): CodeIgniter\CodeIgniter->runController(Object(App\Controllers\RequestController))
#11 D:\Program Files\xampp\htdocs\workforce\system\CodeIgniter.php(351): CodeIgniter\CodeIgniter->handleRequest(NULL, Object(Config\Cache), false)
#12 D:\Program Files\xampp\htdocs\workforce\public\index.php(67): CodeIgniter\CodeIgniter->run()
#13 {main}
CRITICAL - 2023-02-14 14:33:54 --> Duplicate entry '0' for key 'PRIMARY'
in SYSTEMPATH\Database\MySQLi\Connection.php on line 292.
 1 SYSTEMPATH\Database\MySQLi\Connection.php(292): mysqli->query('INSERT INTO `requests` (`user_id`, `employee_email`, `title`, `description`) VALUES (\'6\', \'rok.pozar@workforce.com\', \'rokrok\', \'rokrokrokrok\')', 0)
 2 SYSTEMPATH\Database\BaseConnection.php(666): CodeIgniter\Database\MySQLi\Connection->execute('INSERT INTO `requests` (`user_id`, `employee_email`, `title`, `description`) VALUES (\'6\', \'rok.pozar@workforce.com\', \'rokrok\', \'rokrokrokrok\')')
 3 SYSTEMPATH\Database\BaseConnection.php(593): CodeIgniter\Database\BaseConnection->simpleQuery('INSERT INTO `requests` (`user_id`, `employee_email`, `title`, `description`) VALUES (\'6\', \'rok.pozar@workforce.com\', \'rokrok\', \'rokrokrokrok\')')
 4 SYSTEMPATH\Database\BaseBuilder.php(1916): CodeIgniter\Database\BaseConnection->query('INSERT INTO `requests` (`user_id`, `employee_email`, `title`, `description`) VALUES (:user_id:, :employee_email:, :title:, :description:)', [...], false)
 5 SYSTEMPATH\Model.php(279): CodeIgniter\Database\BaseBuilder->insert()
 6 SYSTEMPATH\BaseModel.php(749): CodeIgniter\Model->doInsert([...])
 7 SYSTEMPATH\Model.php(667): CodeIgniter\BaseModel->insert([...], false)
 8 SYSTEMPATH\BaseModel.php(659): CodeIgniter\Model->insert([...], false)
 9 APPPATH\Controllers\RequestController.php(38): CodeIgniter\BaseModel->save([...])
10 SYSTEMPATH\CodeIgniter.php(927): App\Controllers\RequestController->request()
11 SYSTEMPATH\CodeIgniter.php(482): CodeIgniter\CodeIgniter->runController(Object(App\Controllers\RequestController))
12 SYSTEMPATH\CodeIgniter.php(351): CodeIgniter\CodeIgniter->handleRequest(null, Object(Config\Cache), false)
13 FCPATH\index.php(67): CodeIgniter\CodeIgniter->run()
ERROR - 2023-02-14 14:37:01 --> mysqli_sql_exception: Duplicate entry '0' for key 'PRIMARY' in D:\Program Files\xampp\htdocs\workforce\system\Database\MySQLi\Connection.php:292
Stack trace:
#0 D:\Program Files\xampp\htdocs\workforce\system\Database\MySQLi\Connection.php(292): mysqli->query('INSERT INTO `re...', 0)
#1 D:\Program Files\xampp\htdocs\workforce\system\Database\BaseConnection.php(666): CodeIgniter\Database\MySQLi\Connection->execute('INSERT INTO `re...')
#2 D:\Program Files\xampp\htdocs\workforce\system\Database\BaseConnection.php(593): CodeIgniter\Database\BaseConnection->simpleQuery('INSERT INTO `re...')
#3 D:\Program Files\xampp\htdocs\workforce\system\Database\BaseBuilder.php(1916): CodeIgniter\Database\BaseConnection->query('INSERT INTO `re...', Array, false)
#4 D:\Program Files\xampp\htdocs\workforce\system\Model.php(279): CodeIgniter\Database\BaseBuilder->insert()
#5 D:\Program Files\xampp\htdocs\workforce\system\BaseModel.php(749): CodeIgniter\Model->doInsert(Array)
#6 D:\Program Files\xampp\htdocs\workforce\system\Model.php(667): CodeIgniter\BaseModel->insert(Array, false)
#7 D:\Program Files\xampp\htdocs\workforce\system\BaseModel.php(659): CodeIgniter\Model->insert(Array, false)
#8 D:\Program Files\xampp\htdocs\workforce\app\Controllers\RequestController.php(38): CodeIgniter\BaseModel->save(Array)
#9 D:\Program Files\xampp\htdocs\workforce\system\CodeIgniter.php(927): App\Controllers\RequestController->request()
#10 D:\Program Files\xampp\htdocs\workforce\system\CodeIgniter.php(482): CodeIgniter\CodeIgniter->runController(Object(App\Controllers\RequestController))
#11 D:\Program Files\xampp\htdocs\workforce\system\CodeIgniter.php(351): CodeIgniter\CodeIgniter->handleRequest(NULL, Object(Config\Cache), false)
#12 D:\Program Files\xampp\htdocs\workforce\public\index.php(67): CodeIgniter\CodeIgniter->run()
#13 {main}
CRITICAL - 2023-02-14 14:37:01 --> Duplicate entry '0' for key 'PRIMARY'
in SYSTEMPATH\Database\MySQLi\Connection.php on line 292.
 1 SYSTEMPATH\Database\MySQLi\Connection.php(292): mysqli->query('INSERT INTO `requests` (`user_id`, `employee_email`, `title`, `description`) VALUES (\'6\', \'rok.pozar@workforce.com\', \'rokrok\', \'hello\')', 0)
 2 SYSTEMPATH\Database\BaseConnection.php(666): CodeIgniter\Database\MySQLi\Connection->execute('INSERT INTO `requests` (`user_id`, `employee_email`, `title`, `description`) VALUES (\'6\', \'rok.pozar@workforce.com\', \'rokrok\', \'hello\')')
 3 SYSTEMPATH\Database\BaseConnection.php(593): CodeIgniter\Database\BaseConnection->simpleQuery('INSERT INTO `requests` (`user_id`, `employee_email`, `title`, `description`) VALUES (\'6\', \'rok.pozar@workforce.com\', \'rokrok\', \'hello\')')
 4 SYSTEMPATH\Database\BaseBuilder.php(1916): CodeIgniter\Database\BaseConnection->query('INSERT INTO `requests` (`user_id`, `employee_email`, `title`, `description`) VALUES (:user_id:, :employee_email:, :title:, :description:)', [...], false)
 5 SYSTEMPATH\Model.php(279): CodeIgniter\Database\BaseBuilder->insert()
 6 SYSTEMPATH\BaseModel.php(749): CodeIgniter\Model->doInsert([...])
 7 SYSTEMPATH\Model.php(667): CodeIgniter\BaseModel->insert([...], false)
 8 SYSTEMPATH\BaseModel.php(659): CodeIgniter\Model->insert([...], false)
 9 APPPATH\Controllers\RequestController.php(38): CodeIgniter\BaseModel->save([...])
10 SYSTEMPATH\CodeIgniter.php(927): App\Controllers\RequestController->request()
11 SYSTEMPATH\CodeIgniter.php(482): CodeIgniter\CodeIgniter->runController(Object(App\Controllers\RequestController))
12 SYSTEMPATH\CodeIgniter.php(351): CodeIgniter\CodeIgniter->handleRequest(null, Object(Config\Cache), false)
13 FCPATH\index.php(67): CodeIgniter\CodeIgniter->run()
ERROR - 2023-02-14 14:44:51 --> mysqli_sql_exception: Duplicate entry '0' for key 'PRIMARY' in D:\Program Files\xampp\htdocs\workforce\system\Database\MySQLi\Connection.php:292
Stack trace:
#0 D:\Program Files\xampp\htdocs\workforce\system\Database\MySQLi\Connection.php(292): mysqli->query('INSERT INTO `re...', 0)
#1 D:\Program Files\xampp\htdocs\workforce\system\Database\BaseConnection.php(666): CodeIgniter\Database\MySQLi\Connection->execute('INSERT INTO `re...')
#2 D:\Program Files\xampp\htdocs\workforce\system\Database\BaseConnection.php(593): CodeIgniter\Database\BaseConnection->simpleQuery('INSERT INTO `re...')
#3 D:\Program Files\xampp\htdocs\workforce\system\Database\BaseBuilder.php(1916): CodeIgniter\Database\BaseConnection->query('INSERT INTO `re...', Array, false)
#4 D:\Program Files\xampp\htdocs\workforce\system\Model.php(279): CodeIgniter\Database\BaseBuilder->insert()
#5 D:\Program Files\xampp\htdocs\workforce\system\BaseModel.php(749): CodeIgniter\Model->doInsert(Array)
#6 D:\Program Files\xampp\htdocs\workforce\system\Model.php(667): CodeIgniter\BaseModel->insert(Array, false)
#7 D:\Program Files\xampp\htdocs\workforce\system\BaseModel.php(659): CodeIgniter\Model->insert(Array, false)
#8 D:\Program Files\xampp\htdocs\workforce\app\Controllers\RequestController.php(37): CodeIgniter\BaseModel->save(Array)
#9 D:\Program Files\xampp\htdocs\workforce\system\CodeIgniter.php(927): App\Controllers\RequestController->request()
#10 D:\Program Files\xampp\htdocs\workforce\system\CodeIgniter.php(482): CodeIgniter\CodeIgniter->runController(Object(App\Controllers\RequestController))
#11 D:\Program Files\xampp\htdocs\workforce\system\CodeIgniter.php(351): CodeIgniter\CodeIgniter->handleRequest(NULL, Object(Config\Cache), false)
#12 D:\Program Files\xampp\htdocs\workforce\public\index.php(67): CodeIgniter\CodeIgniter->run()
#13 {main}
CRITICAL - 2023-02-14 14:44:51 --> Duplicate entry '0' for key 'PRIMARY'
in SYSTEMPATH\Database\MySQLi\Connection.php on line 292.
 1 SYSTEMPATH\Database\MySQLi\Connection.php(292): mysqli->query('INSERT INTO `requests` (`user_id`, `employee_email`, `title`, `description`) VALUES (\'9\', \'rok.pozar@workforce.com\', \'rokrok\', \'rokrokrok rokr\')', 0)
 2 SYSTEMPATH\Database\BaseConnection.php(666): CodeIgniter\Database\MySQLi\Connection->execute('INSERT INTO `requests` (`user_id`, `employee_email`, `title`, `description`) VALUES (\'9\', \'rok.pozar@workforce.com\', \'rokrok\', \'rokrokrok rokr\')')
 3 SYSTEMPATH\Database\BaseConnection.php(593): CodeIgniter\Database\BaseConnection->simpleQuery('INSERT INTO `requests` (`user_id`, `employee_email`, `title`, `description`) VALUES (\'9\', \'rok.pozar@workforce.com\', \'rokrok\', \'rokrokrok rokr\')')
 4 SYSTEMPATH\Database\BaseBuilder.php(1916): CodeIgniter\Database\BaseConnection->query('INSERT INTO `requests` (`user_id`, `employee_email`, `title`, `description`) VALUES (:user_id:, :employee_email:, :title:, :description:)', [...], false)
 5 SYSTEMPATH\Model.php(279): CodeIgniter\Database\BaseBuilder->insert()
 6 SYSTEMPATH\BaseModel.php(749): CodeIgniter\Model->doInsert([...])
 7 SYSTEMPATH\Model.php(667): CodeIgniter\BaseModel->insert([...], false)
 8 SYSTEMPATH\BaseModel.php(659): CodeIgniter\Model->insert([...], false)
 9 APPPATH\Controllers\RequestController.php(37): CodeIgniter\BaseModel->save([...])
10 SYSTEMPATH\CodeIgniter.php(927): App\Controllers\RequestController->request()
11 SYSTEMPATH\CodeIgniter.php(482): CodeIgniter\CodeIgniter->runController(Object(App\Controllers\RequestController))
12 SYSTEMPATH\CodeIgniter.php(351): CodeIgniter\CodeIgniter->handleRequest(null, Object(Config\Cache), false)
13 FCPATH\index.php(67): CodeIgniter\CodeIgniter->run()
ERROR - 2023-02-14 14:46:26 --> mysqli_sql_exception: Duplicate entry '0' for key 'PRIMARY' in D:\Program Files\xampp\htdocs\workforce\system\Database\MySQLi\Connection.php:292
Stack trace:
#0 D:\Program Files\xampp\htdocs\workforce\system\Database\MySQLi\Connection.php(292): mysqli->query('INSERT INTO `re...', 0)
#1 D:\Program Files\xampp\htdocs\workforce\system\Database\BaseConnection.php(666): CodeIgniter\Database\MySQLi\Connection->execute('INSERT INTO `re...')
#2 D:\Program Files\xampp\htdocs\workforce\system\Database\BaseConnection.php(593): CodeIgniter\Database\BaseConnection->simpleQuery('INSERT INTO `re...')
#3 D:\Program Files\xampp\htdocs\workforce\system\Database\BaseBuilder.php(1916): CodeIgniter\Database\BaseConnection->query('INSERT INTO `re...', Array, false)
#4 D:\Program Files\xampp\htdocs\workforce\system\Model.php(279): CodeIgniter\Database\BaseBuilder->insert()
#5 D:\Program Files\xampp\htdocs\workforce\system\BaseModel.php(749): CodeIgniter\Model->doInsert(Array)
#6 D:\Program Files\xampp\htdocs\workforce\system\Model.php(667): CodeIgniter\BaseModel->insert(Array, false)
#7 D:\Program Files\xampp\htdocs\workforce\system\BaseModel.php(659): CodeIgniter\Model->insert(Array, false)
#8 D:\Program Files\xampp\htdocs\workforce\app\Controllers\RequestController.php(41): CodeIgniter\BaseModel->save(Array)
#9 D:\Program Files\xampp\htdocs\workforce\system\CodeIgniter.php(927): App\Controllers\RequestController->request()
#10 D:\Program Files\xampp\htdocs\workforce\system\CodeIgniter.php(482): CodeIgniter\CodeIgniter->runController(Object(App\Controllers\RequestController))
#11 D:\Program Files\xampp\htdocs\workforce\system\CodeIgniter.php(351): CodeIgniter\CodeIgniter->handleRequest(NULL, Object(Config\Cache), false)
#12 D:\Program Files\xampp\htdocs\workforce\public\index.php(67): CodeIgniter\CodeIgniter->run()
#13 {main}
CRITICAL - 2023-02-14 14:46:26 --> Duplicate entry '0' for key 'PRIMARY'
in SYSTEMPATH\Database\MySQLi\Connection.php on line 292.
 1 SYSTEMPATH\Database\MySQLi\Connection.php(292): mysqli->query('INSERT INTO `requests` (`user_id`, `employee_email`, `title`, `description`) VALUES (\'9\', \'ersd\', \'asdasd\', \'sdsfsdfrsderfs\')', 0)
 2 SYSTEMPATH\Database\BaseConnection.php(666): CodeIgniter\Database\MySQLi\Connection->execute('INSERT INTO `requests` (`user_id`, `employee_email`, `title`, `description`) VALUES (\'9\', \'ersd\', \'asdasd\', \'sdsfsdfrsderfs\')')
 3 SYSTEMPATH\Database\BaseConnection.php(593): CodeIgniter\Database\BaseConnection->simpleQuery('INSERT INTO `requests` (`user_id`, `employee_email`, `title`, `description`) VALUES (\'9\', \'ersd\', \'asdasd\', \'sdsfsdfrsderfs\')')
 4 SYSTEMPATH\Database\BaseBuilder.php(1916): CodeIgniter\Database\BaseConnection->query('INSERT INTO `requests` (`user_id`, `employee_email`, `title`, `description`) VALUES (:user_id:, :employee_email:, :title:, :description:)', [...], false)
 5 SYSTEMPATH\Model.php(279): CodeIgniter\Database\BaseBuilder->insert()
 6 SYSTEMPATH\BaseModel.php(749): CodeIgniter\Model->doInsert([...])
 7 SYSTEMPATH\Model.php(667): CodeIgniter\BaseModel->insert([...], false)
 8 SYSTEMPATH\BaseModel.php(659): CodeIgniter\Model->insert([...], false)
 9 APPPATH\Controllers\RequestController.php(41): CodeIgniter\BaseModel->save([...])
10 SYSTEMPATH\CodeIgniter.php(927): App\Controllers\RequestController->request()
11 SYSTEMPATH\CodeIgniter.php(482): CodeIgniter\CodeIgniter->runController(Object(App\Controllers\RequestController))
12 SYSTEMPATH\CodeIgniter.php(351): CodeIgniter\CodeIgniter->handleRequest(null, Object(Config\Cache), false)
13 FCPATH\index.php(67): CodeIgniter\CodeIgniter->run()
ERROR - 2023-02-14 14:48:06 --> mysqli_sql_exception: Duplicate entry '0' for key 'PRIMARY' in D:\Program Files\xampp\htdocs\workforce\system\Database\MySQLi\Connection.php:292
Stack trace:
#0 D:\Program Files\xampp\htdocs\workforce\system\Database\MySQLi\Connection.php(292): mysqli->query('INSERT INTO `re...', 0)
#1 D:\Program Files\xampp\htdocs\workforce\system\Database\BaseConnection.php(666): CodeIgniter\Database\MySQLi\Connection->execute('INSERT INTO `re...')
#2 D:\Program Files\xampp\htdocs\workforce\system\Database\BaseConnection.php(593): CodeIgniter\Database\BaseConnection->simpleQuery('INSERT INTO `re...')
#3 D:\Program Files\xampp\htdocs\workforce\system\Database\BaseBuilder.php(1916): CodeIgniter\Database\BaseConnection->query('INSERT INTO `re...', Array, false)
#4 D:\Program Files\xampp\htdocs\workforce\system\Model.php(279): CodeIgniter\Database\BaseBuilder->insert()
#5 D:\Program Files\xampp\htdocs\workforce\system\BaseModel.php(749): CodeIgniter\Model->doInsert(Array)
#6 D:\Program Files\xampp\htdocs\workforce\system\Model.php(667): CodeIgniter\BaseModel->insert(Array, false)
#7 D:\Program Files\xampp\htdocs\workforce\system\BaseModel.php(659): CodeIgniter\Model->insert(Array, false)
#8 D:\Program Files\xampp\htdocs\workforce\app\Controllers\RequestController.php(37): CodeIgniter\BaseModel->save(Array)
#9 D:\Program Files\xampp\htdocs\workforce\system\CodeIgniter.php(927): App\Controllers\RequestController->request()
#10 D:\Program Files\xampp\htdocs\workforce\system\CodeIgniter.php(482): CodeIgniter\CodeIgniter->runController(Object(App\Controllers\RequestController))
#11 D:\Program Files\xampp\htdocs\workforce\system\CodeIgniter.php(351): CodeIgniter\CodeIgniter->handleRequest(NULL, Object(Config\Cache), false)
#12 D:\Program Files\xampp\htdocs\workforce\public\index.php(67): CodeIgniter\CodeIgniter->run()
#13 {main}
CRITICAL - 2023-02-14 14:48:06 --> Duplicate entry '0' for key 'PRIMARY'
in SYSTEMPATH\Database\MySQLi\Connection.php on line 292.
 1 SYSTEMPATH\Database\MySQLi\Connection.php(292): mysqli->query('INSERT INTO `requests` (`user_id`, `employee_email`, `title`, `description`) VALUES (\'6\', \'rok.pozar@workforce.com\', \'ersefwer\', \'sefsfsreserssvds rterter\')', 0)
 2 SYSTEMPATH\Database\BaseConnection.php(666): CodeIgniter\Database\MySQLi\Connection->execute('INSERT INTO `requests` (`user_id`, `employee_email`, `title`, `description`) VALUES (\'6\', \'rok.pozar@workforce.com\', \'ersefwer\', \'sefsfsreserssvds rterter\')')
 3 SYSTEMPATH\Database\BaseConnection.php(593): CodeIgniter\Database\BaseConnection->simpleQuery('INSERT INTO `requests` (`user_id`, `employee_email`, `title`, `description`) VALUES (\'6\', \'rok.pozar@workforce.com\', \'ersefwer\', \'sefsfsreserssvds rterter\')')
 4 SYSTEMPATH\Database\BaseBuilder.php(1916): CodeIgniter\Database\BaseConnection->query('INSERT INTO `requests` (`user_id`, `employee_email`, `title`, `description`) VALUES (:user_id:, :employee_email:, :title:, :description:)', [...], false)
 5 SYSTEMPATH\Model.php(279): CodeIgniter\Database\BaseBuilder->insert()
 6 SYSTEMPATH\BaseModel.php(749): CodeIgniter\Model->doInsert([...])
 7 SYSTEMPATH\Model.php(667): CodeIgniter\BaseModel->insert([...], false)
 8 SYSTEMPATH\BaseModel.php(659): CodeIgniter\Model->insert([...], false)
 9 APPPATH\Controllers\RequestController.php(37): CodeIgniter\BaseModel->save([...])
10 SYSTEMPATH\CodeIgniter.php(927): App\Controllers\RequestController->request()
11 SYSTEMPATH\CodeIgniter.php(482): CodeIgniter\CodeIgniter->runController(Object(App\Controllers\RequestController))
12 SYSTEMPATH\CodeIgniter.php(351): CodeIgniter\CodeIgniter->handleRequest(null, Object(Config\Cache), false)
13 FCPATH\index.php(67): CodeIgniter\CodeIgniter->run()
ERROR - 2023-02-14 14:55:39 --> mysqli_sql_exception: Duplicate entry '0' for key 'PRIMARY' in D:\Program Files\xampp\htdocs\workforce\system\Database\MySQLi\Connection.php:292
Stack trace:
#0 D:\Program Files\xampp\htdocs\workforce\system\Database\MySQLi\Connection.php(292): mysqli->query('INSERT INTO `re...', 0)
#1 D:\Program Files\xampp\htdocs\workforce\system\Database\BaseConnection.php(666): CodeIgniter\Database\MySQLi\Connection->execute('INSERT INTO `re...')
#2 D:\Program Files\xampp\htdocs\workforce\system\Database\BaseConnection.php(593): CodeIgniter\Database\BaseConnection->simpleQuery('INSERT INTO `re...')
#3 D:\Program Files\xampp\htdocs\workforce\system\Database\BaseBuilder.php(1916): CodeIgniter\Database\BaseConnection->query('INSERT INTO `re...', Array, false)
#4 D:\Program Files\xampp\htdocs\workforce\system\Model.php(279): CodeIgniter\Database\BaseBuilder->insert()
#5 D:\Program Files\xampp\htdocs\workforce\system\BaseModel.php(749): CodeIgniter\Model->doInsert(Array)
#6 D:\Program Files\xampp\htdocs\workforce\system\Model.php(667): CodeIgniter\BaseModel->insert(Array, false)
#7 D:\Program Files\xampp\htdocs\workforce\system\BaseModel.php(659): CodeIgniter\Model->insert(Array, false)
#8 D:\Program Files\xampp\htdocs\workforce\app\Controllers\RequestController.php(32): CodeIgniter\BaseModel->save(Array)
#9 D:\Program Files\xampp\htdocs\workforce\system\CodeIgniter.php(927): App\Controllers\RequestController->request()
#10 D:\Program Files\xampp\htdocs\workforce\system\CodeIgniter.php(482): CodeIgniter\CodeIgniter->runController(Object(App\Controllers\RequestController))
#11 D:\Program Files\xampp\htdocs\workforce\system\CodeIgniter.php(351): CodeIgniter\CodeIgniter->handleRequest(NULL, Object(Config\Cache), false)
#12 D:\Program Files\xampp\htdocs\workforce\public\index.php(67): CodeIgniter\CodeIgniter->run()
#13 {main}
CRITICAL - 2023-02-14 14:55:39 --> Duplicate entry '0' for key 'PRIMARY'
in SYSTEMPATH\Database\MySQLi\Connection.php on line 292.
 1 SYSTEMPATH\Database\MySQLi\Connection.php(292): mysqli->query('INSERT INTO `requests` (`user_id`, `employee_email`, `title`, `description`) VALUES (\'7\', \'rok.pozar@workforce.com\', \'sdssdrfserwse\', \'sfsertetryhf rty rtyuty6u\')', 0)
 2 SYSTEMPATH\Database\BaseConnection.php(666): CodeIgniter\Database\MySQLi\Connection->execute('INSERT INTO `requests` (`user_id`, `employee_email`, `title`, `description`) VALUES (\'7\', \'rok.pozar@workforce.com\', \'sdssdrfserwse\', \'sfsertetryhf rty rtyuty6u\')')
 3 SYSTEMPATH\Database\BaseConnection.php(593): CodeIgniter\Database\BaseConnection->simpleQuery('INSERT INTO `requests` (`user_id`, `employee_email`, `title`, `description`) VALUES (\'7\', \'rok.pozar@workforce.com\', \'sdssdrfserwse\', \'sfsertetryhf rty rtyuty6u\')')
 4 SYSTEMPATH\Database\BaseBuilder.php(1916): CodeIgniter\Database\BaseConnection->query('INSERT INTO `requests` (`user_id`, `employee_email`, `title`, `description`) VALUES (:user_id:, :employee_email:, :title:, :description:)', [...], false)
 5 SYSTEMPATH\Model.php(279): CodeIgniter\Database\BaseBuilder->insert()
 6 SYSTEMPATH\BaseModel.php(749): CodeIgniter\Model->doInsert([...])
 7 SYSTEMPATH\Model.php(667): CodeIgniter\BaseModel->insert([...], false)
 8 SYSTEMPATH\BaseModel.php(659): CodeIgniter\Model->insert([...], false)
 9 APPPATH\Controllers\RequestController.php(32): CodeIgniter\BaseModel->save([...])
10 SYSTEMPATH\CodeIgniter.php(927): App\Controllers\RequestController->request()
11 SYSTEMPATH\CodeIgniter.php(482): CodeIgniter\CodeIgniter->runController(Object(App\Controllers\RequestController))
12 SYSTEMPATH\CodeIgniter.php(351): CodeIgniter\CodeIgniter->handleRequest(null, Object(Config\Cache), false)
13 FCPATH\index.php(67): CodeIgniter\CodeIgniter->run()
ERROR - 2023-02-14 14:58:15 --> mysqli_sql_exception: Duplicate entry '0' for key 'PRIMARY' in D:\Program Files\xampp\htdocs\workforce\system\Database\MySQLi\Connection.php:292
Stack trace:
#0 D:\Program Files\xampp\htdocs\workforce\system\Database\MySQLi\Connection.php(292): mysqli->query('INSERT INTO `re...', 0)
#1 D:\Program Files\xampp\htdocs\workforce\system\Database\BaseConnection.php(666): CodeIgniter\Database\MySQLi\Connection->execute('INSERT INTO `re...')
#2 D:\Program Files\xampp\htdocs\workforce\system\Database\BaseConnection.php(593): CodeIgniter\Database\BaseConnection->simpleQuery('INSERT INTO `re...')
#3 D:\Program Files\xampp\htdocs\workforce\system\Database\BaseBuilder.php(1916): CodeIgniter\Database\BaseConnection->query('INSERT INTO `re...', Array, false)
#4 D:\Program Files\xampp\htdocs\workforce\system\Model.php(279): CodeIgniter\Database\BaseBuilder->insert()
#5 D:\Program Files\xampp\htdocs\workforce\system\BaseModel.php(749): CodeIgniter\Model->doInsert(Array)
#6 D:\Program Files\xampp\htdocs\workforce\system\Model.php(667): CodeIgniter\BaseModel->insert(Array, false)
#7 D:\Program Files\xampp\htdocs\workforce\system\BaseModel.php(659): CodeIgniter\Model->insert(Array, false)
#8 D:\Program Files\xampp\htdocs\workforce\app\Controllers\RequestController.php(32): CodeIgniter\BaseModel->save(Array)
#9 D:\Program Files\xampp\htdocs\workforce\system\CodeIgniter.php(927): App\Controllers\RequestController->request()
#10 D:\Program Files\xampp\htdocs\workforce\system\CodeIgniter.php(482): CodeIgniter\CodeIgniter->runController(Object(App\Controllers\RequestController))
#11 D:\Program Files\xampp\htdocs\workforce\system\CodeIgniter.php(351): CodeIgniter\CodeIgniter->handleRequest(NULL, Object(Config\Cache), false)
#12 D:\Program Files\xampp\htdocs\workforce\public\index.php(67): CodeIgniter\CodeIgniter->run()
#13 {main}
CRITICAL - 2023-02-14 14:58:15 --> Duplicate entry '0' for key 'PRIMARY'
in SYSTEMPATH\Database\MySQLi\Connection.php on line 292.
 1 SYSTEMPATH\Database\MySQLi\Connection.php(292): mysqli->query('INSERT INTO `requests` (`user_id`, `employee_email`, `title`, `description`) VALUES (\'7\', \'rok.pozar@workforce.com\', \'sdasdasdasd\', \'werwrewr rtertert\')', 0)
 2 SYSTEMPATH\Database\BaseConnection.php(666): CodeIgniter\Database\MySQLi\Connection->execute('INSERT INTO `requests` (`user_id`, `employee_email`, `title`, `description`) VALUES (\'7\', \'rok.pozar@workforce.com\', \'sdasdasdasd\', \'werwrewr rtertert\')')
 3 SYSTEMPATH\Database\BaseConnection.php(593): CodeIgniter\Database\BaseConnection->simpleQuery('INSERT INTO `requests` (`user_id`, `employee_email`, `title`, `description`) VALUES (\'7\', \'rok.pozar@workforce.com\', \'sdasdasdasd\', \'werwrewr rtertert\')')
 4 SYSTEMPATH\Database\BaseBuilder.php(1916): CodeIgniter\Database\BaseConnection->query('INSERT INTO `requests` (`user_id`, `employee_email`, `title`, `description`) VALUES (:user_id:, :employee_email:, :title:, :description:)', [...], false)
 5 SYSTEMPATH\Model.php(279): CodeIgniter\Database\BaseBuilder->insert()
 6 SYSTEMPATH\BaseModel.php(749): CodeIgniter\Model->doInsert([...])
 7 SYSTEMPATH\Model.php(667): CodeIgniter\BaseModel->insert([...], false)
 8 SYSTEMPATH\BaseModel.php(659): CodeIgniter\Model->insert([...], false)
 9 APPPATH\Controllers\RequestController.php(32): CodeIgniter\BaseModel->save([...])
10 SYSTEMPATH\CodeIgniter.php(927): App\Controllers\RequestController->request()
11 SYSTEMPATH\CodeIgniter.php(482): CodeIgniter\CodeIgniter->runController(Object(App\Controllers\RequestController))
12 SYSTEMPATH\CodeIgniter.php(351): CodeIgniter\CodeIgniter->handleRequest(null, Object(Config\Cache), false)
13 FCPATH\index.php(67): CodeIgniter\CodeIgniter->run()
ERROR - 2023-02-14 14:58:36 --> mysqli_sql_exception: Duplicate entry '0' for key 'PRIMARY' in D:\Program Files\xampp\htdocs\workforce\system\Database\MySQLi\Connection.php:292
Stack trace:
#0 D:\Program Files\xampp\htdocs\workforce\system\Database\MySQLi\Connection.php(292): mysqli->query('INSERT INTO `re...', 0)
#1 D:\Program Files\xampp\htdocs\workforce\system\Database\BaseConnection.php(666): CodeIgniter\Database\MySQLi\Connection->execute('INSERT INTO `re...')
#2 D:\Program Files\xampp\htdocs\workforce\system\Database\BaseConnection.php(593): CodeIgniter\Database\BaseConnection->simpleQuery('INSERT INTO `re...')
#3 D:\Program Files\xampp\htdocs\workforce\system\Database\BaseBuilder.php(1916): CodeIgniter\Database\BaseConnection->query('INSERT INTO `re...', Array, false)
#4 D:\Program Files\xampp\htdocs\workforce\system\Model.php(279): CodeIgniter\Database\BaseBuilder->insert()
#5 D:\Program Files\xampp\htdocs\workforce\system\BaseModel.php(749): CodeIgniter\Model->doInsert(Array)
#6 D:\Program Files\xampp\htdocs\workforce\system\Model.php(667): CodeIgniter\BaseModel->insert(Array, false)
#7 D:\Program Files\xampp\htdocs\workforce\system\BaseModel.php(659): CodeIgniter\Model->insert(Array, false)
#8 D:\Program Files\xampp\htdocs\workforce\app\Controllers\RequestController.php(32): CodeIgniter\BaseModel->save(Array)
#9 D:\Program Files\xampp\htdocs\workforce\system\CodeIgniter.php(927): App\Controllers\RequestController->request()
#10 D:\Program Files\xampp\htdocs\workforce\system\CodeIgniter.php(482): CodeIgniter\CodeIgniter->runController(Object(App\Controllers\RequestController))
#11 D:\Program Files\xampp\htdocs\workforce\system\CodeIgniter.php(351): CodeIgniter\CodeIgniter->handleRequest(NULL, Object(Config\Cache), false)
#12 D:\Program Files\xampp\htdocs\workforce\public\index.php(67): CodeIgniter\CodeIgniter->run()
#13 {main}
CRITICAL - 2023-02-14 14:58:36 --> Duplicate entry '0' for key 'PRIMARY'
in SYSTEMPATH\Database\MySQLi\Connection.php on line 292.
 1 SYSTEMPATH\Database\MySQLi\Connection.php(292): mysqli->query('INSERT INTO `requests` (`user_id`, `employee_email`, `title`, `description`) VALUES (\'7\', \'rok.pozar@workforce.com\', \'sdasdasdasd\', \'werwrewr rtertert\')', 0)
 2 SYSTEMPATH\Database\BaseConnection.php(666): CodeIgniter\Database\MySQLi\Connection->execute('INSERT INTO `requests` (`user_id`, `employee_email`, `title`, `description`) VALUES (\'7\', \'rok.pozar@workforce.com\', \'sdasdasdasd\', \'werwrewr rtertert\')')
 3 SYSTEMPATH\Database\BaseConnection.php(593): CodeIgniter\Database\BaseConnection->simpleQuery('INSERT INTO `requests` (`user_id`, `employee_email`, `title`, `description`) VALUES (\'7\', \'rok.pozar@workforce.com\', \'sdasdasdasd\', \'werwrewr rtertert\')')
 4 SYSTEMPATH\Database\BaseBuilder.php(1916): CodeIgniter\Database\BaseConnection->query('INSERT INTO `requests` (`user_id`, `employee_email`, `title`, `description`) VALUES (:user_id:, :employee_email:, :title:, :description:)', [...], false)
 5 SYSTEMPATH\Model.php(279): CodeIgniter\Database\BaseBuilder->insert()
 6 SYSTEMPATH\BaseModel.php(749): CodeIgniter\Model->doInsert([...])
 7 SYSTEMPATH\Model.php(667): CodeIgniter\BaseModel->insert([...], false)
 8 SYSTEMPATH\BaseModel.php(659): CodeIgniter\Model->insert([...], false)
 9 APPPATH\Controllers\RequestController.php(32): CodeIgniter\BaseModel->save([...])
10 SYSTEMPATH\CodeIgniter.php(927): App\Controllers\RequestController->request()
11 SYSTEMPATH\CodeIgniter.php(482): CodeIgniter\CodeIgniter->runController(Object(App\Controllers\RequestController))
12 SYSTEMPATH\CodeIgniter.php(351): CodeIgniter\CodeIgniter->handleRequest(null, Object(Config\Cache), false)
13 FCPATH\index.php(67): CodeIgniter\CodeIgniter->run()
ERROR - 2023-02-14 15:05:45 --> mysqli_sql_exception: Duplicate entry '0' for key 'PRIMARY' in D:\Program Files\xampp\htdocs\workforce\system\Database\MySQLi\Connection.php:292
Stack trace:
#0 D:\Program Files\xampp\htdocs\workforce\system\Database\MySQLi\Connection.php(292): mysqli->query('INSERT INTO `re...', 0)
#1 D:\Program Files\xampp\htdocs\workforce\system\Database\BaseConnection.php(666): CodeIgniter\Database\MySQLi\Connection->execute('INSERT INTO `re...')
#2 D:\Program Files\xampp\htdocs\workforce\system\Database\BaseConnection.php(593): CodeIgniter\Database\BaseConnection->simpleQuery('INSERT INTO `re...')
#3 D:\Program Files\xampp\htdocs\workforce\system\Database\BaseBuilder.php(1916): CodeIgniter\Database\BaseConnection->query('INSERT INTO `re...', Array, false)
#4 D:\Program Files\xampp\htdocs\workforce\system\Model.php(279): CodeIgniter\Database\BaseBuilder->insert()
#5 D:\Program Files\xampp\htdocs\workforce\system\BaseModel.php(749): CodeIgniter\Model->doInsert(Array)
#6 D:\Program Files\xampp\htdocs\workforce\system\Model.php(667): CodeIgniter\BaseModel->insert(Array, false)
#7 D:\Program Files\xampp\htdocs\workforce\system\BaseModel.php(659): CodeIgniter\Model->insert(Array, false)
#8 D:\Program Files\xampp\htdocs\workforce\app\Controllers\RequestController.php(33): CodeIgniter\BaseModel->save(Array)
#9 D:\Program Files\xampp\htdocs\workforce\system\CodeIgniter.php(927): App\Controllers\RequestController->request()
#10 D:\Program Files\xampp\htdocs\workforce\system\CodeIgniter.php(482): CodeIgniter\CodeIgniter->runController(Object(App\Controllers\RequestController))
#11 D:\Program Files\xampp\htdocs\workforce\system\CodeIgniter.php(351): CodeIgniter\CodeIgniter->handleRequest(NULL, Object(Config\Cache), false)
#12 D:\Program Files\xampp\htdocs\workforce\public\index.php(67): CodeIgniter\CodeIgniter->run()
#13 {main}
CRITICAL - 2023-02-14 15:05:45 --> Duplicate entry '0' for key 'PRIMARY'
in SYSTEMPATH\Database\MySQLi\Connection.php on line 292.
 1 SYSTEMPATH\Database\MySQLi\Connection.php(292): mysqli->query('INSERT INTO `requests` (`user_id`, `employee_email`, `title`, `description`) VALUES (\'7\', \'rok.pozar@workforce.com\', \'sdfasf sfd\', \'sdfsretetgerd gt\')', 0)
 2 SYSTEMPATH\Database\BaseConnection.php(666): CodeIgniter\Database\MySQLi\Connection->execute('INSERT INTO `requests` (`user_id`, `employee_email`, `title`, `description`) VALUES (\'7\', \'rok.pozar@workforce.com\', \'sdfasf sfd\', \'sdfsretetgerd gt\')')
 3 SYSTEMPATH\Database\BaseConnection.php(593): CodeIgniter\Database\BaseConnection->simpleQuery('INSERT INTO `requests` (`user_id`, `employee_email`, `title`, `description`) VALUES (\'7\', \'rok.pozar@workforce.com\', \'sdfasf sfd\', \'sdfsretetgerd gt\')')
 4 SYSTEMPATH\Database\BaseBuilder.php(1916): CodeIgniter\Database\BaseConnection->query('INSERT INTO `requests` (`user_id`, `employee_email`, `title`, `description`) VALUES (:user_id:, :employee_email:, :title:, :description:)', [...], false)
 5 SYSTEMPATH\Model.php(279): CodeIgniter\Database\BaseBuilder->insert()
 6 SYSTEMPATH\BaseModel.php(749): CodeIgniter\Model->doInsert([...])
 7 SYSTEMPATH\Model.php(667): CodeIgniter\BaseModel->insert([...], false)
 8 SYSTEMPATH\BaseModel.php(659): CodeIgniter\Model->insert([...], false)
 9 APPPATH\Controllers\RequestController.php(33): CodeIgniter\BaseModel->save([...])
10 SYSTEMPATH\CodeIgniter.php(927): App\Controllers\RequestController->request()
11 SYSTEMPATH\CodeIgniter.php(482): CodeIgniter\CodeIgniter->runController(Object(App\Controllers\RequestController))
12 SYSTEMPATH\CodeIgniter.php(351): CodeIgniter\CodeIgniter->handleRequest(null, Object(Config\Cache), false)
13 FCPATH\index.php(67): CodeIgniter\CodeIgniter->run()
ERROR - 2023-02-14 15:11:05 --> mysqli_sql_exception: Duplicate entry '0' for key 'PRIMARY' in D:\Program Files\xampp\htdocs\workforce\system\Database\MySQLi\Connection.php:292
Stack trace:
#0 D:\Program Files\xampp\htdocs\workforce\system\Database\MySQLi\Connection.php(292): mysqli->query('INSERT INTO `re...', 0)
#1 D:\Program Files\xampp\htdocs\workforce\system\Database\BaseConnection.php(666): CodeIgniter\Database\MySQLi\Connection->execute('INSERT INTO `re...')
#2 D:\Program Files\xampp\htdocs\workforce\system\Database\BaseConnection.php(593): CodeIgniter\Database\BaseConnection->simpleQuery('INSERT INTO `re...')
#3 D:\Program Files\xampp\htdocs\workforce\system\Database\BaseBuilder.php(1916): CodeIgniter\Database\BaseConnection->query('INSERT INTO `re...', Array, false)
#4 D:\Program Files\xampp\htdocs\workforce\system\Model.php(279): CodeIgniter\Database\BaseBuilder->insert()
#5 D:\Program Files\xampp\htdocs\workforce\system\BaseModel.php(749): CodeIgniter\Model->doInsert(Array)
#6 D:\Program Files\xampp\htdocs\workforce\system\Model.php(667): CodeIgniter\BaseModel->insert(Array, false)
#7 D:\Program Files\xampp\htdocs\workforce\system\BaseModel.php(659): CodeIgniter\Model->insert(Array, false)
#8 D:\Program Files\xampp\htdocs\workforce\app\Controllers\RequestController.php(33): CodeIgniter\BaseModel->save(Array)
#9 D:\Program Files\xampp\htdocs\workforce\system\CodeIgniter.php(927): App\Controllers\RequestController->request()
#10 D:\Program Files\xampp\htdocs\workforce\system\CodeIgniter.php(482): CodeIgniter\CodeIgniter->runController(Object(App\Controllers\RequestController))
#11 D:\Program Files\xampp\htdocs\workforce\system\CodeIgniter.php(351): CodeIgniter\CodeIgniter->handleRequest(NULL, Object(Config\Cache), false)
#12 D:\Program Files\xampp\htdocs\workforce\public\index.php(67): CodeIgniter\CodeIgniter->run()
#13 {main}
CRITICAL - 2023-02-14 15:11:05 --> Duplicate entry '0' for key 'PRIMARY'
in SYSTEMPATH\Database\MySQLi\Connection.php on line 292.
 1 SYSTEMPATH\Database\MySQLi\Connection.php(292): mysqli->query('INSERT INTO `requests` (`user_id`, `employee_email`, `title`, `description`) VALUES (\'7\', \'rok.pozar@workforce.com\', \'saefsdsd t\', \'sadfwsere tre eyrt\')', 0)
 2 SYSTEMPATH\Database\BaseConnection.php(666): CodeIgniter\Database\MySQLi\Connection->execute('INSERT INTO `requests` (`user_id`, `employee_email`, `title`, `description`) VALUES (\'7\', \'rok.pozar@workforce.com\', \'saefsdsd t\', \'sadfwsere tre eyrt\')')
 3 SYSTEMPATH\Database\BaseConnection.php(593): CodeIgniter\Database\BaseConnection->simpleQuery('INSERT INTO `requests` (`user_id`, `employee_email`, `title`, `description`) VALUES (\'7\', \'rok.pozar@workforce.com\', \'saefsdsd t\', \'sadfwsere tre eyrt\')')
 4 SYSTEMPATH\Database\BaseBuilder.php(1916): CodeIgniter\Database\BaseConnection->query('INSERT INTO `requests` (`user_id`, `employee_email`, `title`, `description`) VALUES (:user_id:, :employee_email:, :title:, :description:)', [...], false)
 5 SYSTEMPATH\Model.php(279): CodeIgniter\Database\BaseBuilder->insert()
 6 SYSTEMPATH\BaseModel.php(749): CodeIgniter\Model->doInsert([...])
 7 SYSTEMPATH\Model.php(667): CodeIgniter\BaseModel->insert([...], false)
 8 SYSTEMPATH\BaseModel.php(659): CodeIgniter\Model->insert([...], false)
 9 APPPATH\Controllers\RequestController.php(33): CodeIgniter\BaseModel->save([...])
10 SYSTEMPATH\CodeIgniter.php(927): App\Controllers\RequestController->request()
11 SYSTEMPATH\CodeIgniter.php(482): CodeIgniter\CodeIgniter->runController(Object(App\Controllers\RequestController))
12 SYSTEMPATH\CodeIgniter.php(351): CodeIgniter\CodeIgniter->handleRequest(null, Object(Config\Cache), false)
13 FCPATH\index.php(67): CodeIgniter\CodeIgniter->run()
CRITICAL - 2023-02-14 15:13:01 --> Unclosed '{' on line 8
in APPPATH\Controllers\RequestController.php on line 60.
 1 SYSTEMPATH\Autoloader\Autoloader.php(259): CodeIgniter\Autoloader\Autoloader->includeFile('APPPATH\\Controllers\\RequestController.php')
 2 SYSTEMPATH\Autoloader\Autoloader.php(237): CodeIgniter\Autoloader\Autoloader->loadInNamespace('App\\Controllers\\RequestController')
 3 [internal function]: CodeIgniter\Autoloader\Autoloader->loadClass('App\\Controllers\\RequestController')
 4 SYSTEMPATH\CodeIgniter.php(877): class_exists('\\App\\Controllers\\RequestController', true)
 5 SYSTEMPATH\CodeIgniter.php(469): CodeIgniter\CodeIgniter->startController()
 6 SYSTEMPATH\CodeIgniter.php(351): CodeIgniter\CodeIgniter->handleRequest(null, Object(Config\Cache), false)
 7 FCPATH\index.php(67): CodeIgniter\CodeIgniter->run()
CRITICAL - 2023-02-14 15:13:09 --> Unclosed '{' on line 8
in APPPATH\Controllers\RequestController.php on line 60.
 1 SYSTEMPATH\Autoloader\Autoloader.php(259): CodeIgniter\Autoloader\Autoloader->includeFile('APPPATH\\Controllers\\RequestController.php')
 2 SYSTEMPATH\Autoloader\Autoloader.php(237): CodeIgniter\Autoloader\Autoloader->loadInNamespace('App\\Controllers\\RequestController')
 3 [internal function]: CodeIgniter\Autoloader\Autoloader->loadClass('App\\Controllers\\RequestController')
 4 SYSTEMPATH\CodeIgniter.php(877): class_exists('\\App\\Controllers\\RequestController', true)
 5 SYSTEMPATH\CodeIgniter.php(469): CodeIgniter\CodeIgniter->startController()
 6 SYSTEMPATH\CodeIgniter.php(351): CodeIgniter\CodeIgniter->handleRequest(null, Object(Config\Cache), false)
 7 FCPATH\index.php(67): CodeIgniter\CodeIgniter->run()
CRITICAL - 2023-02-14 15:14:13 --> Unclosed '{' on line 8
in APPPATH\Controllers\RequestController.php on line 61.
 1 SYSTEMPATH\Autoloader\Autoloader.php(259): CodeIgniter\Autoloader\Autoloader->includeFile('APPPATH\\Controllers\\RequestController.php')
 2 SYSTEMPATH\Autoloader\Autoloader.php(237): CodeIgniter\Autoloader\Autoloader->loadInNamespace('App\\Controllers\\RequestController')
 3 [internal function]: CodeIgniter\Autoloader\Autoloader->loadClass('App\\Controllers\\RequestController')
 4 SYSTEMPATH\CodeIgniter.php(877): class_exists('\\App\\Controllers\\RequestController', true)
 5 SYSTEMPATH\CodeIgniter.php(469): CodeIgniter\CodeIgniter->startController()
 6 SYSTEMPATH\CodeIgniter.php(351): CodeIgniter\CodeIgniter->handleRequest(null, Object(Config\Cache), false)
 7 FCPATH\index.php(67): CodeIgniter\CodeIgniter->run()
CRITICAL - 2023-02-14 15:14:42 --> Array to string conversion
in APPPATH\Controllers\RequestController.php on line 40.
 1 APPPATH\Controllers\RequestController.php(40): CodeIgniter\Debug\Exceptions->errorHandler(2, 'Array to string conversion', 'APPPATH\\Controllers\\RequestController.php', 40)
 2 SYSTEMPATH\CodeIgniter.php(927): App\Controllers\RequestController->request()
 3 SYSTEMPATH\CodeIgniter.php(482): CodeIgniter\CodeIgniter->runController(Object(App\Controllers\RequestController))
 4 SYSTEMPATH\CodeIgniter.php(351): CodeIgniter\CodeIgniter->handleRequest(null, Object(Config\Cache), false)
 5 FCPATH\index.php(67): CodeIgniter\CodeIgniter->run()
CRITICAL - 2023-02-14 15:14:46 --> Array to string conversion
in APPPATH\Controllers\RequestController.php on line 40.
 1 APPPATH\Controllers\RequestController.php(40): CodeIgniter\Debug\Exceptions->errorHandler(2, 'Array to string conversion', 'APPPATH\\Controllers\\RequestController.php', 40)
 2 SYSTEMPATH\CodeIgniter.php(927): App\Controllers\RequestController->request()
 3 SYSTEMPATH\CodeIgniter.php(482): CodeIgniter\CodeIgniter->runController(Object(App\Controllers\RequestController))
 4 SYSTEMPATH\CodeIgniter.php(351): CodeIgniter\CodeIgniter->handleRequest(null, Object(Config\Cache), false)
 5 FCPATH\index.php(67): CodeIgniter\CodeIgniter->run()
CRITICAL - 2023-02-14 15:15:02 --> Array to string conversion
in APPPATH\Controllers\RequestController.php on line 40.
 1 APPPATH\Controllers\RequestController.php(40): CodeIgniter\Debug\Exceptions->errorHandler(2, 'Array to string conversion', 'APPPATH\\Controllers\\RequestController.php', 40)
 2 SYSTEMPATH\CodeIgniter.php(927): App\Controllers\RequestController->request()
 3 SYSTEMPATH\CodeIgniter.php(482): CodeIgniter\CodeIgniter->runController(Object(App\Controllers\RequestController))
 4 SYSTEMPATH\CodeIgniter.php(351): CodeIgniter\CodeIgniter->handleRequest(null, Object(Config\Cache), false)
 5 FCPATH\index.php(67): CodeIgniter\CodeIgniter->run()
ERROR - 2023-02-14 15:26:06 --> mysqli_sql_exception: Duplicate entry '0' for key 'PRIMARY' in D:\Program Files\xampp\htdocs\workforce\system\Database\MySQLi\Connection.php:292
Stack trace:
#0 D:\Program Files\xampp\htdocs\workforce\system\Database\MySQLi\Connection.php(292): mysqli->query('INSERT INTO `re...', 0)
#1 D:\Program Files\xampp\htdocs\workforce\system\Database\BaseConnection.php(666): CodeIgniter\Database\MySQLi\Connection->execute('INSERT INTO `re...')
#2 D:\Program Files\xampp\htdocs\workforce\system\Database\BaseConnection.php(593): CodeIgniter\Database\BaseConnection->simpleQuery('INSERT INTO `re...')
#3 D:\Program Files\xampp\htdocs\workforce\system\Database\BaseBuilder.php(1916): CodeIgniter\Database\BaseConnection->query('INSERT INTO `re...', Array, false)
#4 D:\Program Files\xampp\htdocs\workforce\system\Model.php(279): CodeIgniter\Database\BaseBuilder->insert()
#5 D:\Program Files\xampp\htdocs\workforce\system\BaseModel.php(749): CodeIgniter\Model->doInsert(Array)
#6 D:\Program Files\xampp\htdocs\workforce\system\Model.php(667): CodeIgniter\BaseModel->insert(Array, false)
#7 D:\Program Files\xampp\htdocs\workforce\system\BaseModel.php(659): CodeIgniter\Model->insert(Array, false)
#8 D:\Program Files\xampp\htdocs\workforce\app\Controllers\RequestController.php(37): CodeIgniter\BaseModel->save(Array)
#9 D:\Program Files\xampp\htdocs\workforce\system\CodeIgniter.php(927): App\Controllers\RequestController->request()
#10 D:\Program Files\xampp\htdocs\workforce\system\CodeIgniter.php(482): CodeIgniter\CodeIgniter->runController(Object(App\Controllers\RequestController))
#11 D:\Program Files\xampp\htdocs\workforce\system\CodeIgniter.php(351): CodeIgniter\CodeIgniter->handleRequest(NULL, Object(Config\Cache), false)
#12 D:\Program Files\xampp\htdocs\workforce\public\index.php(67): CodeIgniter\CodeIgniter->run()
#13 {main}
CRITICAL - 2023-02-14 15:26:06 --> Duplicate entry '0' for key 'PRIMARY'
in SYSTEMPATH\Database\MySQLi\Connection.php on line 292.
 1 SYSTEMPATH\Database\MySQLi\Connection.php(292): mysqli->query('INSERT INTO `requests` (`user_id`, `employee_email`, `title`, `description`) VALUES (\'7\', \'rok.pozar@workforce.com\', \'serdtfvgybuyhnji\', \'xrdcftvgbhnjkl\')', 0)
 2 SYSTEMPATH\Database\BaseConnection.php(666): CodeIgniter\Database\MySQLi\Connection->execute('INSERT INTO `requests` (`user_id`, `employee_email`, `title`, `description`) VALUES (\'7\', \'rok.pozar@workforce.com\', \'serdtfvgybuyhnji\', \'xrdcftvgbhnjkl\')')
 3 SYSTEMPATH\Database\BaseConnection.php(593): CodeIgniter\Database\BaseConnection->simpleQuery('INSERT INTO `requests` (`user_id`, `employee_email`, `title`, `description`) VALUES (\'7\', \'rok.pozar@workforce.com\', \'serdtfvgybuyhnji\', \'xrdcftvgbhnjkl\')')
 4 SYSTEMPATH\Database\BaseBuilder.php(1916): CodeIgniter\Database\BaseConnection->query('INSERT INTO `requests` (`user_id`, `employee_email`, `title`, `description`) VALUES (:user_id:, :employee_email:, :title:, :description:)', [...], false)
 5 SYSTEMPATH\Model.php(279): CodeIgniter\Database\BaseBuilder->insert()
 6 SYSTEMPATH\BaseModel.php(749): CodeIgniter\Model->doInsert([...])
 7 SYSTEMPATH\Model.php(667): CodeIgniter\BaseModel->insert([...], false)
 8 SYSTEMPATH\BaseModel.php(659): CodeIgniter\Model->insert([...], false)
 9 APPPATH\Controllers\RequestController.php(37): CodeIgniter\BaseModel->save([...])
10 SYSTEMPATH\CodeIgniter.php(927): App\Controllers\RequestController->request()
11 SYSTEMPATH\CodeIgniter.php(482): CodeIgniter\CodeIgniter->runController(Object(App\Controllers\RequestController))
12 SYSTEMPATH\CodeIgniter.php(351): CodeIgniter\CodeIgniter->handleRequest(null, Object(Config\Cache), false)
13 FCPATH\index.php(67): CodeIgniter\CodeIgniter->run()
CRITICAL - 2023-02-14 15:34:07 --> Array to string conversion
in APPPATH\Controllers\RequestController.php on line 40.
 1 APPPATH\Controllers\RequestController.php(40): CodeIgniter\Debug\Exceptions->errorHandler(2, 'Array to string conversion', 'APPPATH\\Controllers\\RequestController.php', 40)
 2 SYSTEMPATH\CodeIgniter.php(927): App\Controllers\RequestController->request()
 3 SYSTEMPATH\CodeIgniter.php(482): CodeIgniter\CodeIgniter->runController(Object(App\Controllers\RequestController))
 4 SYSTEMPATH\CodeIgniter.php(351): CodeIgniter\CodeIgniter->handleRequest(null, Object(Config\Cache), false)
 5 FCPATH\index.php(67): CodeIgniter\CodeIgniter->run()
ERROR - 2023-02-14 15:34:30 --> mysqli_sql_exception: Duplicate entry '0' for key 'PRIMARY' in D:\Program Files\xampp\htdocs\workforce\system\Database\MySQLi\Connection.php:292
Stack trace:
#0 D:\Program Files\xampp\htdocs\workforce\system\Database\MySQLi\Connection.php(292): mysqli->query('INSERT INTO `re...', 0)
#1 D:\Program Files\xampp\htdocs\workforce\system\Database\BaseConnection.php(666): CodeIgniter\Database\MySQLi\Connection->execute('INSERT INTO `re...')
#2 D:\Program Files\xampp\htdocs\workforce\system\Database\BaseConnection.php(593): CodeIgniter\Database\BaseConnection->simpleQuery('INSERT INTO `re...')
#3 D:\Program Files\xampp\htdocs\workforce\system\Database\BaseBuilder.php(1916): CodeIgniter\Database\BaseConnection->query('INSERT INTO `re...', Array, false)
#4 D:\Program Files\xampp\htdocs\workforce\system\Model.php(279): CodeIgniter\Database\BaseBuilder->insert()
#5 D:\Program Files\xampp\htdocs\workforce\system\BaseModel.php(749): CodeIgniter\Model->doInsert(Array)
#6 D:\Program Files\xampp\htdocs\workforce\system\Model.php(667): CodeIgniter\BaseModel->insert(Array, false)
#7 D:\Program Files\xampp\htdocs\workforce\system\BaseModel.php(659): CodeIgniter\Model->insert(Array, false)
#8 D:\Program Files\xampp\htdocs\workforce\app\Controllers\RequestController.php(35): CodeIgniter\BaseModel->save(Array)
#9 D:\Program Files\xampp\htdocs\workforce\system\CodeIgniter.php(927): App\Controllers\RequestController->request()
#10 D:\Program Files\xampp\htdocs\workforce\system\CodeIgniter.php(482): CodeIgniter\CodeIgniter->runController(Object(App\Controllers\RequestController))
#11 D:\Program Files\xampp\htdocs\workforce\system\CodeIgniter.php(351): CodeIgniter\CodeIgniter->handleRequest(NULL, Object(Config\Cache), false)
#12 D:\Program Files\xampp\htdocs\workforce\public\index.php(67): CodeIgniter\CodeIgniter->run()
#13 {main}
CRITICAL - 2023-02-14 15:34:30 --> Duplicate entry '0' for key 'PRIMARY'
in SYSTEMPATH\Database\MySQLi\Connection.php on line 292.
 1 SYSTEMPATH\Database\MySQLi\Connection.php(292): mysqli->query('INSERT INTO `requests` (`user_id`, `employee_email`, `title`, `description`) VALUES (\'7\', \'rok.pozar@workforce.com\', \'serdftgyhujio\', \'rdfhj\\\'gvhgjgjv ugvu\')', 0)
 2 SYSTEMPATH\Database\BaseConnection.php(666): CodeIgniter\Database\MySQLi\Connection->execute('INSERT INTO `requests` (`user_id`, `employee_email`, `title`, `description`) VALUES (\'7\', \'rok.pozar@workforce.com\', \'serdftgyhujio\', \'rdfhj\\\'gvhgjgjv ugvu\')')
 3 SYSTEMPATH\Database\BaseConnection.php(593): CodeIgniter\Database\BaseConnection->simpleQuery('INSERT INTO `requests` (`user_id`, `employee_email`, `title`, `description`) VALUES (\'7\', \'rok.pozar@workforce.com\', \'serdftgyhujio\', \'rdfhj\\\'gvhgjgjv ugvu\')')
 4 SYSTEMPATH\Database\BaseBuilder.php(1916): CodeIgniter\Database\BaseConnection->query('INSERT INTO `requests` (`user_id`, `employee_email`, `title`, `description`) VALUES (:user_id:, :employee_email:, :title:, :description:)', [...], false)
 5 SYSTEMPATH\Model.php(279): CodeIgniter\Database\BaseBuilder->insert()
 6 SYSTEMPATH\BaseModel.php(749): CodeIgniter\Model->doInsert([...])
 7 SYSTEMPATH\Model.php(667): CodeIgniter\BaseModel->insert([...], false)
 8 SYSTEMPATH\BaseModel.php(659): CodeIgniter\Model->insert([...], false)
 9 APPPATH\Controllers\RequestController.php(35): CodeIgniter\BaseModel->save([...])
10 SYSTEMPATH\CodeIgniter.php(927): App\Controllers\RequestController->request()
11 SYSTEMPATH\CodeIgniter.php(482): CodeIgniter\CodeIgniter->runController(Object(App\Controllers\RequestController))
12 SYSTEMPATH\CodeIgniter.php(351): CodeIgniter\CodeIgniter->handleRequest(null, Object(Config\Cache), false)
13 FCPATH\index.php(67): CodeIgniter\CodeIgniter->run()
ERROR - 2023-02-14 15:37:37 --> mysqli_sql_exception: Duplicate entry '0' for key 'PRIMARY' in D:\Program Files\xampp\htdocs\workforce\system\Database\MySQLi\Connection.php:292
Stack trace:
#0 D:\Program Files\xampp\htdocs\workforce\system\Database\MySQLi\Connection.php(292): mysqli->query('INSERT INTO `re...', 0)
#1 D:\Program Files\xampp\htdocs\workforce\system\Database\BaseConnection.php(666): CodeIgniter\Database\MySQLi\Connection->execute('INSERT INTO `re...')
#2 D:\Program Files\xampp\htdocs\workforce\system\Database\BaseConnection.php(593): CodeIgniter\Database\BaseConnection->simpleQuery('INSERT INTO `re...')
#3 D:\Program Files\xampp\htdocs\workforce\system\Database\BaseBuilder.php(1916): CodeIgniter\Database\BaseConnection->query('INSERT INTO `re...', Array, false)
#4 D:\Program Files\xampp\htdocs\workforce\system\Model.php(279): CodeIgniter\Database\BaseBuilder->insert()
#5 D:\Program Files\xampp\htdocs\workforce\system\BaseModel.php(749): CodeIgniter\Model->doInsert(Array)
#6 D:\Program Files\xampp\htdocs\workforce\system\Model.php(667): CodeIgniter\BaseModel->insert(Array, false)
#7 D:\Program Files\xampp\htdocs\workforce\system\BaseModel.php(659): CodeIgniter\Model->insert(Array, false)
#8 D:\Program Files\xampp\htdocs\workforce\app\Controllers\RequestController.php(35): CodeIgniter\BaseModel->save(Array)
#9 D:\Program Files\xampp\htdocs\workforce\system\CodeIgniter.php(927): App\Controllers\RequestController->request()
#10 D:\Program Files\xampp\htdocs\workforce\system\CodeIgniter.php(482): CodeIgniter\CodeIgniter->runController(Object(App\Controllers\RequestController))
#11 D:\Program Files\xampp\htdocs\workforce\system\CodeIgniter.php(351): CodeIgniter\CodeIgniter->handleRequest(NULL, Object(Config\Cache), false)
#12 D:\Program Files\xampp\htdocs\workforce\public\index.php(67): CodeIgniter\CodeIgniter->run()
#13 {main}
CRITICAL - 2023-02-14 15:37:37 --> Duplicate entry '0' for key 'PRIMARY'
in SYSTEMPATH\Database\MySQLi\Connection.php on line 292.
 1 SYSTEMPATH\Database\MySQLi\Connection.php(292): mysqli->query('INSERT INTO `requests` (`user_id`, `employee_email`, `title`, `description`) VALUES (\'7\', \'rok.pozar@workforce.com\', \'\', \'\')', 0)
 2 SYSTEMPATH\Database\BaseConnection.php(666): CodeIgniter\Database\MySQLi\Connection->execute('INSERT INTO `requests` (`user_id`, `employee_email`, `title`, `description`) VALUES (\'7\', \'rok.pozar@workforce.com\', \'\', \'\')')
 3 SYSTEMPATH\Database\BaseConnection.php(593): CodeIgniter\Database\BaseConnection->simpleQuery('INSERT INTO `requests` (`user_id`, `employee_email`, `title`, `description`) VALUES (\'7\', \'rok.pozar@workforce.com\', \'\', \'\')')
 4 SYSTEMPATH\Database\BaseBuilder.php(1916): CodeIgniter\Database\BaseConnection->query('INSERT INTO `requests` (`user_id`, `employee_email`, `title`, `description`) VALUES (:user_id:, :employee_email:, :title:, :description:)', [...], false)
 5 SYSTEMPATH\Model.php(279): CodeIgniter\Database\BaseBuilder->insert()
 6 SYSTEMPATH\BaseModel.php(749): CodeIgniter\Model->doInsert([...])
 7 SYSTEMPATH\Model.php(667): CodeIgniter\BaseModel->insert([...], false)
 8 SYSTEMPATH\BaseModel.php(659): CodeIgniter\Model->insert([...], false)
 9 APPPATH\Controllers\RequestController.php(35): CodeIgniter\BaseModel->save([...])
10 SYSTEMPATH\CodeIgniter.php(927): App\Controllers\RequestController->request()
11 SYSTEMPATH\CodeIgniter.php(482): CodeIgniter\CodeIgniter->runController(Object(App\Controllers\RequestController))
12 SYSTEMPATH\CodeIgniter.php(351): CodeIgniter\CodeIgniter->handleRequest(null, Object(Config\Cache), false)
13 FCPATH\index.php(67): CodeIgniter\CodeIgniter->run()
CRITICAL - 2023-02-14 15:40:20 --> Object of class App\Models\RequestModel could not be converted to string
in APPPATH\Controllers\RequestController.php on line 35.
 1 SYSTEMPATH\CodeIgniter.php(927): App\Controllers\RequestController->request()
 2 SYSTEMPATH\CodeIgniter.php(482): CodeIgniter\CodeIgniter->runController(Object(App\Controllers\RequestController))
 3 SYSTEMPATH\CodeIgniter.php(351): CodeIgniter\CodeIgniter->handleRequest(null, Object(Config\Cache), false)
 4 FCPATH\index.php(67): CodeIgniter\CodeIgniter->run()
ERROR - 2023-02-14 15:45:10 --> mysqli_sql_exception: Duplicate entry '0' for key 'PRIMARY' in D:\Program Files\xampp\htdocs\workforce\system\Database\MySQLi\Connection.php:292
Stack trace:
#0 D:\Program Files\xampp\htdocs\workforce\system\Database\MySQLi\Connection.php(292): mysqli->query('INSERT INTO `re...', 0)
#1 D:\Program Files\xampp\htdocs\workforce\system\Database\BaseConnection.php(666): CodeIgniter\Database\MySQLi\Connection->execute('INSERT INTO `re...')
#2 D:\Program Files\xampp\htdocs\workforce\system\Database\BaseConnection.php(593): CodeIgniter\Database\BaseConnection->simpleQuery('INSERT INTO `re...')
#3 D:\Program Files\xampp\htdocs\workforce\system\Database\BaseBuilder.php(1916): CodeIgniter\Database\BaseConnection->query('INSERT INTO `re...', Array, false)
#4 D:\Program Files\xampp\htdocs\workforce\system\Model.php(279): CodeIgniter\Database\BaseBuilder->insert()
#5 D:\Program Files\xampp\htdocs\workforce\system\BaseModel.php(749): CodeIgniter\Model->doInsert(Array)
#6 D:\Program Files\xampp\htdocs\workforce\system\Model.php(667): CodeIgniter\BaseModel->insert(Array, true)
#7 D:\Program Files\xampp\htdocs\workforce\app\Controllers\RequestController.php(35): CodeIgniter\Model->insert(Array)
#8 D:\Program Files\xampp\htdocs\workforce\system\CodeIgniter.php(927): App\Controllers\RequestController->request()
#9 D:\Program Files\xampp\htdocs\workforce\system\CodeIgniter.php(482): CodeIgniter\CodeIgniter->runController(Object(App\Controllers\RequestController))
#10 D:\Program Files\xampp\htdocs\workforce\system\CodeIgniter.php(351): CodeIgniter\CodeIgniter->handleRequest(NULL, Object(Config\Cache), false)
#11 D:\Program Files\xampp\htdocs\workforce\public\index.php(67): CodeIgniter\CodeIgniter->run()
#12 {main}
CRITICAL - 2023-02-14 15:45:10 --> Duplicate entry '0' for key 'PRIMARY'
in SYSTEMPATH\Database\MySQLi\Connection.php on line 292.
 1 SYSTEMPATH\Database\MySQLi\Connection.php(292): mysqli->query('INSERT INTO `requests` (`user_id`, `employee_email`, `title`, `description`) VALUES (\'7\', \'rok.pozar@workforce.com\', \'hgfjyfvu6\', \'ksjdhrgv n,djfgdsfhgj\')', 0)
 2 SYSTEMPATH\Database\BaseConnection.php(666): CodeIgniter\Database\MySQLi\Connection->execute('INSERT INTO `requests` (`user_id`, `employee_email`, `title`, `description`) VALUES (\'7\', \'rok.pozar@workforce.com\', \'hgfjyfvu6\', \'ksjdhrgv n,djfgdsfhgj\')')
 3 SYSTEMPATH\Database\BaseConnection.php(593): CodeIgniter\Database\BaseConnection->simpleQuery('INSERT INTO `requests` (`user_id`, `employee_email`, `title`, `description`) VALUES (\'7\', \'rok.pozar@workforce.com\', \'hgfjyfvu6\', \'ksjdhrgv n,djfgdsfhgj\')')
 4 SYSTEMPATH\Database\BaseBuilder.php(1916): CodeIgniter\Database\BaseConnection->query('INSERT INTO `requests` (`user_id`, `employee_email`, `title`, `description`) VALUES (:user_id:, :employee_email:, :title:, :description:)', [...], false)
 5 SYSTEMPATH\Model.php(279): CodeIgniter\Database\BaseBuilder->insert()
 6 SYSTEMPATH\BaseModel.php(749): CodeIgniter\Model->doInsert([...])
 7 SYSTEMPATH\Model.php(667): CodeIgniter\BaseModel->insert([...], true)
 8 APPPATH\Controllers\RequestController.php(35): CodeIgniter\Model->insert([...])
 9 SYSTEMPATH\CodeIgniter.php(927): App\Controllers\RequestController->request()
10 SYSTEMPATH\CodeIgniter.php(482): CodeIgniter\CodeIgniter->runController(Object(App\Controllers\RequestController))
11 SYSTEMPATH\CodeIgniter.php(351): CodeIgniter\CodeIgniter->handleRequest(null, Object(Config\Cache), false)
12 FCPATH\index.php(67): CodeIgniter\CodeIgniter->run()
