CRITICAL - 2023-05-16 13:33:06 --> Undefined variable $notice
in APPPATH\Views\notification.php on line 146.
 1 APPPATH\Views\notification.php(146): CodeIgniter\Debug\Exceptions->errorHandler(2, 'Undefined variable $notice', 'APPPATH\\Views\\notification.php', 146)
 2 SYSTEMPATH\View\View.php(213): include('APPPATH\\Views\\notification.php')
 3 SYSTEMPATH\View\View.php(216): CodeIgniter\View\View->CodeIgniter\View\{closure}()
 4 SYSTEMPATH\Common.php(1134): CodeIgniter\View\View->render('/notification', [], true)
 5 APPPATH\Controllers\NotificationController.php(14): view('/notification')
 6 SYSTEMPATH\CodeIgniter.php(927): App\Controllers\NotificationController->index()
 7 SYSTEMPATH\CodeIgniter.php(482): CodeIgniter\CodeIgniter->runController(Object(App\Controllers\NotificationController))
 8 SYSTEMPATH\CodeIgniter.php(351): CodeIgniter\CodeIgniter->handleRequest(null, Object(Config\Cache), false)
 9 FCPATH\index.php(67): CodeIgniter\CodeIgniter->run()
ERROR - 2023-05-16 14:23:21 --> mysqli_sql_exception: Table 'codeigniter_db.shedule' doesn't exist in D:\Program Files\xampp\htdocs\workforce\system\Database\MySQLi\Connection.php:292
Stack trace:
#0 D:\Program Files\xampp\htdocs\workforce\system\Database\MySQLi\Connection.php(292): mysqli->query('SELECT * FROM s...', 0)
#1 D:\Program Files\xampp\htdocs\workforce\system\Database\BaseConnection.php(666): CodeIgniter\Database\MySQLi\Connection->execute('SELECT * FROM s...')
#2 D:\Program Files\xampp\htdocs\workforce\system\Database\BaseConnection.php(593): CodeIgniter\Database\BaseConnection->simpleQuery('SELECT * FROM s...')
#3 D:\Program Files\xampp\htdocs\workforce\app\Controllers\ScheduleController.php(13): CodeIgniter\Database\BaseConnection->query('SELECT * FROM s...')
#4 D:\Program Files\xampp\htdocs\workforce\system\CodeIgniter.php(927): App\Controllers\ScheduleController->index()
#5 D:\Program Files\xampp\htdocs\workforce\system\CodeIgniter.php(482): CodeIgniter\CodeIgniter->runController(Object(App\Controllers\ScheduleController))
#6 D:\Program Files\xampp\htdocs\workforce\system\CodeIgniter.php(351): CodeIgniter\CodeIgniter->handleRequest(NULL, Object(Config\Cache), false)
#7 D:\Program Files\xampp\htdocs\workforce\public\index.php(67): CodeIgniter\CodeIgniter->run()
#8 {main}
CRITICAL - 2023-05-16 14:23:21 --> Table 'codeigniter_db.shedule' doesn't exist
in SYSTEMPATH\Database\MySQLi\Connection.php on line 292.
 1 SYSTEMPATH\Database\MySQLi\Connection.php(292): mysqli->query('SELECT * FROM shedule', 0)
 2 SYSTEMPATH\Database\BaseConnection.php(666): CodeIgniter\Database\MySQLi\Connection->execute('SELECT * FROM shedule')
 3 SYSTEMPATH\Database\BaseConnection.php(593): CodeIgniter\Database\BaseConnection->simpleQuery('SELECT * FROM shedule')
 4 APPPATH\Controllers\ScheduleController.php(13): CodeIgniter\Database\BaseConnection->query('SELECT * FROM shedule')
 5 SYSTEMPATH\CodeIgniter.php(927): App\Controllers\ScheduleController->index()
 6 SYSTEMPATH\CodeIgniter.php(482): CodeIgniter\CodeIgniter->runController(Object(App\Controllers\ScheduleController))
 7 SYSTEMPATH\CodeIgniter.php(351): CodeIgniter\CodeIgniter->handleRequest(null, Object(Config\Cache), false)
 8 FCPATH\index.php(67): CodeIgniter\CodeIgniter->run()
ERROR - 2023-05-16 14:24:24 --> mysqli_sql_exception: Table 'codeigniter_db.shedule' doesn't exist in D:\Program Files\xampp\htdocs\workforce\system\Database\MySQLi\Connection.php:292
Stack trace:
#0 D:\Program Files\xampp\htdocs\workforce\system\Database\MySQLi\Connection.php(292): mysqli->query('SELECT * FROM s...', 0)
#1 D:\Program Files\xampp\htdocs\workforce\system\Database\BaseConnection.php(666): CodeIgniter\Database\MySQLi\Connection->execute('SELECT * FROM s...')
#2 D:\Program Files\xampp\htdocs\workforce\system\Database\BaseConnection.php(593): CodeIgniter\Database\BaseConnection->simpleQuery('SELECT * FROM s...')
#3 D:\Program Files\xampp\htdocs\workforce\app\Controllers\ScheduleController.php(13): CodeIgniter\Database\BaseConnection->query('SELECT * FROM s...')
#4 D:\Program Files\xampp\htdocs\workforce\system\CodeIgniter.php(927): App\Controllers\ScheduleController->index()
#5 D:\Program Files\xampp\htdocs\workforce\system\CodeIgniter.php(482): CodeIgniter\CodeIgniter->runController(Object(App\Controllers\ScheduleController))
#6 D:\Program Files\xampp\htdocs\workforce\system\CodeIgniter.php(351): CodeIgniter\CodeIgniter->handleRequest(NULL, Object(Config\Cache), false)
#7 D:\Program Files\xampp\htdocs\workforce\public\index.php(67): CodeIgniter\CodeIgniter->run()
#8 {main}
CRITICAL - 2023-05-16 14:24:24 --> Table 'codeigniter_db.shedule' doesn't exist
in SYSTEMPATH\Database\MySQLi\Connection.php on line 292.
 1 SYSTEMPATH\Database\MySQLi\Connection.php(292): mysqli->query('SELECT * FROM shedule', 0)
 2 SYSTEMPATH\Database\BaseConnection.php(666): CodeIgniter\Database\MySQLi\Connection->execute('SELECT * FROM shedule')
 3 SYSTEMPATH\Database\BaseConnection.php(593): CodeIgniter\Database\BaseConnection->simpleQuery('SELECT * FROM shedule')
 4 APPPATH\Controllers\ScheduleController.php(13): CodeIgniter\Database\BaseConnection->query('SELECT * FROM shedule')
 5 SYSTEMPATH\CodeIgniter.php(927): App\Controllers\ScheduleController->index()
 6 SYSTEMPATH\CodeIgniter.php(482): CodeIgniter\CodeIgniter->runController(Object(App\Controllers\ScheduleController))
 7 SYSTEMPATH\CodeIgniter.php(351): CodeIgniter\CodeIgniter->handleRequest(null, Object(Config\Cache), false)
 8 FCPATH\index.php(67): CodeIgniter\CodeIgniter->run()
ERROR - 2023-05-16 14:24:33 --> mysqli_sql_exception: Table 'codeigniter_db.shedule' doesn't exist in D:\Program Files\xampp\htdocs\workforce\system\Database\MySQLi\Connection.php:292
Stack trace:
#0 D:\Program Files\xampp\htdocs\workforce\system\Database\MySQLi\Connection.php(292): mysqli->query('SELECT * FROM s...', 0)
#1 D:\Program Files\xampp\htdocs\workforce\system\Database\BaseConnection.php(666): CodeIgniter\Database\MySQLi\Connection->execute('SELECT * FROM s...')
#2 D:\Program Files\xampp\htdocs\workforce\system\Database\BaseConnection.php(593): CodeIgniter\Database\BaseConnection->simpleQuery('SELECT * FROM s...')
#3 D:\Program Files\xampp\htdocs\workforce\app\Controllers\ScheduleController.php(13): CodeIgniter\Database\BaseConnection->query('SELECT * FROM s...')
#4 D:\Program Files\xampp\htdocs\workforce\system\CodeIgniter.php(927): App\Controllers\ScheduleController->index()
#5 D:\Program Files\xampp\htdocs\workforce\system\CodeIgniter.php(482): CodeIgniter\CodeIgniter->runController(Object(App\Controllers\ScheduleController))
#6 D:\Program Files\xampp\htdocs\workforce\system\CodeIgniter.php(351): CodeIgniter\CodeIgniter->handleRequest(NULL, Object(Config\Cache), false)
#7 D:\Program Files\xampp\htdocs\workforce\public\index.php(67): CodeIgniter\CodeIgniter->run()
#8 {main}
CRITICAL - 2023-05-16 14:24:33 --> Table 'codeigniter_db.shedule' doesn't exist
in SYSTEMPATH\Database\MySQLi\Connection.php on line 292.
 1 SYSTEMPATH\Database\MySQLi\Connection.php(292): mysqli->query('SELECT * FROM shedule', 0)
 2 SYSTEMPATH\Database\BaseConnection.php(666): CodeIgniter\Database\MySQLi\Connection->execute('SELECT * FROM shedule')
 3 SYSTEMPATH\Database\BaseConnection.php(593): CodeIgniter\Database\BaseConnection->simpleQuery('SELECT * FROM shedule')
 4 APPPATH\Controllers\ScheduleController.php(13): CodeIgniter\Database\BaseConnection->query('SELECT * FROM shedule')
 5 SYSTEMPATH\CodeIgniter.php(927): App\Controllers\ScheduleController->index()
 6 SYSTEMPATH\CodeIgniter.php(482): CodeIgniter\CodeIgniter->runController(Object(App\Controllers\ScheduleController))
 7 SYSTEMPATH\CodeIgniter.php(351): CodeIgniter\CodeIgniter->handleRequest(null, Object(Config\Cache), false)
 8 FCPATH\index.php(67): CodeIgniter\CodeIgniter->run()
ERROR - 2023-05-16 14:27:50 --> mysqli_sql_exception: Table 'codeigniter_db.shedule' doesn't exist in D:\Program Files\xampp\htdocs\workforce\system\Database\MySQLi\Connection.php:292
Stack trace:
#0 D:\Program Files\xampp\htdocs\workforce\system\Database\MySQLi\Connection.php(292): mysqli->query('SELECT * FROM s...', 0)
#1 D:\Program Files\xampp\htdocs\workforce\system\Database\BaseConnection.php(666): CodeIgniter\Database\MySQLi\Connection->execute('SELECT * FROM s...')
#2 D:\Program Files\xampp\htdocs\workforce\system\Database\BaseConnection.php(593): CodeIgniter\Database\BaseConnection->simpleQuery('SELECT * FROM s...')
#3 D:\Program Files\xampp\htdocs\workforce\app\Controllers\ScheduleController.php(14): CodeIgniter\Database\BaseConnection->query('SELECT * FROM s...')
#4 D:\Program Files\xampp\htdocs\workforce\system\CodeIgniter.php(927): App\Controllers\ScheduleController->index()
#5 D:\Program Files\xampp\htdocs\workforce\system\CodeIgniter.php(482): CodeIgniter\CodeIgniter->runController(Object(App\Controllers\ScheduleController))
#6 D:\Program Files\xampp\htdocs\workforce\system\CodeIgniter.php(351): CodeIgniter\CodeIgniter->handleRequest(NULL, Object(Config\Cache), false)
#7 D:\Program Files\xampp\htdocs\workforce\public\index.php(67): CodeIgniter\CodeIgniter->run()
#8 {main}
CRITICAL - 2023-05-16 14:27:50 --> Table 'codeigniter_db.shedule' doesn't exist
in SYSTEMPATH\Database\MySQLi\Connection.php on line 292.
 1 SYSTEMPATH\Database\MySQLi\Connection.php(292): mysqli->query('SELECT * FROM shedule', 0)
 2 SYSTEMPATH\Database\BaseConnection.php(666): CodeIgniter\Database\MySQLi\Connection->execute('SELECT * FROM shedule')
 3 SYSTEMPATH\Database\BaseConnection.php(593): CodeIgniter\Database\BaseConnection->simpleQuery('SELECT * FROM shedule')
 4 APPPATH\Controllers\ScheduleController.php(14): CodeIgniter\Database\BaseConnection->query('SELECT * FROM shedule')
 5 SYSTEMPATH\CodeIgniter.php(927): App\Controllers\ScheduleController->index()
 6 SYSTEMPATH\CodeIgniter.php(482): CodeIgniter\CodeIgniter->runController(Object(App\Controllers\ScheduleController))
 7 SYSTEMPATH\CodeIgniter.php(351): CodeIgniter\CodeIgniter->handleRequest(null, Object(Config\Cache), false)
 8 FCPATH\index.php(67): CodeIgniter\CodeIgniter->run()
ERROR - 2023-05-16 14:28:27 --> mysqli_sql_exception: Table 'codeigniter_db.shedule' doesn't exist in D:\Program Files\xampp\htdocs\workforce\system\Database\MySQLi\Connection.php:292
Stack trace:
#0 D:\Program Files\xampp\htdocs\workforce\system\Database\MySQLi\Connection.php(292): mysqli->query('SELECT * FROM s...', 0)
#1 D:\Program Files\xampp\htdocs\workforce\system\Database\BaseConnection.php(666): CodeIgniter\Database\MySQLi\Connection->execute('SELECT * FROM s...')
#2 D:\Program Files\xampp\htdocs\workforce\system\Database\BaseConnection.php(593): CodeIgniter\Database\BaseConnection->simpleQuery('SELECT * FROM s...')
#3 D:\Program Files\xampp\htdocs\workforce\app\Controllers\ScheduleController.php(14): CodeIgniter\Database\BaseConnection->query('SELECT * FROM s...')
#4 D:\Program Files\xampp\htdocs\workforce\system\CodeIgniter.php(927): App\Controllers\ScheduleController->index()
#5 D:\Program Files\xampp\htdocs\workforce\system\CodeIgniter.php(482): CodeIgniter\CodeIgniter->runController(Object(App\Controllers\ScheduleController))
#6 D:\Program Files\xampp\htdocs\workforce\system\CodeIgniter.php(351): CodeIgniter\CodeIgniter->handleRequest(NULL, Object(Config\Cache), false)
#7 D:\Program Files\xampp\htdocs\workforce\public\index.php(67): CodeIgniter\CodeIgniter->run()
#8 {main}
CRITICAL - 2023-05-16 14:28:27 --> Table 'codeigniter_db.shedule' doesn't exist
in SYSTEMPATH\Database\MySQLi\Connection.php on line 292.
 1 SYSTEMPATH\Database\MySQLi\Connection.php(292): mysqli->query('SELECT * FROM shedule', 0)
 2 SYSTEMPATH\Database\BaseConnection.php(666): CodeIgniter\Database\MySQLi\Connection->execute('SELECT * FROM shedule')
 3 SYSTEMPATH\Database\BaseConnection.php(593): CodeIgniter\Database\BaseConnection->simpleQuery('SELECT * FROM shedule')
 4 APPPATH\Controllers\ScheduleController.php(14): CodeIgniter\Database\BaseConnection->query('SELECT * FROM shedule')
 5 SYSTEMPATH\CodeIgniter.php(927): App\Controllers\ScheduleController->index()
 6 SYSTEMPATH\CodeIgniter.php(482): CodeIgniter\CodeIgniter->runController(Object(App\Controllers\ScheduleController))
 7 SYSTEMPATH\CodeIgniter.php(351): CodeIgniter\CodeIgniter->handleRequest(null, Object(Config\Cache), false)
 8 FCPATH\index.php(67): CodeIgniter\CodeIgniter->run()
ERROR - 2023-05-16 14:30:18 --> mysqli_sql_exception: Table 'codeigniter_db.shedule' doesn't exist in D:\Program Files\xampp\htdocs\workforce\system\Database\MySQLi\Connection.php:292
Stack trace:
#0 D:\Program Files\xampp\htdocs\workforce\system\Database\MySQLi\Connection.php(292): mysqli->query('SELECT * FROM s...', 0)
#1 D:\Program Files\xampp\htdocs\workforce\system\Database\BaseConnection.php(666): CodeIgniter\Database\MySQLi\Connection->execute('SELECT * FROM s...')
#2 D:\Program Files\xampp\htdocs\workforce\system\Database\BaseConnection.php(593): CodeIgniter\Database\BaseConnection->simpleQuery('SELECT * FROM s...')
#3 D:\Program Files\xampp\htdocs\workforce\app\Controllers\ScheduleController.php(14): CodeIgniter\Database\BaseConnection->query('SELECT * FROM s...')
#4 D:\Program Files\xampp\htdocs\workforce\system\CodeIgniter.php(927): App\Controllers\ScheduleController->index()
#5 D:\Program Files\xampp\htdocs\workforce\system\CodeIgniter.php(482): CodeIgniter\CodeIgniter->runController(Object(App\Controllers\ScheduleController))
#6 D:\Program Files\xampp\htdocs\workforce\system\CodeIgniter.php(351): CodeIgniter\CodeIgniter->handleRequest(NULL, Object(Config\Cache), false)
#7 D:\Program Files\xampp\htdocs\workforce\public\index.php(67): CodeIgniter\CodeIgniter->run()
#8 {main}
CRITICAL - 2023-05-16 14:30:18 --> Table 'codeigniter_db.shedule' doesn't exist
in SYSTEMPATH\Database\MySQLi\Connection.php on line 292.
 1 SYSTEMPATH\Database\MySQLi\Connection.php(292): mysqli->query('SELECT * FROM shedule', 0)
 2 SYSTEMPATH\Database\BaseConnection.php(666): CodeIgniter\Database\MySQLi\Connection->execute('SELECT * FROM shedule')
 3 SYSTEMPATH\Database\BaseConnection.php(593): CodeIgniter\Database\BaseConnection->simpleQuery('SELECT * FROM shedule')
 4 APPPATH\Controllers\ScheduleController.php(14): CodeIgniter\Database\BaseConnection->query('SELECT * FROM shedule')
 5 SYSTEMPATH\CodeIgniter.php(927): App\Controllers\ScheduleController->index()
 6 SYSTEMPATH\CodeIgniter.php(482): CodeIgniter\CodeIgniter->runController(Object(App\Controllers\ScheduleController))
 7 SYSTEMPATH\CodeIgniter.php(351): CodeIgniter\CodeIgniter->handleRequest(null, Object(Config\Cache), false)
 8 FCPATH\index.php(67): CodeIgniter\CodeIgniter->run()
ERROR - 2023-05-16 14:30:20 --> mysqli_sql_exception: Table 'codeigniter_db.shedule' doesn't exist in D:\Program Files\xampp\htdocs\workforce\system\Database\MySQLi\Connection.php:292
Stack trace:
#0 D:\Program Files\xampp\htdocs\workforce\system\Database\MySQLi\Connection.php(292): mysqli->query('SELECT * FROM s...', 0)
#1 D:\Program Files\xampp\htdocs\workforce\system\Database\BaseConnection.php(666): CodeIgniter\Database\MySQLi\Connection->execute('SELECT * FROM s...')
#2 D:\Program Files\xampp\htdocs\workforce\system\Database\BaseConnection.php(593): CodeIgniter\Database\BaseConnection->simpleQuery('SELECT * FROM s...')
#3 D:\Program Files\xampp\htdocs\workforce\app\Controllers\ScheduleController.php(14): CodeIgniter\Database\BaseConnection->query('SELECT * FROM s...')
#4 D:\Program Files\xampp\htdocs\workforce\system\CodeIgniter.php(927): App\Controllers\ScheduleController->index()
#5 D:\Program Files\xampp\htdocs\workforce\system\CodeIgniter.php(482): CodeIgniter\CodeIgniter->runController(Object(App\Controllers\ScheduleController))
#6 D:\Program Files\xampp\htdocs\workforce\system\CodeIgniter.php(351): CodeIgniter\CodeIgniter->handleRequest(NULL, Object(Config\Cache), false)
#7 D:\Program Files\xampp\htdocs\workforce\public\index.php(67): CodeIgniter\CodeIgniter->run()
#8 {main}
CRITICAL - 2023-05-16 14:30:20 --> Table 'codeigniter_db.shedule' doesn't exist
in SYSTEMPATH\Database\MySQLi\Connection.php on line 292.
 1 SYSTEMPATH\Database\MySQLi\Connection.php(292): mysqli->query('SELECT * FROM shedule', 0)
 2 SYSTEMPATH\Database\BaseConnection.php(666): CodeIgniter\Database\MySQLi\Connection->execute('SELECT * FROM shedule')
 3 SYSTEMPATH\Database\BaseConnection.php(593): CodeIgniter\Database\BaseConnection->simpleQuery('SELECT * FROM shedule')
 4 APPPATH\Controllers\ScheduleController.php(14): CodeIgniter\Database\BaseConnection->query('SELECT * FROM shedule')
 5 SYSTEMPATH\CodeIgniter.php(927): App\Controllers\ScheduleController->index()
 6 SYSTEMPATH\CodeIgniter.php(482): CodeIgniter\CodeIgniter->runController(Object(App\Controllers\ScheduleController))
 7 SYSTEMPATH\CodeIgniter.php(351): CodeIgniter\CodeIgniter->handleRequest(null, Object(Config\Cache), false)
 8 FCPATH\index.php(67): CodeIgniter\CodeIgniter->run()
ERROR - 2023-05-16 14:30:23 --> mysqli_sql_exception: Table 'codeigniter_db.shedule' doesn't exist in D:\Program Files\xampp\htdocs\workforce\system\Database\MySQLi\Connection.php:292
Stack trace:
#0 D:\Program Files\xampp\htdocs\workforce\system\Database\MySQLi\Connection.php(292): mysqli->query('SELECT * FROM s...', 0)
#1 D:\Program Files\xampp\htdocs\workforce\system\Database\BaseConnection.php(666): CodeIgniter\Database\MySQLi\Connection->execute('SELECT * FROM s...')
#2 D:\Program Files\xampp\htdocs\workforce\system\Database\BaseConnection.php(593): CodeIgniter\Database\BaseConnection->simpleQuery('SELECT * FROM s...')
#3 D:\Program Files\xampp\htdocs\workforce\app\Controllers\ScheduleController.php(14): CodeIgniter\Database\BaseConnection->query('SELECT * FROM s...')
#4 D:\Program Files\xampp\htdocs\workforce\system\CodeIgniter.php(927): App\Controllers\ScheduleController->index()
#5 D:\Program Files\xampp\htdocs\workforce\system\CodeIgniter.php(482): CodeIgniter\CodeIgniter->runController(Object(App\Controllers\ScheduleController))
#6 D:\Program Files\xampp\htdocs\workforce\system\CodeIgniter.php(351): CodeIgniter\CodeIgniter->handleRequest(NULL, Object(Config\Cache), false)
#7 D:\Program Files\xampp\htdocs\workforce\public\index.php(67): CodeIgniter\CodeIgniter->run()
#8 {main}
CRITICAL - 2023-05-16 14:30:23 --> Table 'codeigniter_db.shedule' doesn't exist
in SYSTEMPATH\Database\MySQLi\Connection.php on line 292.
 1 SYSTEMPATH\Database\MySQLi\Connection.php(292): mysqli->query('SELECT * FROM shedule', 0)
 2 SYSTEMPATH\Database\BaseConnection.php(666): CodeIgniter\Database\MySQLi\Connection->execute('SELECT * FROM shedule')
 3 SYSTEMPATH\Database\BaseConnection.php(593): CodeIgniter\Database\BaseConnection->simpleQuery('SELECT * FROM shedule')
 4 APPPATH\Controllers\ScheduleController.php(14): CodeIgniter\Database\BaseConnection->query('SELECT * FROM shedule')
 5 SYSTEMPATH\CodeIgniter.php(927): App\Controllers\ScheduleController->index()
 6 SYSTEMPATH\CodeIgniter.php(482): CodeIgniter\CodeIgniter->runController(Object(App\Controllers\ScheduleController))
 7 SYSTEMPATH\CodeIgniter.php(351): CodeIgniter\CodeIgniter->handleRequest(null, Object(Config\Cache), false)
 8 FCPATH\index.php(67): CodeIgniter\CodeIgniter->run()
ERROR - 2023-05-16 14:30:34 --> mysqli_sql_exception: Table 'codeigniter_db.shedule' doesn't exist in D:\Program Files\xampp\htdocs\workforce\system\Database\MySQLi\Connection.php:292
Stack trace:
#0 D:\Program Files\xampp\htdocs\workforce\system\Database\MySQLi\Connection.php(292): mysqli->query('SELECT * FROM s...', 0)
#1 D:\Program Files\xampp\htdocs\workforce\system\Database\BaseConnection.php(666): CodeIgniter\Database\MySQLi\Connection->execute('SELECT * FROM s...')
#2 D:\Program Files\xampp\htdocs\workforce\system\Database\BaseConnection.php(593): CodeIgniter\Database\BaseConnection->simpleQuery('SELECT * FROM s...')
#3 D:\Program Files\xampp\htdocs\workforce\app\Controllers\ScheduleController.php(14): CodeIgniter\Database\BaseConnection->query('SELECT * FROM s...')
#4 D:\Program Files\xampp\htdocs\workforce\system\CodeIgniter.php(927): App\Controllers\ScheduleController->index()
#5 D:\Program Files\xampp\htdocs\workforce\system\CodeIgniter.php(482): CodeIgniter\CodeIgniter->runController(Object(App\Controllers\ScheduleController))
#6 D:\Program Files\xampp\htdocs\workforce\system\CodeIgniter.php(351): CodeIgniter\CodeIgniter->handleRequest(NULL, Object(Config\Cache), false)
#7 D:\Program Files\xampp\htdocs\workforce\public\index.php(67): CodeIgniter\CodeIgniter->run()
#8 {main}
CRITICAL - 2023-05-16 14:30:34 --> Table 'codeigniter_db.shedule' doesn't exist
in SYSTEMPATH\Database\MySQLi\Connection.php on line 292.
 1 SYSTEMPATH\Database\MySQLi\Connection.php(292): mysqli->query('SELECT * FROM shedule', 0)
 2 SYSTEMPATH\Database\BaseConnection.php(666): CodeIgniter\Database\MySQLi\Connection->execute('SELECT * FROM shedule')
 3 SYSTEMPATH\Database\BaseConnection.php(593): CodeIgniter\Database\BaseConnection->simpleQuery('SELECT * FROM shedule')
 4 APPPATH\Controllers\ScheduleController.php(14): CodeIgniter\Database\BaseConnection->query('SELECT * FROM shedule')
 5 SYSTEMPATH\CodeIgniter.php(927): App\Controllers\ScheduleController->index()
 6 SYSTEMPATH\CodeIgniter.php(482): CodeIgniter\CodeIgniter->runController(Object(App\Controllers\ScheduleController))
 7 SYSTEMPATH\CodeIgniter.php(351): CodeIgniter\CodeIgniter->handleRequest(null, Object(Config\Cache), false)
 8 FCPATH\index.php(67): CodeIgniter\CodeIgniter->run()
CRITICAL - 2023-05-16 14:36:35 --> Undefined property: App\Controllers\ScheduleController::$load
in APPPATH\Controllers\ScheduleController.php on line 9.
 1 APPPATH\Controllers\ScheduleController.php(9): CodeIgniter\Debug\Exceptions->errorHandler(2, 'Undefined property: App\\Controllers\\ScheduleController::$load', 'APPPATH\\Controllers\\ScheduleController.php', 9)
 2 SYSTEMPATH\CodeIgniter.php(927): App\Controllers\ScheduleController->index()
 3 SYSTEMPATH\CodeIgniter.php(482): CodeIgniter\CodeIgniter->runController(Object(App\Controllers\ScheduleController))
 4 SYSTEMPATH\CodeIgniter.php(351): CodeIgniter\CodeIgniter->handleRequest(null, Object(Config\Cache), false)
 5 FCPATH\index.php(67): CodeIgniter\CodeIgniter->run()
CRITICAL - 2023-05-16 14:37:46 --> Undefined property: App\Controllers\ScheduleController::$load
in APPPATH\Controllers\ScheduleController.php on line 9.
 1 APPPATH\Controllers\ScheduleController.php(9): CodeIgniter\Debug\Exceptions->errorHandler(2, 'Undefined property: App\\Controllers\\ScheduleController::$load', 'APPPATH\\Controllers\\ScheduleController.php', 9)
 2 SYSTEMPATH\CodeIgniter.php(927): App\Controllers\ScheduleController->index()
 3 SYSTEMPATH\CodeIgniter.php(482): CodeIgniter\CodeIgniter->runController(Object(App\Controllers\ScheduleController))
 4 SYSTEMPATH\CodeIgniter.php(351): CodeIgniter\CodeIgniter->handleRequest(null, Object(Config\Cache), false)
 5 FCPATH\index.php(67): CodeIgniter\CodeIgniter->run()
CRITICAL - 2023-05-16 14:44:47 --> Undefined property: App\Controllers\ScheduleController::$load
in APPPATH\Controllers\ScheduleController.php on line 8.
 1 APPPATH\Controllers\ScheduleController.php(8): CodeIgniter\Debug\Exceptions->errorHandler(2, 'Undefined property: App\\Controllers\\ScheduleController::$load', 'APPPATH\\Controllers\\ScheduleController.php', 8)
 2 SYSTEMPATH\CodeIgniter.php(927): App\Controllers\ScheduleController->index()
 3 SYSTEMPATH\CodeIgniter.php(482): CodeIgniter\CodeIgniter->runController(Object(App\Controllers\ScheduleController))
 4 SYSTEMPATH\CodeIgniter.php(351): CodeIgniter\CodeIgniter->handleRequest(null, Object(Config\Cache), false)
 5 FCPATH\index.php(67): CodeIgniter\CodeIgniter->run()
CRITICAL - 2023-05-16 14:46:18 --> Undefined property: App\Controllers\ScheduleController::$load
in APPPATH\Controllers\ScheduleController.php on line 8.
 1 APPPATH\Controllers\ScheduleController.php(8): CodeIgniter\Debug\Exceptions->errorHandler(2, 'Undefined property: App\\Controllers\\ScheduleController::$load', 'APPPATH\\Controllers\\ScheduleController.php', 8)
 2 SYSTEMPATH\CodeIgniter.php(927): App\Controllers\ScheduleController->index()
 3 SYSTEMPATH\CodeIgniter.php(482): CodeIgniter\CodeIgniter->runController(Object(App\Controllers\ScheduleController))
 4 SYSTEMPATH\CodeIgniter.php(351): CodeIgniter\CodeIgniter->handleRequest(null, Object(Config\Cache), false)
 5 FCPATH\index.php(67): CodeIgniter\CodeIgniter->run()
CRITICAL - 2023-05-16 14:47:09 --> Undefined property: App\Controllers\ScheduleController::$load
in APPPATH\Controllers\ScheduleController.php on line 8.
 1 APPPATH\Controllers\ScheduleController.php(8): CodeIgniter\Debug\Exceptions->errorHandler(2, 'Undefined property: App\\Controllers\\ScheduleController::$load', 'APPPATH\\Controllers\\ScheduleController.php', 8)
 2 SYSTEMPATH\CodeIgniter.php(927): App\Controllers\ScheduleController->index()
 3 SYSTEMPATH\CodeIgniter.php(482): CodeIgniter\CodeIgniter->runController(Object(App\Controllers\ScheduleController))
 4 SYSTEMPATH\CodeIgniter.php(351): CodeIgniter\CodeIgniter->handleRequest(null, Object(Config\Cache), false)
 5 FCPATH\index.php(67): CodeIgniter\CodeIgniter->run()
CRITICAL - 2023-05-16 14:51:15 --> Cannot call constructor
in APPPATH\Controllers\ScheduleController.php on line 8.
 1 SYSTEMPATH\CodeIgniter.php(889): App\Controllers\ScheduleController->__construct()
 2 SYSTEMPATH\CodeIgniter.php(473): CodeIgniter\CodeIgniter->createController()
 3 SYSTEMPATH\CodeIgniter.php(351): CodeIgniter\CodeIgniter->handleRequest(null, Object(Config\Cache), false)
 4 FCPATH\index.php(67): CodeIgniter\CodeIgniter->run()
CRITICAL - 2023-05-16 14:54:17 --> Call to a member function library() on null
in APPPATH\Controllers\ScheduleController.php on line 10.
 1 SYSTEMPATH\CodeIgniter.php(927): App\Controllers\ScheduleController->index()
 2 SYSTEMPATH\CodeIgniter.php(482): CodeIgniter\CodeIgniter->runController(Object(App\Controllers\ScheduleController))
 3 SYSTEMPATH\CodeIgniter.php(351): CodeIgniter\CodeIgniter->handleRequest(null, Object(Config\Cache), false)
 4 FCPATH\index.php(67): CodeIgniter\CodeIgniter->run()
CRITICAL - 2023-05-16 14:54:48 --> Undefined property: App\Controllers\ScheduleController::$load
in APPPATH\Controllers\ScheduleController.php on line 9.
 1 APPPATH\Controllers\ScheduleController.php(9): CodeIgniter\Debug\Exceptions->errorHandler(2, 'Undefined property: App\\Controllers\\ScheduleController::$load', 'APPPATH\\Controllers\\ScheduleController.php', 9)
 2 SYSTEMPATH\CodeIgniter.php(927): App\Controllers\ScheduleController->index()
 3 SYSTEMPATH\CodeIgniter.php(482): CodeIgniter\CodeIgniter->runController(Object(App\Controllers\ScheduleController))
 4 SYSTEMPATH\CodeIgniter.php(351): CodeIgniter\CodeIgniter->handleRequest(null, Object(Config\Cache), false)
 5 FCPATH\index.php(67): CodeIgniter\CodeIgniter->run()
CRITICAL - 2023-05-16 14:55:20 --> Undefined property: App\Controllers\ScheduleController::$load
in APPPATH\Controllers\ScheduleController.php on line 9.
 1 APPPATH\Controllers\ScheduleController.php(9): CodeIgniter\Debug\Exceptions->errorHandler(2, 'Undefined property: App\\Controllers\\ScheduleController::$load', 'APPPATH\\Controllers\\ScheduleController.php', 9)
 2 SYSTEMPATH\CodeIgniter.php(927): App\Controllers\ScheduleController->index()
 3 SYSTEMPATH\CodeIgniter.php(482): CodeIgniter\CodeIgniter->runController(Object(App\Controllers\ScheduleController))
 4 SYSTEMPATH\CodeIgniter.php(351): CodeIgniter\CodeIgniter->handleRequest(null, Object(Config\Cache), false)
 5 FCPATH\index.php(67): CodeIgniter\CodeIgniter->run()
CRITICAL - 2023-05-16 14:56:15 --> Cannot call constructor
in APPPATH\Controllers\ScheduleController.php on line 8.
 1 SYSTEMPATH\CodeIgniter.php(889): App\Controllers\ScheduleController->__construct()
 2 SYSTEMPATH\CodeIgniter.php(473): CodeIgniter\CodeIgniter->createController()
 3 SYSTEMPATH\CodeIgniter.php(351): CodeIgniter\CodeIgniter->handleRequest(null, Object(Config\Cache), false)
 4 FCPATH\index.php(67): CodeIgniter\CodeIgniter->run()
