CRITICAL - 2023-05-17 14:18:55 --> Cannot call constructor
in APPPATH\Controllers\ScheduleController.php on line 8.
 1 SYSTEMPATH\CodeIgniter.php(889): App\Controllers\ScheduleController->__construct()
 2 SYSTEMPATH\CodeIgniter.php(473): CodeIgniter\CodeIgniter->createController()
 3 SYSTEMPATH\CodeIgniter.php(351): CodeIgniter\CodeIgniter->handleRequest(null, Object(Config\Cache), false)
 4 FCPATH\index.php(67): CodeIgniter\CodeIgniter->run()
CRITICAL - 2023-05-17 14:19:26 --> Cannot call constructor
in APPPATH\Controllers\ScheduleController.php on line 8.
 1 SYSTEMPATH\CodeIgniter.php(889): App\Controllers\ScheduleController->__construct()
 2 SYSTEMPATH\CodeIgniter.php(473): CodeIgniter\CodeIgniter->createController()
 3 SYSTEMPATH\CodeIgniter.php(351): CodeIgniter\CodeIgniter->handleRequest(null, Object(Config\Cache), false)
 4 FCPATH\index.php(67): CodeIgniter\CodeIgniter->run()
CRITICAL - 2023-05-17 14:27:30 --> Cannot call constructor
in APPPATH\Controllers\ScheduleController.php on line 8.
 1 SYSTEMPATH\CodeIgniter.php(889): App\Controllers\ScheduleController->__construct()
 2 SYSTEMPATH\CodeIgniter.php(473): CodeIgniter\CodeIgniter->createController()
 3 SYSTEMPATH\CodeIgniter.php(351): CodeIgniter\CodeIgniter->handleRequest(null, Object(Config\Cache), false)
 4 FCPATH\index.php(67): CodeIgniter\CodeIgniter->run()
CRITICAL - 2023-05-17 14:34:42 --> Undefined property: CodeIgniter\Autoloader\Autoloader::$load
in APPPATH\Controllers\ScheduleController.php on line 4.
 1 APPPATH\Controllers\ScheduleController.php(4): CodeIgniter\Debug\Exceptions->errorHandler(2, 'Undefined property: CodeIgniter\\Autoloader\\Autoloader::$load', 'APPPATH\\Controllers\\ScheduleController.php', 4)
 2 SYSTEMPATH\Autoloader\Autoloader.php(282): include_once('APPPATH\\Controllers\\ScheduleController.php')
 3 SYSTEMPATH\Autoloader\Autoloader.php(259): CodeIgniter\Autoloader\Autoloader->includeFile('APPPATH\\Controllers\\ScheduleController.php')
 4 SYSTEMPATH\Autoloader\Autoloader.php(237): CodeIgniter\Autoloader\Autoloader->loadInNamespace('App\\Controllers\\ScheduleController')
 5 [internal function]: CodeIgniter\Autoloader\Autoloader->loadClass('App\\Controllers\\ScheduleController')
 6 SYSTEMPATH\CodeIgniter.php(877): class_exists('\\App\\Controllers\\ScheduleController', true)
 7 SYSTEMPATH\CodeIgniter.php(469): CodeIgniter\CodeIgniter->startController()
 8 SYSTEMPATH\CodeIgniter.php(351): CodeIgniter\CodeIgniter->handleRequest(null, Object(Config\Cache), false)
 9 FCPATH\index.php(67): CodeIgniter\CodeIgniter->run()
CRITICAL - 2023-05-17 14:37:53 --> Undefined property: CodeIgniter\Autoloader\Autoloader::$load
in APPPATH\Controllers\ScheduleController.php on line 4.
 1 APPPATH\Controllers\ScheduleController.php(4): CodeIgniter\Debug\Exceptions->errorHandler(2, 'Undefined property: CodeIgniter\\Autoloader\\Autoloader::$load', 'APPPATH\\Controllers\\ScheduleController.php', 4)
 2 SYSTEMPATH\Autoloader\Autoloader.php(282): include_once('APPPATH\\Controllers\\ScheduleController.php')
 3 SYSTEMPATH\Autoloader\Autoloader.php(259): CodeIgniter\Autoloader\Autoloader->includeFile('APPPATH\\Controllers\\ScheduleController.php')
 4 SYSTEMPATH\Autoloader\Autoloader.php(237): CodeIgniter\Autoloader\Autoloader->loadInNamespace('App\\Controllers\\ScheduleController')
 5 [internal function]: CodeIgniter\Autoloader\Autoloader->loadClass('App\\Controllers\\ScheduleController')
 6 SYSTEMPATH\CodeIgniter.php(877): class_exists('\\App\\Controllers\\ScheduleController', true)
 7 SYSTEMPATH\CodeIgniter.php(469): CodeIgniter\CodeIgniter->startController()
 8 SYSTEMPATH\CodeIgniter.php(351): CodeIgniter\CodeIgniter->handleRequest(null, Object(Config\Cache), false)
 9 FCPATH\index.php(67): CodeIgniter\CodeIgniter->run()
CRITICAL - 2023-05-17 14:43:13 --> Undefined property: CodeIgniter\Autoloader\Autoloader::$load
in APPPATH\Controllers\ScheduleController.php on line 5.
 1 APPPATH\Controllers\ScheduleController.php(5): CodeIgniter\Debug\Exceptions->errorHandler(2, 'Undefined property: CodeIgniter\\Autoloader\\Autoloader::$load', 'APPPATH\\Controllers\\ScheduleController.php', 5)
 2 SYSTEMPATH\Autoloader\Autoloader.php(282): include_once('APPPATH\\Controllers\\ScheduleController.php')
 3 SYSTEMPATH\Autoloader\Autoloader.php(259): CodeIgniter\Autoloader\Autoloader->includeFile('APPPATH\\Controllers\\ScheduleController.php')
 4 SYSTEMPATH\Autoloader\Autoloader.php(237): CodeIgniter\Autoloader\Autoloader->loadInNamespace('App\\Controllers\\ScheduleController')
 5 [internal function]: CodeIgniter\Autoloader\Autoloader->loadClass('App\\Controllers\\ScheduleController')
 6 SYSTEMPATH\CodeIgniter.php(877): class_exists('\\App\\Controllers\\ScheduleController', true)
 7 SYSTEMPATH\CodeIgniter.php(469): CodeIgniter\CodeIgniter->startController()
 8 SYSTEMPATH\CodeIgniter.php(351): CodeIgniter\CodeIgniter->handleRequest(null, Object(Config\Cache), false)
 9 FCPATH\index.php(67): CodeIgniter\CodeIgniter->run()
CRITICAL - 2023-05-17 14:43:50 --> Undefined property: App\Controllers\ScheduleController::$load
in APPPATH\Controllers\ScheduleController.php on line 8.
 1 APPPATH\Controllers\ScheduleController.php(8): CodeIgniter\Debug\Exceptions->errorHandler(2, 'Undefined property: App\\Controllers\\ScheduleController::$load', 'APPPATH\\Controllers\\ScheduleController.php', 8)
 2 SYSTEMPATH\CodeIgniter.php(927): App\Controllers\ScheduleController->index()
 3 SYSTEMPATH\CodeIgniter.php(482): CodeIgniter\CodeIgniter->runController(Object(App\Controllers\ScheduleController))
 4 SYSTEMPATH\CodeIgniter.php(351): CodeIgniter\CodeIgniter->handleRequest(null, Object(Config\Cache), false)
 5 FCPATH\index.php(67): CodeIgniter\CodeIgniter->run()
