CRITICAL - 2023-05-18 13:54:56 --> Call to undefined function App\Controllers\save()
in APPPATH\Controllers\SignupController.php on line 50.
 1 SYSTEMPATH\CodeIgniter.php(927): App\Controllers\SignupController->store()
 2 SYSTEMPATH\CodeIgniter.php(482): CodeIgniter\CodeIgniter->runController(Object(App\Controllers\SignupController))
 3 SYSTEMPATH\CodeIgniter.php(351): CodeIgniter\CodeIgniter->handleRequest(null, Object(Config\Cache), false)
 4 FCPATH\index.php(67): CodeIgniter\CodeIgniter->run()
CRITICAL - 2023-05-18 13:56:15 --> Call to undefined function App\Controllers\save()
in APPPATH\Controllers\SignupController.php on line 50.
 1 SYSTEMPATH\CodeIgniter.php(927): App\Controllers\SignupController->store()
 2 SYSTEMPATH\CodeIgniter.php(482): CodeIgniter\CodeIgniter->runController(Object(App\Controllers\SignupController))
 3 SYSTEMPATH\CodeIgniter.php(351): CodeIgniter\CodeIgniter->handleRequest(null, Object(Config\Cache), false)
 4 FCPATH\index.php(67): CodeIgniter\CodeIgniter->run()
CRITICAL - 2023-05-18 13:57:26 --> Object of class stdClass could not be converted to string
in SYSTEMPATH\Database\Query.php on line 329.
 1 SYSTEMPATH\Database\Query.php(329): implode(',', [...])
 2 SYSTEMPATH\Database\Query.php(310): CodeIgniter\Database\Query->matchNamedBinds('INSERT INTO `salary` (`user_id`, `working_hours`, `per_hour_rate`, `start_at`, `end_at`) VALUES (:user_id:, :working_hours:, :per_hour_rate:, :start_at:, :end_at:)', [...])
 3 SYSTEMPATH\Database\Query.php(159): CodeIgniter\Database\Query->compileBinds()
 4 SYSTEMPATH\Database\BaseConnection.php(593): CodeIgniter\Database\Query->getQuery()
 5 SYSTEMPATH\Database\BaseBuilder.php(1916): CodeIgniter\Database\BaseConnection->query('INSERT INTO `salary` (`user_id`, `working_hours`, `per_hour_rate`, `start_at`, `end_at`) VALUES (:user_id:, :working_hours:, :per_hour_rate:, :start_at:, :end_at:)', [...], false)
 6 SYSTEMPATH\Model.php(279): CodeIgniter\Database\BaseBuilder->insert()
 7 SYSTEMPATH\BaseModel.php(749): CodeIgniter\Model->doInsert([...])
 8 SYSTEMPATH\Model.php(667): CodeIgniter\BaseModel->insert([...], false)
 9 SYSTEMPATH\BaseModel.php(659): CodeIgniter\Model->insert([...], false)
10 APPPATH\Controllers\SignupController.php(50): CodeIgniter\BaseModel->save([...])
11 SYSTEMPATH\CodeIgniter.php(927): App\Controllers\SignupController->store()
12 SYSTEMPATH\CodeIgniter.php(482): CodeIgniter\CodeIgniter->runController(Object(App\Controllers\SignupController))
13 SYSTEMPATH\CodeIgniter.php(351): CodeIgniter\CodeIgniter->handleRequest(null, Object(Config\Cache), false)
14 FCPATH\index.php(67): CodeIgniter\CodeIgniter->run()
ERROR - 2023-05-18 13:58:22 --> mysqli_sql_exception: Cannot add or update a child row: a foreign key constraint fails (`codeigniter_db`.`salary`, CONSTRAINT `salary_ibfk_1` FOREIGN KEY (`user_id`) REFERENCES `users` (`id`)) in D:\Program Files\xampp\htdocs\workforce\system\Database\MySQLi\Connection.php:292
Stack trace:
#0 D:\Program Files\xampp\htdocs\workforce\system\Database\MySQLi\Connection.php(292): mysqli->query('INSERT INTO `sa...', 0)
#1 D:\Program Files\xampp\htdocs\workforce\system\Database\BaseConnection.php(666): CodeIgniter\Database\MySQLi\Connection->execute('INSERT INTO `sa...')
#2 D:\Program Files\xampp\htdocs\workforce\system\Database\BaseConnection.php(593): CodeIgniter\Database\BaseConnection->simpleQuery('INSERT INTO `sa...')
#3 D:\Program Files\xampp\htdocs\workforce\system\Database\BaseBuilder.php(1916): CodeIgniter\Database\BaseConnection->query('INSERT INTO `sa...', Array, false)
#4 D:\Program Files\xampp\htdocs\workforce\system\Model.php(279): CodeIgniter\Database\BaseBuilder->insert()
#5 D:\Program Files\xampp\htdocs\workforce\system\BaseModel.php(749): CodeIgniter\Model->doInsert(Array)
#6 D:\Program Files\xampp\htdocs\workforce\system\Model.php(667): CodeIgniter\BaseModel->insert(Array, false)
#7 D:\Program Files\xampp\htdocs\workforce\system\BaseModel.php(659): CodeIgniter\Model->insert(Array, false)
#8 D:\Program Files\xampp\htdocs\workforce\app\Controllers\SignupController.php(50): CodeIgniter\BaseModel->save(Array)
#9 D:\Program Files\xampp\htdocs\workforce\system\CodeIgniter.php(927): App\Controllers\SignupController->store()
#10 D:\Program Files\xampp\htdocs\workforce\system\CodeIgniter.php(482): CodeIgniter\CodeIgniter->runController(Object(App\Controllers\SignupController))
#11 D:\Program Files\xampp\htdocs\workforce\system\CodeIgniter.php(351): CodeIgniter\CodeIgniter->handleRequest(NULL, Object(Config\Cache), false)
#12 D:\Program Files\xampp\htdocs\workforce\public\index.php(67): CodeIgniter\CodeIgniter->run()
#13 {main}
CRITICAL - 2023-05-18 13:58:22 --> Cannot add or update a child row: a foreign key constraint fails (`codeigniter_db`.`salary`, CONSTRAINT `salary_ibfk_1` FOREIGN KEY (`user_id`) REFERENCES `users` (`id`))
in SYSTEMPATH\Database\MySQLi\Connection.php on line 292.
 1 SYSTEMPATH\Database\MySQLi\Connection.php(292): mysqli->query('INSERT INTO `salary` (`user_id`, `working_hours`, `per_hour_rate`, `start_at`, `end_at`) VALUES (\'34\', \'00:00:00\', \'20.7\', \'00:00:00\', \'00:00:00\')', 0)
 2 SYSTEMPATH\Database\BaseConnection.php(666): CodeIgniter\Database\MySQLi\Connection->execute('INSERT INTO `salary` (`user_id`, `working_hours`, `per_hour_rate`, `start_at`, `end_at`) VALUES (\'34\', \'00:00:00\', \'20.7\', \'00:00:00\', \'00:00:00\')')
 3 SYSTEMPATH\Database\BaseConnection.php(593): CodeIgniter\Database\BaseConnection->simpleQuery('INSERT INTO `salary` (`user_id`, `working_hours`, `per_hour_rate`, `start_at`, `end_at`) VALUES (\'34\', \'00:00:00\', \'20.7\', \'00:00:00\', \'00:00:00\')')
 4 SYSTEMPATH\Database\BaseBuilder.php(1916): CodeIgniter\Database\BaseConnection->query('INSERT INTO `salary` (`user_id`, `working_hours`, `per_hour_rate`, `start_at`, `end_at`) VALUES (:user_id:, :working_hours:, :per_hour_rate:, :start_at:, :end_at:)', [...], false)
 5 SYSTEMPATH\Model.php(279): CodeIgniter\Database\BaseBuilder->insert()
 6 SYSTEMPATH\BaseModel.php(749): CodeIgniter\Model->doInsert([...])
 7 SYSTEMPATH\Model.php(667): CodeIgniter\BaseModel->insert([...], false)
 8 SYSTEMPATH\BaseModel.php(659): CodeIgniter\Model->insert([...], false)
 9 APPPATH\Controllers\SignupController.php(50): CodeIgniter\BaseModel->save([...])
10 SYSTEMPATH\CodeIgniter.php(927): App\Controllers\SignupController->store()
11 SYSTEMPATH\CodeIgniter.php(482): CodeIgniter\CodeIgniter->runController(Object(App\Controllers\SignupController))
12 SYSTEMPATH\CodeIgniter.php(351): CodeIgniter\CodeIgniter->handleRequest(null, Object(Config\Cache), false)
13 FCPATH\index.php(67): CodeIgniter\CodeIgniter->run()
